CRITICAL - 2021-11-01 10:45:32 --> Undefined variable: x_file
#0 C:\xampp\htdocs\almexterno\app\Controllers\Producto.php(280): CodeIgniter\Debug\Exceptions->errorHandler(8, 'Undefined varia...', 'C:\\xampp\\htdocs...', 280, Array)
#1 C:\xampp\htdocs\almexterno\system\CodeIgniter.php(948): App\Controllers\Producto->processImage()
#2 C:\xampp\htdocs\almexterno\system\CodeIgniter.php(444): CodeIgniter\CodeIgniter->runController(Object(App\Controllers\Producto))
#3 C:\xampp\htdocs\almexterno\system\CodeIgniter.php(344): CodeIgniter\CodeIgniter->handleRequest(NULL, Object(Config\Cache), false)
#4 C:\xampp\htdocs\almexterno\index.php(36): CodeIgniter\CodeIgniter->run()
#5 {main}
CRITICAL - 2021-11-01 15:04:29 --> preg_match(): Compilation failed: range out of order in character class at offset 39
#0 [internal function]: CodeIgniter\Debug\Exceptions->errorHandler(2, 'preg_match(): C...', 'C:\\xampp\\htdocs...', 191, Array)
#1 C:\xampp\htdocs\almexterno\app\Controllers\Producto.php(191): preg_match('/^[,;a-zA-Z0-9\xC3...', 'X-123.-_')
#2 C:\xampp\htdocs\almexterno\system\CodeIgniter.php(948): App\Controllers\Producto->saveUpdateProducto()
#3 C:\xampp\htdocs\almexterno\system\CodeIgniter.php(444): CodeIgniter\CodeIgniter->runController(Object(App\Controllers\Producto))
#4 C:\xampp\htdocs\almexterno\system\CodeIgniter.php(344): CodeIgniter\CodeIgniter->handleRequest(NULL, Object(Config\Cache), false)
#5 C:\xampp\htdocs\almexterno\index.php(36): CodeIgniter\CodeIgniter->run()
#6 {main}
CRITICAL - 2021-11-01 15:05:49 --> preg_match(): Compilation failed: range out of order in character class at offset 39
#0 [internal function]: CodeIgniter\Debug\Exceptions->errorHandler(2, 'preg_match(): C...', 'C:\\xampp\\htdocs...', 191, Array)
#1 C:\xampp\htdocs\almexterno\app\Controllers\Producto.php(191): preg_match('/^[,;a-zA-Z0-9\xC3...', 'X-123._-')
#2 C:\xampp\htdocs\almexterno\system\CodeIgniter.php(948): App\Controllers\Producto->saveUpdateProducto()
#3 C:\xampp\htdocs\almexterno\system\CodeIgniter.php(444): CodeIgniter\CodeIgniter->runController(Object(App\Controllers\Producto))
#4 C:\xampp\htdocs\almexterno\system\CodeIgniter.php(344): CodeIgniter\CodeIgniter->handleRequest(NULL, Object(Config\Cache), false)
#5 C:\xampp\htdocs\almexterno\index.php(36): CodeIgniter\CodeIgniter->run()
#6 {main}
