CRITICAL - 2022-10-13 10:40:35 --> syntax error, unexpected '" title='eliminar' class='btn ' (T_CONSTANT_ENCAPSED_STRING), expecting ',' or ';'
#0 C:\xampp\htdocs\almexterno\system\View\View.php(222): CodeIgniter\View\View->CodeIgniter\View\{closure}()
#1 C:\xampp\htdocs\almexterno\system\Common.php(1250): CodeIgniter\View\View->render('requerimiento/h...', Array, true)
#2 C:\xampp\htdocs\almexterno\app\Views\template\layout.php(24): view('requerimiento/h...')
#3 C:\xampp\htdocs\almexterno\system\View\View.php(220): include('C:\\xampp\\htdocs...')
#4 C:\xampp\htdocs\almexterno\system\View\View.php(222): CodeIgniter\View\View->CodeIgniter\View\{closure}()
#5 C:\xampp\htdocs\almexterno\system\Common.php(1250): CodeIgniter\View\View->render('template/layout', Array, true)
#6 C:\xampp\htdocs\almexterno\app\Controllers\Requerimiento.php(39): view('template/layout', Array)
#7 C:\xampp\htdocs\almexterno\system\CodeIgniter.php(948): App\Controllers\Requerimiento->requerimiento()
#8 C:\xampp\htdocs\almexterno\system\CodeIgniter.php(444): CodeIgniter\CodeIgniter->runController(Object(App\Controllers\Requerimiento))
#9 C:\xampp\htdocs\almexterno\system\CodeIgniter.php(344): CodeIgniter\CodeIgniter->handleRequest(NULL, Object(Config\Cache), false)
#10 C:\xampp\htdocs\almexterno\index.php(36): CodeIgniter\CodeIgniter->run()
#11 {main}
CRITICAL - 2022-10-13 11:30:54 --> Undefined index: req
#0 C:\xampp\htdocs\almexterno\app\Controllers\Requerimiento.php(152): CodeIgniter\Debug\Exceptions->errorHandler(8, 'Undefined index...', 'C:\\xampp\\htdocs...', 152, Array)
#1 C:\xampp\htdocs\almexterno\system\CodeIgniter.php(948): App\Controllers\Requerimiento->modalDetalleReq()
#2 C:\xampp\htdocs\almexterno\system\CodeIgniter.php(444): CodeIgniter\CodeIgniter->runController(Object(App\Controllers\Requerimiento))
#3 C:\xampp\htdocs\almexterno\system\CodeIgniter.php(344): CodeIgniter\CodeIgniter->handleRequest(NULL, Object(Config\Cache), false)
#4 C:\xampp\htdocs\almexterno\index.php(36): CodeIgniter\CodeIgniter->run()
#5 {main}
CRITICAL - 2022-10-13 13:28:42 --> Call to undefined function h_estadoReq()
#0 C:\xampp\htdocs\almexterno\system\View\View.php(220): include()
#1 C:\xampp\htdocs\almexterno\system\View\View.php(222): CodeIgniter\View\View->CodeIgniter\View\{closure}()
#2 C:\xampp\htdocs\almexterno\system\Common.php(1250): CodeIgniter\View\View->render('requerimiento/h...', Array, true)
#3 C:\xampp\htdocs\almexterno\app\Views\template\layout.php(24): view('requerimiento/h...')
#4 C:\xampp\htdocs\almexterno\system\View\View.php(220): include('C:\\xampp\\htdocs...')
#5 C:\xampp\htdocs\almexterno\system\View\View.php(222): CodeIgniter\View\View->CodeIgniter\View\{closure}()
#6 C:\xampp\htdocs\almexterno\system\Common.php(1250): CodeIgniter\View\View->render('template/layout', Array, true)
#7 C:\xampp\htdocs\almexterno\app\Controllers\Requerimiento.php(39): view('template/layout', Array)
#8 C:\xampp\htdocs\almexterno\system\CodeIgniter.php(948): App\Controllers\Requerimiento->requerimiento()
#9 C:\xampp\htdocs\almexterno\system\CodeIgniter.php(444): CodeIgniter\CodeIgniter->runController(Object(App\Controllers\Requerimiento))
#10 C:\xampp\htdocs\almexterno\system\CodeIgniter.php(344): CodeIgniter\CodeIgniter->handleRequest(NULL, Object(Config\Cache), false)
#11 C:\xampp\htdocs\almexterno\index.php(36): CodeIgniter\CodeIgniter->run()
#12 {main}
