CRITICAL - 2022-11-25 08:58:16 --> json_decode() expects parameter 1 to be string, array given
#0 [internal function]: CodeIgniter\Debug\Exceptions->errorHandler(2, 'json_decode() e...', 'C:\\xampp\\htdocs...', 252, Array)
#1 C:\xampp\htdocs\almexterno\app\Controllers\Producto.php(252): json_decode(Array, 256)
#2 C:\xampp\htdocs\almexterno\system\CodeIgniter.php(948): App\Controllers\Producto->saveUpdateProducto()
#3 C:\xampp\htdocs\almexterno\system\CodeIgniter.php(444): CodeIgniter\CodeIgniter->runController(Object(App\Controllers\Producto))
#4 C:\xampp\htdocs\almexterno\system\CodeIgniter.php(344): CodeIgniter\CodeIgniter->handleRequest(NULL, Object(Config\Cache), false)
#5 C:\xampp\htdocs\almexterno\index.php(36): CodeIgniter\CodeIgniter->run()
#6 {main}
CRITICAL - 2022-11-25 08:58:23 --> json_decode() expects parameter 1 to be string, array given
#0 [internal function]: CodeIgniter\Debug\Exceptions->errorHandler(2, 'json_decode() e...', 'C:\\xampp\\htdocs...', 252, Array)
#1 C:\xampp\htdocs\almexterno\app\Controllers\Producto.php(252): json_decode(Array)
#2 C:\xampp\htdocs\almexterno\system\CodeIgniter.php(948): App\Controllers\Producto->saveUpdateProducto()
#3 C:\xampp\htdocs\almexterno\system\CodeIgniter.php(444): CodeIgniter\CodeIgniter->runController(Object(App\Controllers\Producto))
#4 C:\xampp\htdocs\almexterno\system\CodeIgniter.php(344): CodeIgniter\CodeIgniter->handleRequest(NULL, Object(Config\Cache), false)
#5 C:\xampp\htdocs\almexterno\index.php(36): CodeIgniter\CodeIgniter->run()
#6 {main}
CRITICAL - 2022-11-25 12:20:29 --> Use of undefined constant texto - assumed 'texto' (this will throw an Error in a future version of PHP)
#0 C:\xampp\htdocs\almexterno\app\Controllers\Producto.php(262): CodeIgniter\Debug\Exceptions->errorHandler(2, 'Use of undefine...', 'C:\\xampp\\htdocs...', 262, Array)
#1 C:\xampp\htdocs\almexterno\system\CodeIgniter.php(948): App\Controllers\Producto->saveUpdateProducto()
#2 C:\xampp\htdocs\almexterno\system\CodeIgniter.php(444): CodeIgniter\CodeIgniter->runController(Object(App\Controllers\Producto))
#3 C:\xampp\htdocs\almexterno\system\CodeIgniter.php(344): CodeIgniter\CodeIgniter->handleRequest(NULL, Object(Config\Cache), false)
#4 C:\xampp\htdocs\almexterno\index.php(36): CodeIgniter\CodeIgniter->run()
#5 {main}
CRITICAL - 2022-11-25 12:21:39 --> json_decode() expects parameter 1 to be string, array given
#0 [internal function]: CodeIgniter\Debug\Exceptions->errorHandler(2, 'json_decode() e...', 'C:\\xampp\\htdocs...', 262, Array)
#1 C:\xampp\htdocs\almexterno\app\Controllers\Producto.php(262): json_decode(Array, 256)
#2 C:\xampp\htdocs\almexterno\system\CodeIgniter.php(948): App\Controllers\Producto->saveUpdateProducto()
#3 C:\xampp\htdocs\almexterno\system\CodeIgniter.php(444): CodeIgniter\CodeIgniter->runController(Object(App\Controllers\Producto))
#4 C:\xampp\htdocs\almexterno\system\CodeIgniter.php(344): CodeIgniter\CodeIgniter->handleRequest(NULL, Object(Config\Cache), false)
#5 C:\xampp\htdocs\almexterno\index.php(36): CodeIgniter\CodeIgniter->run()
#6 {main}
CRITICAL - 2022-11-25 12:26:33 --> json_decode() expects parameter 1 to be string, array given
#0 [internal function]: CodeIgniter\Debug\Exceptions->errorHandler(2, 'json_decode() e...', 'C:\\xampp\\htdocs...', 263, Array)
#1 C:\xampp\htdocs\almexterno\app\Controllers\Producto.php(263): json_decode(Array, 256)
#2 C:\xampp\htdocs\almexterno\system\CodeIgniter.php(948): App\Controllers\Producto->saveUpdateProducto()
#3 C:\xampp\htdocs\almexterno\system\CodeIgniter.php(444): CodeIgniter\CodeIgniter->runController(Object(App\Controllers\Producto))
#4 C:\xampp\htdocs\almexterno\system\CodeIgniter.php(344): CodeIgniter\CodeIgniter->handleRequest(NULL, Object(Config\Cache), false)
#5 C:\xampp\htdocs\almexterno\index.php(36): CodeIgniter\CodeIgniter->run()
#6 {main}
CRITICAL - 2022-11-25 12:34:21 --> fwrite() expects parameter 3 to be int, string given
#0 [internal function]: CodeIgniter\Debug\Exceptions->errorHandler(2, 'fwrite() expect...', 'C:\\xampp\\htdocs...', 265, Array)
#1 C:\xampp\htdocs\almexterno\app\Controllers\Producto.php(265): fwrite(Resource id #131, '{"fecha":"2022-...', '\r\n')
#2 C:\xampp\htdocs\almexterno\system\CodeIgniter.php(948): App\Controllers\Producto->saveUpdateProducto()
#3 C:\xampp\htdocs\almexterno\system\CodeIgniter.php(444): CodeIgniter\CodeIgniter->runController(Object(App\Controllers\Producto))
#4 C:\xampp\htdocs\almexterno\system\CodeIgniter.php(344): CodeIgniter\CodeIgniter->handleRequest(NULL, Object(Config\Cache), false)
#5 C:\xampp\htdocs\almexterno\index.php(36): CodeIgniter\CodeIgniter->run()
#6 {main}
CRITICAL - 2022-11-25 12:34:21 --> Uncaught CodeIgniter\Format\Exceptions\FormatException: Failed to parse json string, error: "Type is not supported". in C:\xampp\htdocs\almexterno\system\Format\JSONFormatter.php:42
Stack trace:
#0 C:\xampp\htdocs\almexterno\system\Format\JSONFormatter.php(42): CodeIgniter\Format\Exceptions\FormatException::forInvalidJSON('Type is not sup...')
#1 C:\xampp\htdocs\almexterno\system\API\ResponseTrait.php(407): CodeIgniter\Format\JSONFormatter->format(Array)
#2 C:\xampp\htdocs\almexterno\system\API\ResponseTrait.php(114): CodeIgniter\Debug\Exceptions->format(Array)
#3 C:\xampp\htdocs\almexterno\system\Debug\Exceptions.php(141): CodeIgniter\Debug\Exceptions->respond(Array, 500)
#4 [internal function]: CodeIgniter\Debug\Exceptions->exceptionHandler(Object(ErrorException))
#5 {main}
  thrown
#0 [internal function]: CodeIgniter\Debug\Exceptions->shutdownHandler()
#1 {main}
