CRITICAL - 2021-11-30 16:10:21 --> The framework needs the following extension(s) installed and loaded: {0}.
#0 C:\xampp\htdocs\almexterno\system\CodeIgniter.php(234): CodeIgniter\Exceptions\FrameworkException::forMissingExtension('intl')
#1 C:\xampp\htdocs\almexterno\system\CodeIgniter.php(182): CodeIgniter\CodeIgniter->resolvePlatformExtensions()
#2 C:\xampp\htdocs\almexterno\system\bootstrap.php(157): CodeIgniter\CodeIgniter->initialize()
#3 C:\xampp\htdocs\almexterno\index.php(27): require('C:\\xampp\\htdocs...')
#4 {main}
CRITICAL - 2021-11-30 16:11:24 --> The framework needs the following extension(s) installed and loaded: {0}.
#0 C:\xampp\htdocs\almexterno\system\CodeIgniter.php(234): CodeIgniter\Exceptions\FrameworkException::forMissingExtension('intl')
#1 C:\xampp\htdocs\almexterno\system\CodeIgniter.php(182): CodeIgniter\CodeIgniter->resolvePlatformExtensions()
#2 C:\xampp\htdocs\almexterno\system\bootstrap.php(157): CodeIgniter\CodeIgniter->initialize()
#3 C:\xampp\htdocs\almexterno\index.php(27): require('C:\\xampp\\htdocs...')
#4 {main}
CRITICAL - 2021-11-30 10:14:53 --> Undefined variable: productos
#0 C:\xampp\htdocs\almexterno\app\Views\entradas\edit.php(87): CodeIgniter\Debug\Exceptions->errorHandler(8, 'Undefined varia...', 'C:\\xampp\\htdocs...', 87, Array)
#1 C:\xampp\htdocs\almexterno\system\View\View.php(220): include('C:\\xampp\\htdocs...')
#2 C:\xampp\htdocs\almexterno\system\View\View.php(222): CodeIgniter\View\View->CodeIgniter\View\{closure}()
#3 C:\xampp\htdocs\almexterno\system\Common.php(1250): CodeIgniter\View\View->render('entradas/edit', Array, true)
#4 C:\xampp\htdocs\almexterno\app\Views\template\layout.php(14): view('entradas/edit')
#5 C:\xampp\htdocs\almexterno\system\View\View.php(220): include('C:\\xampp\\htdocs...')
#6 C:\xampp\htdocs\almexterno\system\View\View.php(222): CodeIgniter\View\View->CodeIgniter\View\{closure}()
#7 C:\xampp\htdocs\almexterno\system\Common.php(1250): CodeIgniter\View\View->render('template/layout', Array, true)
#8 C:\xampp\htdocs\almexterno\app\Controllers\Entrada.php(90): view('template/layout', Array)
#9 C:\xampp\htdocs\almexterno\system\CodeIgniter.php(948): App\Controllers\Entrada->editEntrada('3')
#10 C:\xampp\htdocs\almexterno\system\CodeIgniter.php(444): CodeIgniter\CodeIgniter->runController(Object(App\Controllers\Entrada))
#11 C:\xampp\htdocs\almexterno\system\CodeIgniter.php(344): CodeIgniter\CodeIgniter->handleRequest(NULL, Object(Config\Cache), false)
#12 C:\xampp\htdocs\almexterno\index.php(36): CodeIgniter\CodeIgniter->run()
#13 {main}
CRITICAL - 2021-11-30 10:32:00 --> json_decode() expects parameter 1 to be string, array given
#0 [internal function]: CodeIgniter\Debug\Exceptions->errorHandler(2, 'json_decode() e...', 'C:\\xampp\\htdocs...', 122, Array)
#1 C:\xampp\htdocs\almexterno\app\Views\entradas\edit.php(122): json_decode(Array)
#2 C:\xampp\htdocs\almexterno\system\View\View.php(220): include('C:\\xampp\\htdocs...')
#3 C:\xampp\htdocs\almexterno\system\View\View.php(222): CodeIgniter\View\View->CodeIgniter\View\{closure}()
#4 C:\xampp\htdocs\almexterno\system\Common.php(1250): CodeIgniter\View\View->render('entradas/edit', Array, true)
#5 C:\xampp\htdocs\almexterno\app\Views\template\layout.php(14): view('entradas/edit')
#6 C:\xampp\htdocs\almexterno\system\View\View.php(220): include('C:\\xampp\\htdocs...')
#7 C:\xampp\htdocs\almexterno\system\View\View.php(222): CodeIgniter\View\View->CodeIgniter\View\{closure}()
#8 C:\xampp\htdocs\almexterno\system\Common.php(1250): CodeIgniter\View\View->render('template/layout', Array, true)
#9 C:\xampp\htdocs\almexterno\app\Controllers\Entrada.php(93): view('template/layout', Array)
#10 C:\xampp\htdocs\almexterno\system\CodeIgniter.php(948): App\Controllers\Entrada->editEntrada('2')
#11 C:\xampp\htdocs\almexterno\system\CodeIgniter.php(444): CodeIgniter\CodeIgniter->runController(Object(App\Controllers\Entrada))
#12 C:\xampp\htdocs\almexterno\system\CodeIgniter.php(344): CodeIgniter\CodeIgniter->handleRequest(NULL, Object(Config\Cache), false)
#13 C:\xampp\htdocs\almexterno\index.php(36): CodeIgniter\CodeIgniter->run()
#14 {main}
ERROR - 2021-11-30 12:19:12 --> Duplicate entry '3-2' for key 'PRIMARY'
CRITICAL - 2021-11-30 12:19:12 --> Duplicate entry '3-2' for key 'PRIMARY'
#0 C:\xampp\htdocs\almexterno\system\Database\MySQLi\Connection.php(329): mysqli->query('insert into det...')
#1 C:\xampp\htdocs\almexterno\system\Database\BaseConnection.php(732): CodeIgniter\Database\MySQLi\Connection->execute('insert into det...')
#2 C:\xampp\htdocs\almexterno\system\Database\BaseConnection.php(647): CodeIgniter\Database\BaseConnection->simpleQuery('insert into det...')
#3 C:\xampp\htdocs\almexterno\app\Models\EntradaModel.php(18): CodeIgniter\Database\BaseConnection->query('insert into det...')
#4 C:\xampp\htdocs\almexterno\app\Controllers\Entrada.php(123): App\Models\EntradaModel->insertDetalleEntrada('2', '3', '9')
#5 C:\xampp\htdocs\almexterno\system\CodeIgniter.php(948): App\Controllers\Entrada->updateEntrada()
#6 C:\xampp\htdocs\almexterno\system\CodeIgniter.php(444): CodeIgniter\CodeIgniter->runController(Object(App\Controllers\Entrada))
#7 C:\xampp\htdocs\almexterno\system\CodeIgniter.php(344): CodeIgniter\CodeIgniter->handleRequest(NULL, Object(Config\Cache), false)
#8 C:\xampp\htdocs\almexterno\index.php(36): CodeIgniter\CodeIgniter->run()
#9 {main}
ERROR - 2021-11-30 12:19:19 --> Duplicate entry '3-2' for key 'PRIMARY'
CRITICAL - 2021-11-30 12:19:19 --> Duplicate entry '3-2' for key 'PRIMARY'
#0 C:\xampp\htdocs\almexterno\system\Database\MySQLi\Connection.php(329): mysqli->query('insert into det...')
#1 C:\xampp\htdocs\almexterno\system\Database\BaseConnection.php(732): CodeIgniter\Database\MySQLi\Connection->execute('insert into det...')
#2 C:\xampp\htdocs\almexterno\system\Database\BaseConnection.php(647): CodeIgniter\Database\BaseConnection->simpleQuery('insert into det...')
#3 C:\xampp\htdocs\almexterno\app\Models\EntradaModel.php(18): CodeIgniter\Database\BaseConnection->query('insert into det...')
#4 C:\xampp\htdocs\almexterno\app\Controllers\Entrada.php(123): App\Models\EntradaModel->insertDetalleEntrada('2', '3', '8')
#5 C:\xampp\htdocs\almexterno\system\CodeIgniter.php(948): App\Controllers\Entrada->updateEntrada()
#6 C:\xampp\htdocs\almexterno\system\CodeIgniter.php(444): CodeIgniter\CodeIgniter->runController(Object(App\Controllers\Entrada))
#7 C:\xampp\htdocs\almexterno\system\CodeIgniter.php(344): CodeIgniter\CodeIgniter->handleRequest(NULL, Object(Config\Cache), false)
#8 C:\xampp\htdocs\almexterno\index.php(36): CodeIgniter\CodeIgniter->run()
#9 {main}
