CRITICAL - 2022-03-02 09:38:34 --> syntax error, unexpected '$tuSelected' (T_VARIABLE)
#0 C:\xampp\htdocs\almexterno\system\View\View.php(222): CodeIgniter\View\View->CodeIgniter\View\{closure}()
#1 C:\xampp\htdocs\almexterno\system\Common.php(1250): CodeIgniter\View\View->render('usuarios/nuevou...', Array, true)
#2 C:\xampp\htdocs\almexterno\app\Views\template\layout.php(25): view('usuarios/nuevou...')
#3 C:\xampp\htdocs\almexterno\system\View\View.php(220): include('C:\\xampp\\htdocs...')
#4 C:\xampp\htdocs\almexterno\system\View\View.php(222): CodeIgniter\View\View->CodeIgniter\View\{closure}()
#5 C:\xampp\htdocs\almexterno\system\Common.php(1250): CodeIgniter\View\View->render('template/layout', Array, true)
#6 C:\xampp\htdocs\almexterno\app\Controllers\Usuario.php(67): view('template/layout', Array)
#7 C:\xampp\htdocs\almexterno\system\CodeIgniter.php(948): App\Controllers\Usuario->nuevoUsuario()
#8 C:\xampp\htdocs\almexterno\system\CodeIgniter.php(444): CodeIgniter\CodeIgniter->runController(Object(App\Controllers\Usuario))
#9 C:\xampp\htdocs\almexterno\system\CodeIgniter.php(344): CodeIgniter\CodeIgniter->handleRequest(NULL, Object(Config\Cache), false)
#10 C:\xampp\htdocs\almexterno\index.php(36): CodeIgniter\CodeIgniter->run()
#11 {main}
CRITICAL - 2022-03-02 09:38:55 --> syntax error, unexpected '}', expecting ',' or ';'
#0 C:\xampp\htdocs\almexterno\system\View\View.php(222): CodeIgniter\View\View->CodeIgniter\View\{closure}()
#1 C:\xampp\htdocs\almexterno\system\Common.php(1250): CodeIgniter\View\View->render('usuarios/nuevou...', Array, true)
#2 C:\xampp\htdocs\almexterno\app\Views\template\layout.php(25): view('usuarios/nuevou...')
#3 C:\xampp\htdocs\almexterno\system\View\View.php(220): include('C:\\xampp\\htdocs...')
#4 C:\xampp\htdocs\almexterno\system\View\View.php(222): CodeIgniter\View\View->CodeIgniter\View\{closure}()
#5 C:\xampp\htdocs\almexterno\system\Common.php(1250): CodeIgniter\View\View->render('template/layout', Array, true)
#6 C:\xampp\htdocs\almexterno\app\Controllers\Usuario.php(67): view('template/layout', Array)
#7 C:\xampp\htdocs\almexterno\system\CodeIgniter.php(948): App\Controllers\Usuario->nuevoUsuario()
#8 C:\xampp\htdocs\almexterno\system\CodeIgniter.php(444): CodeIgniter\CodeIgniter->runController(Object(App\Controllers\Usuario))
#9 C:\xampp\htdocs\almexterno\system\CodeIgniter.php(344): CodeIgniter\CodeIgniter->handleRequest(NULL, Object(Config\Cache), false)
#10 C:\xampp\htdocs\almexterno\index.php(36): CodeIgniter\CodeIgniter->run()
#11 {main}
CRITICAL - 2022-03-02 09:38:56 --> syntax error, unexpected '}', expecting ',' or ';'
#0 C:\xampp\htdocs\almexterno\system\View\View.php(222): CodeIgniter\View\View->CodeIgniter\View\{closure}()
#1 C:\xampp\htdocs\almexterno\system\Common.php(1250): CodeIgniter\View\View->render('usuarios/nuevou...', Array, true)
#2 C:\xampp\htdocs\almexterno\app\Views\template\layout.php(25): view('usuarios/nuevou...')
#3 C:\xampp\htdocs\almexterno\system\View\View.php(220): include('C:\\xampp\\htdocs...')
#4 C:\xampp\htdocs\almexterno\system\View\View.php(222): CodeIgniter\View\View->CodeIgniter\View\{closure}()
#5 C:\xampp\htdocs\almexterno\system\Common.php(1250): CodeIgniter\View\View->render('template/layout', Array, true)
#6 C:\xampp\htdocs\almexterno\app\Controllers\Usuario.php(67): view('template/layout', Array)
#7 C:\xampp\htdocs\almexterno\system\CodeIgniter.php(948): App\Controllers\Usuario->nuevoUsuario()
#8 C:\xampp\htdocs\almexterno\system\CodeIgniter.php(444): CodeIgniter\CodeIgniter->runController(Object(App\Controllers\Usuario))
#9 C:\xampp\htdocs\almexterno\system\CodeIgniter.php(344): CodeIgniter\CodeIgniter->handleRequest(NULL, Object(Config\Cache), false)
#10 C:\xampp\htdocs\almexterno\index.php(36): CodeIgniter\CodeIgniter->run()
#11 {main}
CRITICAL - 2022-03-02 09:49:28 --> Undefined index: tusuario
#0 C:\xampp\htdocs\almexterno\app\Controllers\Usuario.php(81): CodeIgniter\Debug\Exceptions->errorHandler(8, 'Undefined index...', 'C:\\xampp\\htdocs...', 81, Array)
#1 C:\xampp\htdocs\almexterno\system\CodeIgniter.php(948): App\Controllers\Usuario->saveUpdateUsuario()
#2 C:\xampp\htdocs\almexterno\system\CodeIgniter.php(444): CodeIgniter\CodeIgniter->runController(Object(App\Controllers\Usuario))
#3 C:\xampp\htdocs\almexterno\system\CodeIgniter.php(344): CodeIgniter\CodeIgniter->handleRequest(NULL, Object(Config\Cache), false)
#4 C:\xampp\htdocs\almexterno\index.php(36): CodeIgniter\CodeIgniter->run()
#5 {main}
