ERROR - 2022-10-07 13:17:23 --> You have an error in your SQL syntax; check the manual that corresponds to your MariaDB server version for the right syntax to use near ')' at line 1
CRITICAL - 2022-10-07 13:17:23 --> You have an error in your SQL syntax; check the manual that corresponds to your MariaDB server version for the right syntax to use near ')' at line 1
#0 C:\xampp\htdocs\almexterno\system\Database\MySQLi\Connection.php(329): mysqli->query('select count(id...')
#1 C:\xampp\htdocs\almexterno\system\Database\BaseConnection.php(732): CodeIgniter\Database\MySQLi\Connection->execute('select count(id...')
#2 C:\xampp\htdocs\almexterno\system\Database\BaseConnection.php(647): CodeIgniter\Database\BaseConnection->simpleQuery('select count(id...')
#3 C:\xampp\htdocs\almexterno\app\Models\SalidaModel.php(25): CodeIgniter\Database\BaseConnection->query('select count(id...')
#4 C:\xampp\htdocs\almexterno\app\Controllers\Salida.php(233): App\Models\SalidaModel->existeArea('ADMINISTRACION')
#5 C:\xampp\htdocs\almexterno\system\CodeIgniter.php(948): App\Controllers\Salida->saveUpdateArea()
#6 C:\xampp\htdocs\almexterno\system\CodeIgniter.php(444): CodeIgniter\CodeIgniter->runController(Object(App\Controllers\Salida))
#7 C:\xampp\htdocs\almexterno\system\CodeIgniter.php(344): CodeIgniter\CodeIgniter->handleRequest(NULL, Object(Config\Cache), false)
#8 C:\xampp\htdocs\almexterno\index.php(36): CodeIgniter\CodeIgniter->run()
#9 {main}
ERROR - 2022-10-07 13:18:09 --> You have an error in your SQL syntax; check the manual that corresponds to your MariaDB server version for the right syntax to use near ')' at line 1
CRITICAL - 2022-10-07 13:18:09 --> You have an error in your SQL syntax; check the manual that corresponds to your MariaDB server version for the right syntax to use near ')' at line 1
#0 C:\xampp\htdocs\almexterno\system\Database\MySQLi\Connection.php(329): mysqli->query('select count(id...')
#1 C:\xampp\htdocs\almexterno\system\Database\BaseConnection.php(732): CodeIgniter\Database\MySQLi\Connection->execute('select count(id...')
#2 C:\xampp\htdocs\almexterno\system\Database\BaseConnection.php(647): CodeIgniter\Database\BaseConnection->simpleQuery('select count(id...')
#3 C:\xampp\htdocs\almexterno\app\Models\SalidaModel.php(25): CodeIgniter\Database\BaseConnection->query('select count(id...')
#4 C:\xampp\htdocs\almexterno\app\Controllers\Salida.php(233): App\Models\SalidaModel->existeArea('ADMINISTRACION')
#5 C:\xampp\htdocs\almexterno\system\CodeIgniter.php(948): App\Controllers\Salida->saveUpdateArea()
#6 C:\xampp\htdocs\almexterno\system\CodeIgniter.php(444): CodeIgniter\CodeIgniter->runController(Object(App\Controllers\Salida))
#7 C:\xampp\htdocs\almexterno\system\CodeIgniter.php(344): CodeIgniter\CodeIgniter->handleRequest(NULL, Object(Config\Cache), false)
#8 C:\xampp\htdocs\almexterno\index.php(36): CodeIgniter\CodeIgniter->run()
#9 {main}
CRITICAL - 2022-10-07 13:55:28 --> Undefined index: area
#0 C:\xampp\htdocs\almexterno\app\Controllers\Salida.php(236): CodeIgniter\Debug\Exceptions->errorHandler(8, 'Undefined index...', 'C:\\xampp\\htdocs...', 236, Array)
#1 C:\xampp\htdocs\almexterno\system\CodeIgniter.php(948): App\Controllers\Salida->saveUpdateArea()
#2 C:\xampp\htdocs\almexterno\system\CodeIgniter.php(444): CodeIgniter\CodeIgniter->runController(Object(App\Controllers\Salida))
#3 C:\xampp\htdocs\almexterno\system\CodeIgniter.php(344): CodeIgniter\CodeIgniter->handleRequest(NULL, Object(Config\Cache), false)
#4 C:\xampp\htdocs\almexterno\index.php(36): CodeIgniter\CodeIgniter->run()
#5 {main}
ERROR - 2022-10-07 14:08:33 --> Unknown column 'z' in 'field list'
CRITICAL - 2022-10-07 14:08:33 --> Unknown column 'z' in 'field list'
#0 C:\xampp\htdocs\almexterno\system\Database\MySQLi\Connection.php(329): mysqli->query('insert into are...')
#1 C:\xampp\htdocs\almexterno\system\Database\BaseConnection.php(732): CodeIgniter\Database\MySQLi\Connection->execute('insert into are...')
#2 C:\xampp\htdocs\almexterno\system\Database\BaseConnection.php(647): CodeIgniter\Database\BaseConnection->simpleQuery('insert into are...')
#3 C:\xampp\htdocs\almexterno\app\Models\SalidaModel.php(32): CodeIgniter\Database\BaseConnection->query('insert into are...')
#4 C:\xampp\htdocs\almexterno\app\Controllers\Salida.php(252): App\Models\SalidaModel->insertArea('atencion siss', 'z', 'z', 'z')
#5 C:\xampp\htdocs\almexterno\system\CodeIgniter.php(948): App\Controllers\Salida->saveUpdateArea()
#6 C:\xampp\htdocs\almexterno\system\CodeIgniter.php(444): CodeIgniter\CodeIgniter->runController(Object(App\Controllers\Salida))
#7 C:\xampp\htdocs\almexterno\system\CodeIgniter.php(344): CodeIgniter\CodeIgniter->handleRequest(NULL, Object(Config\Cache), false)
#8 C:\xampp\htdocs\almexterno\index.php(36): CodeIgniter\CodeIgniter->run()
#9 {main}
ERROR - 2022-10-07 14:10:47 --> Unknown column 'q' in 'field list'
CRITICAL - 2022-10-07 14:10:47 --> Unknown column 'q' in 'field list'
#0 C:\xampp\htdocs\almexterno\system\Database\MySQLi\Connection.php(329): mysqli->query('insert into are...')
#1 C:\xampp\htdocs\almexterno\system\Database\BaseConnection.php(732): CodeIgniter\Database\MySQLi\Connection->execute('insert into are...')
#2 C:\xampp\htdocs\almexterno\system\Database\BaseConnection.php(647): CodeIgniter\Database\BaseConnection->simpleQuery('insert into are...')
#3 C:\xampp\htdocs\almexterno\app\Models\SalidaModel.php(32): CodeIgniter\Database\BaseConnection->query('insert into are...')
#4 C:\xampp\htdocs\almexterno\app\Controllers\Salida.php(252): App\Models\SalidaModel->insertArea('CORNEAa', 'q', 'q', 'q')
#5 C:\xampp\htdocs\almexterno\system\CodeIgniter.php(948): App\Controllers\Salida->saveUpdateArea()
#6 C:\xampp\htdocs\almexterno\system\CodeIgniter.php(444): CodeIgniter\CodeIgniter->runController(Object(App\Controllers\Salida))
#7 C:\xampp\htdocs\almexterno\system\CodeIgniter.php(344): CodeIgniter\CodeIgniter->handleRequest(NULL, Object(Config\Cache), false)
#8 C:\xampp\htdocs\almexterno\index.php(36): CodeIgniter\CodeIgniter->run()
#9 {main}
