CRITICAL - 2021-12-20 10:42:16 --> Array to string conversion
#0 C:\xampp\htdocs\almexterno\app\Views\producto\aexcel.php(39): CodeIgniter\Debug\Exceptions->errorHandler(8, 'Array to string...', 'C:\\xampp\\htdocs...', 39, Array)
#1 C:\xampp\htdocs\almexterno\system\View\View.php(220): include('C:\\xampp\\htdocs...')
#2 C:\xampp\htdocs\almexterno\system\View\View.php(222): CodeIgniter\View\View->CodeIgniter\View\{closure}()
#3 C:\xampp\htdocs\almexterno\system\Common.php(1250): CodeIgniter\View\View->render('producto/aexcel', Array, true)
#4 C:\xampp\htdocs\almexterno\app\Controllers\Producto.php(417): view('producto/aexcel', Array)
#5 C:\xampp\htdocs\almexterno\system\CodeIgniter.php(948): App\Controllers\Producto->detalleExcel()
#6 C:\xampp\htdocs\almexterno\system\CodeIgniter.php(444): CodeIgniter\CodeIgniter->runController(Object(App\Controllers\Producto))
#7 C:\xampp\htdocs\almexterno\system\CodeIgniter.php(344): CodeIgniter\CodeIgniter->handleRequest(NULL, Object(Config\Cache), false)
#8 C:\xampp\htdocs\almexterno\index.php(36): CodeIgniter\CodeIgniter->run()
#9 {main}
CRITICAL - 2021-12-20 10:43:15 --> Illegal offset type
#0 C:\xampp\htdocs\almexterno\app\Views\producto\aexcel.php(39): CodeIgniter\Debug\Exceptions->errorHandler(2, 'Illegal offset ...', 'C:\\xampp\\htdocs...', 39, Array)
#1 C:\xampp\htdocs\almexterno\system\View\View.php(220): include('C:\\xampp\\htdocs...')
#2 C:\xampp\htdocs\almexterno\system\View\View.php(222): CodeIgniter\View\View->CodeIgniter\View\{closure}()
#3 C:\xampp\htdocs\almexterno\system\Common.php(1250): CodeIgniter\View\View->render('producto/aexcel', Array, true)
#4 C:\xampp\htdocs\almexterno\app\Controllers\Producto.php(417): view('producto/aexcel', Array)
#5 C:\xampp\htdocs\almexterno\system\CodeIgniter.php(948): App\Controllers\Producto->detalleExcel()
#6 C:\xampp\htdocs\almexterno\system\CodeIgniter.php(444): CodeIgniter\CodeIgniter->runController(Object(App\Controllers\Producto))
#7 C:\xampp\htdocs\almexterno\system\CodeIgniter.php(344): CodeIgniter\CodeIgniter->handleRequest(NULL, Object(Config\Cache), false)
#8 C:\xampp\htdocs\almexterno\index.php(36): CodeIgniter\CodeIgniter->run()
#9 {main}
CRITICAL - 2021-12-20 10:44:31 --> Array to string conversion
#0 C:\xampp\htdocs\almexterno\app\Views\producto\aexcel.php(39): CodeIgniter\Debug\Exceptions->errorHandler(8, 'Array to string...', 'C:\\xampp\\htdocs...', 39, Array)
#1 C:\xampp\htdocs\almexterno\system\View\View.php(220): include('C:\\xampp\\htdocs...')
#2 C:\xampp\htdocs\almexterno\system\View\View.php(222): CodeIgniter\View\View->CodeIgniter\View\{closure}()
#3 C:\xampp\htdocs\almexterno\system\Common.php(1250): CodeIgniter\View\View->render('producto/aexcel', Array, true)
#4 C:\xampp\htdocs\almexterno\app\Controllers\Producto.php(417): view('producto/aexcel', Array)
#5 C:\xampp\htdocs\almexterno\system\CodeIgniter.php(948): App\Controllers\Producto->detalleExcel()
#6 C:\xampp\htdocs\almexterno\system\CodeIgniter.php(444): CodeIgniter\CodeIgniter->runController(Object(App\Controllers\Producto))
#7 C:\xampp\htdocs\almexterno\system\CodeIgniter.php(344): CodeIgniter\CodeIgniter->handleRequest(NULL, Object(Config\Cache), false)
#8 C:\xampp\htdocs\almexterno\index.php(36): CodeIgniter\CodeIgniter->run()
#9 {main}
CRITICAL - 2021-12-20 10:47:31 --> Array to string conversion
#0 C:\xampp\htdocs\almexterno\app\Views\producto\aexcel.php(39): CodeIgniter\Debug\Exceptions->errorHandler(8, 'Array to string...', 'C:\\xampp\\htdocs...', 39, Array)
#1 C:\xampp\htdocs\almexterno\system\View\View.php(220): include('C:\\xampp\\htdocs...')
#2 C:\xampp\htdocs\almexterno\system\View\View.php(222): CodeIgniter\View\View->CodeIgniter\View\{closure}()
#3 C:\xampp\htdocs\almexterno\system\Common.php(1250): CodeIgniter\View\View->render('producto/aexcel', Array, true)
#4 C:\xampp\htdocs\almexterno\app\Controllers\Producto.php(417): view('producto/aexcel', Array)
#5 C:\xampp\htdocs\almexterno\system\CodeIgniter.php(948): App\Controllers\Producto->detalleExcel()
#6 C:\xampp\htdocs\almexterno\system\CodeIgniter.php(444): CodeIgniter\CodeIgniter->runController(Object(App\Controllers\Producto))
#7 C:\xampp\htdocs\almexterno\system\CodeIgniter.php(344): CodeIgniter\CodeIgniter->handleRequest(NULL, Object(Config\Cache), false)
#8 C:\xampp\htdocs\almexterno\index.php(36): CodeIgniter\CodeIgniter->run()
#9 {main}
CRITICAL - 2021-12-20 10:47:37 --> Array to string conversion
#0 C:\xampp\htdocs\almexterno\app\Views\producto\aexcel.php(39): CodeIgniter\Debug\Exceptions->errorHandler(8, 'Array to string...', 'C:\\xampp\\htdocs...', 39, Array)
#1 C:\xampp\htdocs\almexterno\system\View\View.php(220): include('C:\\xampp\\htdocs...')
#2 C:\xampp\htdocs\almexterno\system\View\View.php(222): CodeIgniter\View\View->CodeIgniter\View\{closure}()
#3 C:\xampp\htdocs\almexterno\system\Common.php(1250): CodeIgniter\View\View->render('producto/aexcel', Array, true)
#4 C:\xampp\htdocs\almexterno\app\Controllers\Producto.php(417): view('producto/aexcel', Array)
#5 C:\xampp\htdocs\almexterno\system\CodeIgniter.php(948): App\Controllers\Producto->detalleExcel()
#6 C:\xampp\htdocs\almexterno\system\CodeIgniter.php(444): CodeIgniter\CodeIgniter->runController(Object(App\Controllers\Producto))
#7 C:\xampp\htdocs\almexterno\system\CodeIgniter.php(344): CodeIgniter\CodeIgniter->handleRequest(NULL, Object(Config\Cache), false)
#8 C:\xampp\htdocs\almexterno\index.php(36): CodeIgniter\CodeIgniter->run()
#9 {main}
CRITICAL - 2021-12-20 10:47:38 --> Array to string conversion
#0 C:\xampp\htdocs\almexterno\app\Views\producto\aexcel.php(39): CodeIgniter\Debug\Exceptions->errorHandler(8, 'Array to string...', 'C:\\xampp\\htdocs...', 39, Array)
#1 C:\xampp\htdocs\almexterno\system\View\View.php(220): include('C:\\xampp\\htdocs...')
#2 C:\xampp\htdocs\almexterno\system\View\View.php(222): CodeIgniter\View\View->CodeIgniter\View\{closure}()
#3 C:\xampp\htdocs\almexterno\system\Common.php(1250): CodeIgniter\View\View->render('producto/aexcel', Array, true)
#4 C:\xampp\htdocs\almexterno\app\Controllers\Producto.php(417): view('producto/aexcel', Array)
#5 C:\xampp\htdocs\almexterno\system\CodeIgniter.php(948): App\Controllers\Producto->detalleExcel()
#6 C:\xampp\htdocs\almexterno\system\CodeIgniter.php(444): CodeIgniter\CodeIgniter->runController(Object(App\Controllers\Producto))
#7 C:\xampp\htdocs\almexterno\system\CodeIgniter.php(344): CodeIgniter\CodeIgniter->handleRequest(NULL, Object(Config\Cache), false)
#8 C:\xampp\htdocs\almexterno\index.php(36): CodeIgniter\CodeIgniter->run()
#9 {main}
CRITICAL - 2021-12-20 10:47:39 --> Array to string conversion
#0 C:\xampp\htdocs\almexterno\app\Views\producto\aexcel.php(39): CodeIgniter\Debug\Exceptions->errorHandler(8, 'Array to string...', 'C:\\xampp\\htdocs...', 39, Array)
#1 C:\xampp\htdocs\almexterno\system\View\View.php(220): include('C:\\xampp\\htdocs...')
#2 C:\xampp\htdocs\almexterno\system\View\View.php(222): CodeIgniter\View\View->CodeIgniter\View\{closure}()
#3 C:\xampp\htdocs\almexterno\system\Common.php(1250): CodeIgniter\View\View->render('producto/aexcel', Array, true)
#4 C:\xampp\htdocs\almexterno\app\Controllers\Producto.php(417): view('producto/aexcel', Array)
#5 C:\xampp\htdocs\almexterno\system\CodeIgniter.php(948): App\Controllers\Producto->detalleExcel()
#6 C:\xampp\htdocs\almexterno\system\CodeIgniter.php(444): CodeIgniter\CodeIgniter->runController(Object(App\Controllers\Producto))
#7 C:\xampp\htdocs\almexterno\system\CodeIgniter.php(344): CodeIgniter\CodeIgniter->handleRequest(NULL, Object(Config\Cache), false)
#8 C:\xampp\htdocs\almexterno\index.php(36): CodeIgniter\CodeIgniter->run()
#9 {main}
CRITICAL - 2021-12-20 10:47:54 --> Array to string conversion
#0 C:\xampp\htdocs\almexterno\app\Views\producto\aexcel.php(39): CodeIgniter\Debug\Exceptions->errorHandler(8, 'Array to string...', 'C:\\xampp\\htdocs...', 39, Array)
#1 C:\xampp\htdocs\almexterno\system\View\View.php(220): include('C:\\xampp\\htdocs...')
#2 C:\xampp\htdocs\almexterno\system\View\View.php(222): CodeIgniter\View\View->CodeIgniter\View\{closure}()
#3 C:\xampp\htdocs\almexterno\system\Common.php(1250): CodeIgniter\View\View->render('producto/aexcel', Array, true)
#4 C:\xampp\htdocs\almexterno\app\Controllers\Producto.php(417): view('producto/aexcel', Array)
#5 C:\xampp\htdocs\almexterno\system\CodeIgniter.php(948): App\Controllers\Producto->detalleExcel()
#6 C:\xampp\htdocs\almexterno\system\CodeIgniter.php(444): CodeIgniter\CodeIgniter->runController(Object(App\Controllers\Producto))
#7 C:\xampp\htdocs\almexterno\system\CodeIgniter.php(344): CodeIgniter\CodeIgniter->handleRequest(NULL, Object(Config\Cache), false)
#8 C:\xampp\htdocs\almexterno\index.php(36): CodeIgniter\CodeIgniter->run()
#9 {main}
CRITICAL - 2021-12-20 10:48:10 --> syntax error, unexpected '"</th>"' (T_CONSTANT_ENCAPSED_STRING), expecting ',' or ';'
#0 C:\xampp\htdocs\almexterno\system\View\View.php(222): CodeIgniter\View\View->CodeIgniter\View\{closure}()
#1 C:\xampp\htdocs\almexterno\system\Common.php(1250): CodeIgniter\View\View->render('producto/aexcel', Array, true)
#2 C:\xampp\htdocs\almexterno\app\Controllers\Producto.php(417): view('producto/aexcel', Array)
#3 C:\xampp\htdocs\almexterno\system\CodeIgniter.php(948): App\Controllers\Producto->detalleExcel()
#4 C:\xampp\htdocs\almexterno\system\CodeIgniter.php(444): CodeIgniter\CodeIgniter->runController(Object(App\Controllers\Producto))
#5 C:\xampp\htdocs\almexterno\system\CodeIgniter.php(344): CodeIgniter\CodeIgniter->handleRequest(NULL, Object(Config\Cache), false)
#6 C:\xampp\htdocs\almexterno\index.php(36): CodeIgniter\CodeIgniter->run()
#7 {main}
CRITICAL - 2021-12-20 10:48:11 --> syntax error, unexpected '"</th>"' (T_CONSTANT_ENCAPSED_STRING), expecting ',' or ';'
#0 C:\xampp\htdocs\almexterno\system\View\View.php(222): CodeIgniter\View\View->CodeIgniter\View\{closure}()
#1 C:\xampp\htdocs\almexterno\system\Common.php(1250): CodeIgniter\View\View->render('producto/aexcel', Array, true)
#2 C:\xampp\htdocs\almexterno\app\Controllers\Producto.php(417): view('producto/aexcel', Array)
#3 C:\xampp\htdocs\almexterno\system\CodeIgniter.php(948): App\Controllers\Producto->detalleExcel()
#4 C:\xampp\htdocs\almexterno\system\CodeIgniter.php(444): CodeIgniter\CodeIgniter->runController(Object(App\Controllers\Producto))
#5 C:\xampp\htdocs\almexterno\system\CodeIgniter.php(344): CodeIgniter\CodeIgniter->handleRequest(NULL, Object(Config\Cache), false)
#6 C:\xampp\htdocs\almexterno\index.php(36): CodeIgniter\CodeIgniter->run()
#7 {main}
CRITICAL - 2021-12-20 10:51:08 --> Array to string conversion
#0 C:\xampp\htdocs\almexterno\app\Views\producto\aexcel.php(39): CodeIgniter\Debug\Exceptions->errorHandler(8, 'Array to string...', 'C:\\xampp\\htdocs...', 39, Array)
#1 C:\xampp\htdocs\almexterno\system\View\View.php(220): include('C:\\xampp\\htdocs...')
#2 C:\xampp\htdocs\almexterno\system\View\View.php(222): CodeIgniter\View\View->CodeIgniter\View\{closure}()
#3 C:\xampp\htdocs\almexterno\system\Common.php(1250): CodeIgniter\View\View->render('producto/aexcel', Array, true)
#4 C:\xampp\htdocs\almexterno\app\Controllers\Producto.php(417): view('producto/aexcel', Array)
#5 C:\xampp\htdocs\almexterno\system\CodeIgniter.php(948): App\Controllers\Producto->detalleExcel()
#6 C:\xampp\htdocs\almexterno\system\CodeIgniter.php(444): CodeIgniter\CodeIgniter->runController(Object(App\Controllers\Producto))
#7 C:\xampp\htdocs\almexterno\system\CodeIgniter.php(344): CodeIgniter\CodeIgniter->handleRequest(NULL, Object(Config\Cache), false)
#8 C:\xampp\htdocs\almexterno\index.php(36): CodeIgniter\CodeIgniter->run()
#9 {main}
CRITICAL - 2021-12-20 10:51:17 --> Array to string conversion
#0 C:\xampp\htdocs\almexterno\app\Views\producto\aexcel.php(39): CodeIgniter\Debug\Exceptions->errorHandler(8, 'Array to string...', 'C:\\xampp\\htdocs...', 39, Array)
#1 C:\xampp\htdocs\almexterno\system\View\View.php(220): include('C:\\xampp\\htdocs...')
#2 C:\xampp\htdocs\almexterno\system\View\View.php(222): CodeIgniter\View\View->CodeIgniter\View\{closure}()
#3 C:\xampp\htdocs\almexterno\system\Common.php(1250): CodeIgniter\View\View->render('producto/aexcel', Array, true)
#4 C:\xampp\htdocs\almexterno\app\Controllers\Producto.php(417): view('producto/aexcel', Array)
#5 C:\xampp\htdocs\almexterno\system\CodeIgniter.php(948): App\Controllers\Producto->detalleExcel()
#6 C:\xampp\htdocs\almexterno\system\CodeIgniter.php(444): CodeIgniter\CodeIgniter->runController(Object(App\Controllers\Producto))
#7 C:\xampp\htdocs\almexterno\system\CodeIgniter.php(344): CodeIgniter\CodeIgniter->handleRequest(NULL, Object(Config\Cache), false)
#8 C:\xampp\htdocs\almexterno\index.php(36): CodeIgniter\CodeIgniter->run()
#9 {main}
CRITICAL - 2021-12-20 10:54:38 --> Array to string conversion
#0 C:\xampp\htdocs\almexterno\app\Views\producto\aexcel.php(46): CodeIgniter\Debug\Exceptions->errorHandler(8, 'Array to string...', 'C:\\xampp\\htdocs...', 46, Array)
#1 C:\xampp\htdocs\almexterno\system\View\View.php(220): include('C:\\xampp\\htdocs...')
#2 C:\xampp\htdocs\almexterno\system\View\View.php(222): CodeIgniter\View\View->CodeIgniter\View\{closure}()
#3 C:\xampp\htdocs\almexterno\system\Common.php(1250): CodeIgniter\View\View->render('producto/aexcel', Array, true)
#4 C:\xampp\htdocs\almexterno\app\Controllers\Producto.php(417): view('producto/aexcel', Array)
#5 C:\xampp\htdocs\almexterno\system\CodeIgniter.php(948): App\Controllers\Producto->detalleExcel()
#6 C:\xampp\htdocs\almexterno\system\CodeIgniter.php(444): CodeIgniter\CodeIgniter->runController(Object(App\Controllers\Producto))
#7 C:\xampp\htdocs\almexterno\system\CodeIgniter.php(344): CodeIgniter\CodeIgniter->handleRequest(NULL, Object(Config\Cache), false)
#8 C:\xampp\htdocs\almexterno\index.php(36): CodeIgniter\CodeIgniter->run()
#9 {main}
CRITICAL - 2021-12-20 10:54:56 --> Array to string conversion
#0 C:\xampp\htdocs\almexterno\app\Views\producto\aexcel.php(46): CodeIgniter\Debug\Exceptions->errorHandler(8, 'Array to string...', 'C:\\xampp\\htdocs...', 46, Array)
#1 C:\xampp\htdocs\almexterno\system\View\View.php(220): include('C:\\xampp\\htdocs...')
#2 C:\xampp\htdocs\almexterno\system\View\View.php(222): CodeIgniter\View\View->CodeIgniter\View\{closure}()
#3 C:\xampp\htdocs\almexterno\system\Common.php(1250): CodeIgniter\View\View->render('producto/aexcel', Array, true)
#4 C:\xampp\htdocs\almexterno\app\Controllers\Producto.php(417): view('producto/aexcel', Array)
#5 C:\xampp\htdocs\almexterno\system\CodeIgniter.php(948): App\Controllers\Producto->detalleExcel()
#6 C:\xampp\htdocs\almexterno\system\CodeIgniter.php(444): CodeIgniter\CodeIgniter->runController(Object(App\Controllers\Producto))
#7 C:\xampp\htdocs\almexterno\system\CodeIgniter.php(344): CodeIgniter\CodeIgniter->handleRequest(NULL, Object(Config\Cache), false)
#8 C:\xampp\htdocs\almexterno\index.php(36): CodeIgniter\CodeIgniter->run()
#9 {main}
CRITICAL - 2021-12-20 10:55:49 --> Undefined offset: 0
#0 C:\xampp\htdocs\almexterno\app\Views\producto\aexcel.php(46): CodeIgniter\Debug\Exceptions->errorHandler(8, 'Undefined offse...', 'C:\\xampp\\htdocs...', 46, Array)
#1 C:\xampp\htdocs\almexterno\system\View\View.php(220): include('C:\\xampp\\htdocs...')
#2 C:\xampp\htdocs\almexterno\system\View\View.php(222): CodeIgniter\View\View->CodeIgniter\View\{closure}()
#3 C:\xampp\htdocs\almexterno\system\Common.php(1250): CodeIgniter\View\View->render('producto/aexcel', Array, true)
#4 C:\xampp\htdocs\almexterno\app\Controllers\Producto.php(417): view('producto/aexcel', Array)
#5 C:\xampp\htdocs\almexterno\system\CodeIgniter.php(948): App\Controllers\Producto->detalleExcel()
#6 C:\xampp\htdocs\almexterno\system\CodeIgniter.php(444): CodeIgniter\CodeIgniter->runController(Object(App\Controllers\Producto))
#7 C:\xampp\htdocs\almexterno\system\CodeIgniter.php(344): CodeIgniter\CodeIgniter->handleRequest(NULL, Object(Config\Cache), false)
#8 C:\xampp\htdocs\almexterno\index.php(36): CodeIgniter\CodeIgniter->run()
#9 {main}
