CRITICAL - 2022-02-25 09:20:14 --> syntax error, unexpected 'echo' (T_ECHO), expecting ',' or ';'
#0 C:\xampp\htdocs\almexterno\system\View\View.php(222): CodeIgniter\View\View->CodeIgniter\View\{closure}()
#1 C:\xampp\htdocs\almexterno\system\Common.php(1250): CodeIgniter\View\View->render('usuarios/index', Array, true)
#2 C:\xampp\htdocs\almexterno\app\Views\template\layout.php(14): view('usuarios/index')
#3 C:\xampp\htdocs\almexterno\system\View\View.php(220): include('C:\\xampp\\htdocs...')
#4 C:\xampp\htdocs\almexterno\system\View\View.php(222): CodeIgniter\View\View->CodeIgniter\View\{closure}()
#5 C:\xampp\htdocs\almexterno\system\Common.php(1250): CodeIgniter\View\View->render('template/layout', Array, true)
#6 C:\xampp\htdocs\almexterno\app\Controllers\Usuario.php(28): view('template/layout', Array)
#7 C:\xampp\htdocs\almexterno\system\CodeIgniter.php(948): App\Controllers\Usuario->index()
#8 C:\xampp\htdocs\almexterno\system\CodeIgniter.php(444): CodeIgniter\CodeIgniter->runController(Object(App\Controllers\Usuario))
#9 C:\xampp\htdocs\almexterno\system\CodeIgniter.php(344): CodeIgniter\CodeIgniter->handleRequest(NULL, Object(Config\Cache), false)
#10 C:\xampp\htdocs\almexterno\index.php(36): CodeIgniter\CodeIgniter->run()
#11 {main}
CRITICAL - 2022-02-25 09:20:29 --> Illegal string offset 'idusuario'
#0 C:\xampp\htdocs\almexterno\app\Views\usuarios\index.php(39): CodeIgniter\Debug\Exceptions->errorHandler(2, 'Illegal string ...', 'C:\\xampp\\htdocs...', 39, Array)
#1 C:\xampp\htdocs\almexterno\system\View\View.php(220): include('C:\\xampp\\htdocs...')
#2 C:\xampp\htdocs\almexterno\system\View\View.php(222): CodeIgniter\View\View->CodeIgniter\View\{closure}()
#3 C:\xampp\htdocs\almexterno\system\Common.php(1250): CodeIgniter\View\View->render('usuarios/index', Array, true)
#4 C:\xampp\htdocs\almexterno\app\Views\template\layout.php(14): view('usuarios/index')
#5 C:\xampp\htdocs\almexterno\system\View\View.php(220): include('C:\\xampp\\htdocs...')
#6 C:\xampp\htdocs\almexterno\system\View\View.php(222): CodeIgniter\View\View->CodeIgniter\View\{closure}()
#7 C:\xampp\htdocs\almexterno\system\Common.php(1250): CodeIgniter\View\View->render('template/layout', Array, true)
#8 C:\xampp\htdocs\almexterno\app\Controllers\Usuario.php(28): view('template/layout', Array)
#9 C:\xampp\htdocs\almexterno\system\CodeIgniter.php(948): App\Controllers\Usuario->index()
#10 C:\xampp\htdocs\almexterno\system\CodeIgniter.php(444): CodeIgniter\CodeIgniter->runController(Object(App\Controllers\Usuario))
#11 C:\xampp\htdocs\almexterno\system\CodeIgniter.php(344): CodeIgniter\CodeIgniter->handleRequest(NULL, Object(Config\Cache), false)
#12 C:\xampp\htdocs\almexterno\index.php(36): CodeIgniter\CodeIgniter->run()
#13 {main}
CRITICAL - 2022-02-25 09:21:22 --> Illegal string offset 'idusuario'
#0 C:\xampp\htdocs\almexterno\app\Views\usuarios\index.php(39): CodeIgniter\Debug\Exceptions->errorHandler(2, 'Illegal string ...', 'C:\\xampp\\htdocs...', 39, Array)
#1 C:\xampp\htdocs\almexterno\system\View\View.php(220): include('C:\\xampp\\htdocs...')
#2 C:\xampp\htdocs\almexterno\system\View\View.php(222): CodeIgniter\View\View->CodeIgniter\View\{closure}()
#3 C:\xampp\htdocs\almexterno\system\Common.php(1250): CodeIgniter\View\View->render('usuarios/index', Array, true)
#4 C:\xampp\htdocs\almexterno\app\Views\template\layout.php(14): view('usuarios/index')
#5 C:\xampp\htdocs\almexterno\system\View\View.php(220): include('C:\\xampp\\htdocs...')
#6 C:\xampp\htdocs\almexterno\system\View\View.php(222): CodeIgniter\View\View->CodeIgniter\View\{closure}()
#7 C:\xampp\htdocs\almexterno\system\Common.php(1250): CodeIgniter\View\View->render('template/layout', Array, true)
#8 C:\xampp\htdocs\almexterno\app\Controllers\Usuario.php(28): view('template/layout', Array)
#9 C:\xampp\htdocs\almexterno\system\CodeIgniter.php(948): App\Controllers\Usuario->index()
#10 C:\xampp\htdocs\almexterno\system\CodeIgniter.php(444): CodeIgniter\CodeIgniter->runController(Object(App\Controllers\Usuario))
#11 C:\xampp\htdocs\almexterno\system\CodeIgniter.php(344): CodeIgniter\CodeIgniter->handleRequest(NULL, Object(Config\Cache), false)
#12 C:\xampp\htdocs\almexterno\index.php(36): CodeIgniter\CodeIgniter->run()
#13 {main}
CRITICAL - 2022-02-25 11:27:21 --> syntax error, unexpected 'if' (T_IF)
#0 C:\xampp\htdocs\almexterno\system\View\View.php(222): CodeIgniter\View\View->CodeIgniter\View\{closure}()
#1 C:\xampp\htdocs\almexterno\system\Common.php(1250): CodeIgniter\View\View->render('usuarios/index', Array, true)
#2 C:\xampp\htdocs\almexterno\app\Views\template\layout.php(14): view('usuarios/index')
#3 C:\xampp\htdocs\almexterno\system\View\View.php(220): include('C:\\xampp\\htdocs...')
#4 C:\xampp\htdocs\almexterno\system\View\View.php(222): CodeIgniter\View\View->CodeIgniter\View\{closure}()
#5 C:\xampp\htdocs\almexterno\system\Common.php(1250): CodeIgniter\View\View->render('template/layout', Array, true)
#6 C:\xampp\htdocs\almexterno\app\Controllers\Usuario.php(28): view('template/layout', Array)
#7 C:\xampp\htdocs\almexterno\system\CodeIgniter.php(948): App\Controllers\Usuario->index()
#8 C:\xampp\htdocs\almexterno\system\CodeIgniter.php(444): CodeIgniter\CodeIgniter->runController(Object(App\Controllers\Usuario))
#9 C:\xampp\htdocs\almexterno\system\CodeIgniter.php(344): CodeIgniter\CodeIgniter->handleRequest(NULL, Object(Config\Cache), false)
#10 C:\xampp\htdocs\almexterno\index.php(36): CodeIgniter\CodeIgniter->run()
#11 {main}
CRITICAL - 2022-02-25 12:05:42 --> Invalid file: usuario/nuevousuario.php
#0 C:\xampp\htdocs\almexterno\system\View\View.php(203): CodeIgniter\Exceptions\FrameworkException::forInvalidFile('usuario/nuevous...')
#1 C:\xampp\htdocs\almexterno\system\Common.php(1250): CodeIgniter\View\View->render('usuario/nuevous...', Array, true)
#2 C:\xampp\htdocs\almexterno\app\Views\template\layout.php(14): view('usuario/nuevous...')
#3 C:\xampp\htdocs\almexterno\system\View\View.php(220): include('C:\\xampp\\htdocs...')
#4 C:\xampp\htdocs\almexterno\system\View\View.php(222): CodeIgniter\View\View->CodeIgniter\View\{closure}()
#5 C:\xampp\htdocs\almexterno\system\Common.php(1250): CodeIgniter\View\View->render('template/layout', Array, true)
#6 C:\xampp\htdocs\almexterno\app\Controllers\Usuario.php(48): view('template/layout', Array)
#7 C:\xampp\htdocs\almexterno\system\CodeIgniter.php(948): App\Controllers\Usuario->nuevoUsuario()
#8 C:\xampp\htdocs\almexterno\system\CodeIgniter.php(444): CodeIgniter\CodeIgniter->runController(Object(App\Controllers\Usuario))
#9 C:\xampp\htdocs\almexterno\system\CodeIgniter.php(344): CodeIgniter\CodeIgniter->handleRequest(NULL, Object(Config\Cache), false)
#10 C:\xampp\htdocs\almexterno\index.php(36): CodeIgniter\CodeIgniter->run()
#11 {main}
CRITICAL - 2022-02-25 12:06:10 --> Undefined variable: codigo
#0 C:\xampp\htdocs\almexterno\app\Views\usuarios\nuevousuario.php(29): CodeIgniter\Debug\Exceptions->errorHandler(8, 'Undefined varia...', 'C:\\xampp\\htdocs...', 29, Array)
#1 C:\xampp\htdocs\almexterno\system\View\View.php(220): include('C:\\xampp\\htdocs...')
#2 C:\xampp\htdocs\almexterno\system\View\View.php(222): CodeIgniter\View\View->CodeIgniter\View\{closure}()
#3 C:\xampp\htdocs\almexterno\system\Common.php(1250): CodeIgniter\View\View->render('usuarios/nuevou...', Array, true)
#4 C:\xampp\htdocs\almexterno\app\Views\template\layout.php(14): view('usuarios/nuevou...')
#5 C:\xampp\htdocs\almexterno\system\View\View.php(220): include('C:\\xampp\\htdocs...')
#6 C:\xampp\htdocs\almexterno\system\View\View.php(222): CodeIgniter\View\View->CodeIgniter\View\{closure}()
#7 C:\xampp\htdocs\almexterno\system\Common.php(1250): CodeIgniter\View\View->render('template/layout', Array, true)
#8 C:\xampp\htdocs\almexterno\app\Controllers\Usuario.php(48): view('template/layout', Array)
#9 C:\xampp\htdocs\almexterno\system\CodeIgniter.php(948): App\Controllers\Usuario->nuevoUsuario()
#10 C:\xampp\htdocs\almexterno\system\CodeIgniter.php(444): CodeIgniter\CodeIgniter->runController(Object(App\Controllers\Usuario))
#11 C:\xampp\htdocs\almexterno\system\CodeIgniter.php(344): CodeIgniter\CodeIgniter->handleRequest(NULL, Object(Config\Cache), false)
#12 C:\xampp\htdocs\almexterno\index.php(36): CodeIgniter\CodeIgniter->run()
#13 {main}
CRITICAL - 2022-02-25 12:18:16 --> Undefined variable: codigo
#0 C:\xampp\htdocs\almexterno\app\Views\usuarios\nuevousuario.php(29): CodeIgniter\Debug\Exceptions->errorHandler(8, 'Undefined varia...', 'C:\\xampp\\htdocs...', 29, Array)
#1 C:\xampp\htdocs\almexterno\system\View\View.php(220): include('C:\\xampp\\htdocs...')
#2 C:\xampp\htdocs\almexterno\system\View\View.php(222): CodeIgniter\View\View->CodeIgniter\View\{closure}()
#3 C:\xampp\htdocs\almexterno\system\Common.php(1250): CodeIgniter\View\View->render('usuarios/nuevou...', Array, true)
#4 C:\xampp\htdocs\almexterno\app\Views\template\layout.php(14): view('usuarios/nuevou...')
#5 C:\xampp\htdocs\almexterno\system\View\View.php(220): include('C:\\xampp\\htdocs...')
#6 C:\xampp\htdocs\almexterno\system\View\View.php(222): CodeIgniter\View\View->CodeIgniter\View\{closure}()
#7 C:\xampp\htdocs\almexterno\system\Common.php(1250): CodeIgniter\View\View->render('template/layout', Array, true)
#8 C:\xampp\htdocs\almexterno\app\Controllers\Usuario.php(53): view('template/layout', Array)
#9 C:\xampp\htdocs\almexterno\system\CodeIgniter.php(948): App\Controllers\Usuario->nuevoUsuario()
#10 C:\xampp\htdocs\almexterno\system\CodeIgniter.php(444): CodeIgniter\CodeIgniter->runController(Object(App\Controllers\Usuario))
#11 C:\xampp\htdocs\almexterno\system\CodeIgniter.php(344): CodeIgniter\CodeIgniter->handleRequest(NULL, Object(Config\Cache), false)
#12 C:\xampp\htdocs\almexterno\index.php(36): CodeIgniter\CodeIgniter->run()
#13 {main}
CRITICAL - 2022-02-25 12:20:23 --> Undefined variable: codigo
#0 C:\xampp\htdocs\almexterno\app\Views\usuarios\nuevousuario.php(44): CodeIgniter\Debug\Exceptions->errorHandler(8, 'Undefined varia...', 'C:\\xampp\\htdocs...', 44, Array)
#1 C:\xampp\htdocs\almexterno\system\View\View.php(220): include('C:\\xampp\\htdocs...')
#2 C:\xampp\htdocs\almexterno\system\View\View.php(222): CodeIgniter\View\View->CodeIgniter\View\{closure}()
#3 C:\xampp\htdocs\almexterno\system\Common.php(1250): CodeIgniter\View\View->render('usuarios/nuevou...', Array, true)
#4 C:\xampp\htdocs\almexterno\app\Views\template\layout.php(14): view('usuarios/nuevou...')
#5 C:\xampp\htdocs\almexterno\system\View\View.php(220): include('C:\\xampp\\htdocs...')
#6 C:\xampp\htdocs\almexterno\system\View\View.php(222): CodeIgniter\View\View->CodeIgniter\View\{closure}()
#7 C:\xampp\htdocs\almexterno\system\Common.php(1250): CodeIgniter\View\View->render('template/layout', Array, true)
#8 C:\xampp\htdocs\almexterno\app\Controllers\Usuario.php(53): view('template/layout', Array)
#9 C:\xampp\htdocs\almexterno\system\CodeIgniter.php(948): App\Controllers\Usuario->nuevoUsuario()
#10 C:\xampp\htdocs\almexterno\system\CodeIgniter.php(444): CodeIgniter\CodeIgniter->runController(Object(App\Controllers\Usuario))
#11 C:\xampp\htdocs\almexterno\system\CodeIgniter.php(344): CodeIgniter\CodeIgniter->handleRequest(NULL, Object(Config\Cache), false)
#12 C:\xampp\htdocs\almexterno\index.php(36): CodeIgniter\CodeIgniter->run()
#13 {main}
CRITICAL - 2022-02-25 12:20:53 --> Undefined variable: nombre
#0 C:\xampp\htdocs\almexterno\app\Views\usuarios\nuevousuario.php(48): CodeIgniter\Debug\Exceptions->errorHandler(8, 'Undefined varia...', 'C:\\xampp\\htdocs...', 48, Array)
#1 C:\xampp\htdocs\almexterno\system\View\View.php(220): include('C:\\xampp\\htdocs...')
#2 C:\xampp\htdocs\almexterno\system\View\View.php(222): CodeIgniter\View\View->CodeIgniter\View\{closure}()
#3 C:\xampp\htdocs\almexterno\system\Common.php(1250): CodeIgniter\View\View->render('usuarios/nuevou...', Array, true)
#4 C:\xampp\htdocs\almexterno\app\Views\template\layout.php(14): view('usuarios/nuevou...')
#5 C:\xampp\htdocs\almexterno\system\View\View.php(220): include('C:\\xampp\\htdocs...')
#6 C:\xampp\htdocs\almexterno\system\View\View.php(222): CodeIgniter\View\View->CodeIgniter\View\{closure}()
#7 C:\xampp\htdocs\almexterno\system\Common.php(1250): CodeIgniter\View\View->render('template/layout', Array, true)
#8 C:\xampp\htdocs\almexterno\app\Controllers\Usuario.php(53): view('template/layout', Array)
#9 C:\xampp\htdocs\almexterno\system\CodeIgniter.php(948): App\Controllers\Usuario->nuevoUsuario()
#10 C:\xampp\htdocs\almexterno\system\CodeIgniter.php(444): CodeIgniter\CodeIgniter->runController(Object(App\Controllers\Usuario))
#11 C:\xampp\htdocs\almexterno\system\CodeIgniter.php(344): CodeIgniter\CodeIgniter->handleRequest(NULL, Object(Config\Cache), false)
#12 C:\xampp\htdocs\almexterno\index.php(36): CodeIgniter\CodeIgniter->run()
#13 {main}
CRITICAL - 2022-02-25 12:22:32 --> Undefined variable: idproducto
#0 C:\xampp\htdocs\almexterno\app\Views\usuarios\nuevousuario.php(59): CodeIgniter\Debug\Exceptions->errorHandler(8, 'Undefined varia...', 'C:\\xampp\\htdocs...', 59, Array)
#1 C:\xampp\htdocs\almexterno\system\View\View.php(220): include('C:\\xampp\\htdocs...')
#2 C:\xampp\htdocs\almexterno\system\View\View.php(222): CodeIgniter\View\View->CodeIgniter\View\{closure}()
#3 C:\xampp\htdocs\almexterno\system\Common.php(1250): CodeIgniter\View\View->render('usuarios/nuevou...', Array, true)
#4 C:\xampp\htdocs\almexterno\app\Views\template\layout.php(14): view('usuarios/nuevou...')
#5 C:\xampp\htdocs\almexterno\system\View\View.php(220): include('C:\\xampp\\htdocs...')
#6 C:\xampp\htdocs\almexterno\system\View\View.php(222): CodeIgniter\View\View->CodeIgniter\View\{closure}()
#7 C:\xampp\htdocs\almexterno\system\Common.php(1250): CodeIgniter\View\View->render('template/layout', Array, true)
#8 C:\xampp\htdocs\almexterno\app\Controllers\Usuario.php(53): view('template/layout', Array)
#9 C:\xampp\htdocs\almexterno\system\CodeIgniter.php(948): App\Controllers\Usuario->nuevoUsuario()
#10 C:\xampp\htdocs\almexterno\system\CodeIgniter.php(444): CodeIgniter\CodeIgniter->runController(Object(App\Controllers\Usuario))
#11 C:\xampp\htdocs\almexterno\system\CodeIgniter.php(344): CodeIgniter\CodeIgniter->handleRequest(NULL, Object(Config\Cache), false)
#12 C:\xampp\htdocs\almexterno\index.php(36): CodeIgniter\CodeIgniter->run()
#13 {main}
ERROR - 2022-02-25 18:43:15 --> Unknown column 'jzelada' in 'where clause'
CRITICAL - 2022-02-25 18:43:15 --> Unknown column 'jzelada' in 'where clause'
#0 C:\xampp\htdocs\almexterno\system\Database\MySQLi\Connection.php(329): mysqli->query('select count(id...')
#1 C:\xampp\htdocs\almexterno\system\Database\BaseConnection.php(732): CodeIgniter\Database\MySQLi\Connection->execute('select count(id...')
#2 C:\xampp\htdocs\almexterno\system\Database\BaseConnection.php(647): CodeIgniter\Database\BaseConnection->simpleQuery('select count(id...')
#3 C:\xampp\htdocs\almexterno\app\Models\UsuarioModel.php(44): CodeIgniter\Database\BaseConnection->query('select count(id...')
#4 C:\xampp\htdocs\almexterno\app\Controllers\Usuario.php(95): App\Models\UsuarioModel->existeUsuarioUsu('jzelada')
#5 C:\xampp\htdocs\almexterno\system\CodeIgniter.php(948): App\Controllers\Usuario->saveUpdateUsuario()
#6 C:\xampp\htdocs\almexterno\system\CodeIgniter.php(444): CodeIgniter\CodeIgniter->runController(Object(App\Controllers\Usuario))
#7 C:\xampp\htdocs\almexterno\system\CodeIgniter.php(344): CodeIgniter\CodeIgniter->handleRequest(NULL, Object(Config\Cache), false)
#8 C:\xampp\htdocs\almexterno\index.php(36): CodeIgniter\CodeIgniter->run()
#9 {main}
CRITICAL - 2022-02-25 20:03:32 --> Call to undefined method CodeIgniter\Database\MySQLi\Result::getRowtArray()
#0 C:\xampp\htdocs\almexterno\app\Controllers\Usuario.php(49): App\Models\UsuarioModel->getUsuario('2')
#1 C:\xampp\htdocs\almexterno\system\CodeIgniter.php(948): App\Controllers\Usuario->nuevoUsuario('2')
#2 C:\xampp\htdocs\almexterno\system\CodeIgniter.php(444): CodeIgniter\CodeIgniter->runController(Object(App\Controllers\Usuario))
#3 C:\xampp\htdocs\almexterno\system\CodeIgniter.php(344): CodeIgniter\CodeIgniter->handleRequest(NULL, Object(Config\Cache), false)
#4 C:\xampp\htdocs\almexterno\index.php(36): CodeIgniter\CodeIgniter->run()
#5 {main}
CRITICAL - 2022-02-25 20:03:53 --> Undefined variable: producto
#0 C:\xampp\htdocs\almexterno\app\Controllers\Usuario.php(50): CodeIgniter\Debug\Exceptions->errorHandler(8, 'Undefined varia...', 'C:\\xampp\\htdocs...', 50, Array)
#1 C:\xampp\htdocs\almexterno\system\CodeIgniter.php(948): App\Controllers\Usuario->nuevoUsuario('2')
#2 C:\xampp\htdocs\almexterno\system\CodeIgniter.php(444): CodeIgniter\CodeIgniter->runController(Object(App\Controllers\Usuario))
#3 C:\xampp\htdocs\almexterno\system\CodeIgniter.php(344): CodeIgniter\CodeIgniter->handleRequest(NULL, Object(Config\Cache), false)
#4 C:\xampp\htdocs\almexterno\index.php(36): CodeIgniter\CodeIgniter->run()
#5 {main}
CRITICAL - 2022-02-25 20:03:55 --> Undefined variable: producto
#0 C:\xampp\htdocs\almexterno\app\Controllers\Usuario.php(50): CodeIgniter\Debug\Exceptions->errorHandler(8, 'Undefined varia...', 'C:\\xampp\\htdocs...', 50, Array)
#1 C:\xampp\htdocs\almexterno\system\CodeIgniter.php(948): App\Controllers\Usuario->nuevoUsuario('2')
#2 C:\xampp\htdocs\almexterno\system\CodeIgniter.php(444): CodeIgniter\CodeIgniter->runController(Object(App\Controllers\Usuario))
#3 C:\xampp\htdocs\almexterno\system\CodeIgniter.php(344): CodeIgniter\CodeIgniter->handleRequest(NULL, Object(Config\Cache), false)
#4 C:\xampp\htdocs\almexterno\index.php(36): CodeIgniter\CodeIgniter->run()
#5 {main}
CRITICAL - 2022-02-25 20:04:12 --> Illegal string offset 'nombres'
#0 C:\xampp\htdocs\almexterno\app\Views\usuarios\nuevousuario.php(6): CodeIgniter\Debug\Exceptions->errorHandler(2, 'Illegal string ...', 'C:\\xampp\\htdocs...', 6, Array)
#1 C:\xampp\htdocs\almexterno\system\View\View.php(220): include('C:\\xampp\\htdocs...')
#2 C:\xampp\htdocs\almexterno\system\View\View.php(222): CodeIgniter\View\View->CodeIgniter\View\{closure}()
#3 C:\xampp\htdocs\almexterno\system\Common.php(1250): CodeIgniter\View\View->render('usuarios/nuevou...', Array, true)
#4 C:\xampp\htdocs\almexterno\app\Views\template\layout.php(14): view('usuarios/nuevou...')
#5 C:\xampp\htdocs\almexterno\system\View\View.php(220): include('C:\\xampp\\htdocs...')
#6 C:\xampp\htdocs\almexterno\system\View\View.php(222): CodeIgniter\View\View->CodeIgniter\View\{closure}()
#7 C:\xampp\htdocs\almexterno\system\Common.php(1250): CodeIgniter\View\View->render('template/layout', Array, true)
#8 C:\xampp\htdocs\almexterno\app\Controllers\Usuario.php(53): view('template/layout', Array)
#9 C:\xampp\htdocs\almexterno\system\CodeIgniter.php(948): App\Controllers\Usuario->nuevoUsuario('2')
#10 C:\xampp\htdocs\almexterno\system\CodeIgniter.php(444): CodeIgniter\CodeIgniter->runController(Object(App\Controllers\Usuario))
#11 C:\xampp\htdocs\almexterno\system\CodeIgniter.php(344): CodeIgniter\CodeIgniter->handleRequest(NULL, Object(Config\Cache), false)
#12 C:\xampp\htdocs\almexterno\index.php(36): CodeIgniter\CodeIgniter->run()
#13 {main}
CRITICAL - 2022-02-25 20:05:54 --> Illegal string offset 'nombres'
#0 C:\xampp\htdocs\almexterno\app\Views\usuarios\nuevousuario.php(6): CodeIgniter\Debug\Exceptions->errorHandler(2, 'Illegal string ...', 'C:\\xampp\\htdocs...', 6, Array)
#1 C:\xampp\htdocs\almexterno\system\View\View.php(220): include('C:\\xampp\\htdocs...')
#2 C:\xampp\htdocs\almexterno\system\View\View.php(222): CodeIgniter\View\View->CodeIgniter\View\{closure}()
#3 C:\xampp\htdocs\almexterno\system\Common.php(1250): CodeIgniter\View\View->render('usuarios/nuevou...', Array, true)
#4 C:\xampp\htdocs\almexterno\app\Views\template\layout.php(14): view('usuarios/nuevou...')
#5 C:\xampp\htdocs\almexterno\system\View\View.php(220): include('C:\\xampp\\htdocs...')
#6 C:\xampp\htdocs\almexterno\system\View\View.php(222): CodeIgniter\View\View->CodeIgniter\View\{closure}()
#7 C:\xampp\htdocs\almexterno\system\Common.php(1250): CodeIgniter\View\View->render('template/layout', Array, true)
#8 C:\xampp\htdocs\almexterno\app\Controllers\Usuario.php(53): view('template/layout', Array)
#9 C:\xampp\htdocs\almexterno\system\CodeIgniter.php(948): App\Controllers\Usuario->nuevoUsuario('2')
#10 C:\xampp\htdocs\almexterno\system\CodeIgniter.php(444): CodeIgniter\CodeIgniter->runController(Object(App\Controllers\Usuario))
#11 C:\xampp\htdocs\almexterno\system\CodeIgniter.php(344): CodeIgniter\CodeIgniter->handleRequest(NULL, Object(Config\Cache), false)
#12 C:\xampp\htdocs\almexterno\index.php(36): CodeIgniter\CodeIgniter->run()
#13 {main}
CRITICAL - 2022-02-25 20:06:17 --> Undefined variable: title_head
#0 C:\xampp\htdocs\almexterno\app\Views\usuarios\nuevousuario.php(38): CodeIgniter\Debug\Exceptions->errorHandler(8, 'Undefined varia...', 'C:\\xampp\\htdocs...', 38, Array)
#1 C:\xampp\htdocs\almexterno\system\View\View.php(220): include('C:\\xampp\\htdocs...')
#2 C:\xampp\htdocs\almexterno\system\View\View.php(222): CodeIgniter\View\View->CodeIgniter\View\{closure}()
#3 C:\xampp\htdocs\almexterno\system\Common.php(1250): CodeIgniter\View\View->render('usuarios/nuevou...', Array, true)
#4 C:\xampp\htdocs\almexterno\app\Views\template\layout.php(14): view('usuarios/nuevou...')
#5 C:\xampp\htdocs\almexterno\system\View\View.php(220): include('C:\\xampp\\htdocs...')
#6 C:\xampp\htdocs\almexterno\system\View\View.php(222): CodeIgniter\View\View->CodeIgniter\View\{closure}()
#7 C:\xampp\htdocs\almexterno\system\Common.php(1250): CodeIgniter\View\View->render('template/layout', Array, true)
#8 C:\xampp\htdocs\almexterno\app\Controllers\Usuario.php(53): view('template/layout', Array)
#9 C:\xampp\htdocs\almexterno\system\CodeIgniter.php(948): App\Controllers\Usuario->nuevoUsuario('2')
#10 C:\xampp\htdocs\almexterno\system\CodeIgniter.php(444): CodeIgniter\CodeIgniter->runController(Object(App\Controllers\Usuario))
#11 C:\xampp\htdocs\almexterno\system\CodeIgniter.php(344): CodeIgniter\CodeIgniter->handleRequest(NULL, Object(Config\Cache), false)
#12 C:\xampp\htdocs\almexterno\index.php(36): CodeIgniter\CodeIgniter->run()
#13 {main}
CRITICAL - 2022-02-25 20:06:33 --> Array to string conversion
#0 C:\xampp\htdocs\almexterno\app\Views\usuarios\nuevousuario.php(44): CodeIgniter\Debug\Exceptions->errorHandler(8, 'Array to string...', 'C:\\xampp\\htdocs...', 44, Array)
#1 C:\xampp\htdocs\almexterno\system\View\View.php(220): include('C:\\xampp\\htdocs...')
#2 C:\xampp\htdocs\almexterno\system\View\View.php(222): CodeIgniter\View\View->CodeIgniter\View\{closure}()
#3 C:\xampp\htdocs\almexterno\system\Common.php(1250): CodeIgniter\View\View->render('usuarios/nuevou...', Array, true)
#4 C:\xampp\htdocs\almexterno\app\Views\template\layout.php(14): view('usuarios/nuevou...')
#5 C:\xampp\htdocs\almexterno\system\View\View.php(220): include('C:\\xampp\\htdocs...')
#6 C:\xampp\htdocs\almexterno\system\View\View.php(222): CodeIgniter\View\View->CodeIgniter\View\{closure}()
#7 C:\xampp\htdocs\almexterno\system\Common.php(1250): CodeIgniter\View\View->render('template/layout', Array, true)
#8 C:\xampp\htdocs\almexterno\app\Controllers\Usuario.php(53): view('template/layout', Array)
#9 C:\xampp\htdocs\almexterno\system\CodeIgniter.php(948): App\Controllers\Usuario->nuevoUsuario('2')
#10 C:\xampp\htdocs\almexterno\system\CodeIgniter.php(444): CodeIgniter\CodeIgniter->runController(Object(App\Controllers\Usuario))
#11 C:\xampp\htdocs\almexterno\system\CodeIgniter.php(344): CodeIgniter\CodeIgniter->handleRequest(NULL, Object(Config\Cache), false)
#12 C:\xampp\htdocs\almexterno\index.php(36): CodeIgniter\CodeIgniter->run()
#13 {main}
CRITICAL - 2022-02-25 20:06:53 --> Illegal string offset 'nombres'
#0 C:\xampp\htdocs\almexterno\app\Views\usuarios\nuevousuario.php(6): CodeIgniter\Debug\Exceptions->errorHandler(2, 'Illegal string ...', 'C:\\xampp\\htdocs...', 6, Array)
#1 C:\xampp\htdocs\almexterno\system\View\View.php(220): include('C:\\xampp\\htdocs...')
#2 C:\xampp\htdocs\almexterno\system\View\View.php(222): CodeIgniter\View\View->CodeIgniter\View\{closure}()
#3 C:\xampp\htdocs\almexterno\system\Common.php(1250): CodeIgniter\View\View->render('usuarios/nuevou...', Array, true)
#4 C:\xampp\htdocs\almexterno\app\Views\template\layout.php(14): view('usuarios/nuevou...')
#5 C:\xampp\htdocs\almexterno\system\View\View.php(220): include('C:\\xampp\\htdocs...')
#6 C:\xampp\htdocs\almexterno\system\View\View.php(222): CodeIgniter\View\View->CodeIgniter\View\{closure}()
#7 C:\xampp\htdocs\almexterno\system\Common.php(1250): CodeIgniter\View\View->render('template/layout', Array, true)
#8 C:\xampp\htdocs\almexterno\app\Controllers\Usuario.php(53): view('template/layout', Array)
#9 C:\xampp\htdocs\almexterno\system\CodeIgniter.php(948): App\Controllers\Usuario->nuevoUsuario('2')
#10 C:\xampp\htdocs\almexterno\system\CodeIgniter.php(444): CodeIgniter\CodeIgniter->runController(Object(App\Controllers\Usuario))
#11 C:\xampp\htdocs\almexterno\system\CodeIgniter.php(344): CodeIgniter\CodeIgniter->handleRequest(NULL, Object(Config\Cache), false)
#12 C:\xampp\htdocs\almexterno\index.php(36): CodeIgniter\CodeIgniter->run()
#13 {main}
CRITICAL - 2022-02-25 20:07:13 --> Illegal string offset 'nombres'
#0 C:\xampp\htdocs\almexterno\app\Views\usuarios\nuevousuario.php(6): CodeIgniter\Debug\Exceptions->errorHandler(2, 'Illegal string ...', 'C:\\xampp\\htdocs...', 6, Array)
#1 C:\xampp\htdocs\almexterno\system\View\View.php(220): include('C:\\xampp\\htdocs...')
#2 C:\xampp\htdocs\almexterno\system\View\View.php(222): CodeIgniter\View\View->CodeIgniter\View\{closure}()
#3 C:\xampp\htdocs\almexterno\system\Common.php(1250): CodeIgniter\View\View->render('usuarios/nuevou...', Array, true)
#4 C:\xampp\htdocs\almexterno\app\Views\template\layout.php(14): view('usuarios/nuevou...')
#5 C:\xampp\htdocs\almexterno\system\View\View.php(220): include('C:\\xampp\\htdocs...')
#6 C:\xampp\htdocs\almexterno\system\View\View.php(222): CodeIgniter\View\View->CodeIgniter\View\{closure}()
#7 C:\xampp\htdocs\almexterno\system\Common.php(1250): CodeIgniter\View\View->render('template/layout', Array, true)
#8 C:\xampp\htdocs\almexterno\app\Controllers\Usuario.php(53): view('template/layout', Array)
#9 C:\xampp\htdocs\almexterno\system\CodeIgniter.php(948): App\Controllers\Usuario->nuevoUsuario('2')
#10 C:\xampp\htdocs\almexterno\system\CodeIgniter.php(444): CodeIgniter\CodeIgniter->runController(Object(App\Controllers\Usuario))
#11 C:\xampp\htdocs\almexterno\system\CodeIgniter.php(344): CodeIgniter\CodeIgniter->handleRequest(NULL, Object(Config\Cache), false)
#12 C:\xampp\htdocs\almexterno\index.php(36): CodeIgniter\CodeIgniter->run()
#13 {main}
CRITICAL - 2022-02-25 20:07:33 --> Illegal string offset 'dni'
#0 C:\xampp\htdocs\almexterno\app\Views\usuarios\nuevousuario.php(7): CodeIgniter\Debug\Exceptions->errorHandler(2, 'Illegal string ...', 'C:\\xampp\\htdocs...', 7, Array)
#1 C:\xampp\htdocs\almexterno\system\View\View.php(220): include('C:\\xampp\\htdocs...')
#2 C:\xampp\htdocs\almexterno\system\View\View.php(222): CodeIgniter\View\View->CodeIgniter\View\{closure}()
#3 C:\xampp\htdocs\almexterno\system\Common.php(1250): CodeIgniter\View\View->render('usuarios/nuevou...', Array, true)
#4 C:\xampp\htdocs\almexterno\app\Views\template\layout.php(14): view('usuarios/nuevou...')
#5 C:\xampp\htdocs\almexterno\system\View\View.php(220): include('C:\\xampp\\htdocs...')
#6 C:\xampp\htdocs\almexterno\system\View\View.php(222): CodeIgniter\View\View->CodeIgniter\View\{closure}()
#7 C:\xampp\htdocs\almexterno\system\Common.php(1250): CodeIgniter\View\View->render('template/layout', Array, true)
#8 C:\xampp\htdocs\almexterno\app\Controllers\Usuario.php(53): view('template/layout', Array)
#9 C:\xampp\htdocs\almexterno\system\CodeIgniter.php(948): App\Controllers\Usuario->nuevoUsuario('2')
#10 C:\xampp\htdocs\almexterno\system\CodeIgniter.php(444): CodeIgniter\CodeIgniter->runController(Object(App\Controllers\Usuario))
#11 C:\xampp\htdocs\almexterno\system\CodeIgniter.php(344): CodeIgniter\CodeIgniter->handleRequest(NULL, Object(Config\Cache), false)
#12 C:\xampp\htdocs\almexterno\index.php(36): CodeIgniter\CodeIgniter->run()
#13 {main}
CRITICAL - 2022-02-25 20:15:10 --> Undefined variable: usuario
#0 C:\xampp\htdocs\almexterno\app\Views\usuarios\nuevousuario.php(3): CodeIgniter\Debug\Exceptions->errorHandler(8, 'Undefined varia...', 'C:\\xampp\\htdocs...', 3, Array)
#1 C:\xampp\htdocs\almexterno\system\View\View.php(220): include('C:\\xampp\\htdocs...')
#2 C:\xampp\htdocs\almexterno\system\View\View.php(222): CodeIgniter\View\View->CodeIgniter\View\{closure}()
#3 C:\xampp\htdocs\almexterno\system\Common.php(1250): CodeIgniter\View\View->render('usuarios/nuevou...', Array, true)
#4 C:\xampp\htdocs\almexterno\app\Views\template\layout.php(14): view('usuarios/nuevou...')
#5 C:\xampp\htdocs\almexterno\system\View\View.php(220): include('C:\\xampp\\htdocs...')
#6 C:\xampp\htdocs\almexterno\system\View\View.php(222): CodeIgniter\View\View->CodeIgniter\View\{closure}()
#7 C:\xampp\htdocs\almexterno\system\Common.php(1250): CodeIgniter\View\View->render('template/layout', Array, true)
#8 C:\xampp\htdocs\almexterno\app\Controllers\Usuario.php(53): view('template/layout', Array)
#9 C:\xampp\htdocs\almexterno\system\CodeIgniter.php(948): App\Controllers\Usuario->nuevoUsuario('2')
#10 C:\xampp\htdocs\almexterno\system\CodeIgniter.php(444): CodeIgniter\CodeIgniter->runController(Object(App\Controllers\Usuario))
#11 C:\xampp\htdocs\almexterno\system\CodeIgniter.php(344): CodeIgniter\CodeIgniter->handleRequest(NULL, Object(Config\Cache), false)
#12 C:\xampp\htdocs\almexterno\index.php(36): CodeIgniter\CodeIgniter->run()
#13 {main}
ERROR - 2022-02-25 21:07:45 --> You have an error in your SQL syntax; check the manual that corresponds to your MariaDB server version for the right syntax to use near 'where status=1' at line 1
CRITICAL - 2022-02-25 21:07:45 --> You have an error in your SQL syntax; check the manual that corresponds to your MariaDB server version for the right syntax to use near 'where status=1' at line 1
#0 C:\xampp\htdocs\almexterno\system\Database\MySQLi\Connection.php(329): mysqli->query('select * from u...')
#1 C:\xampp\htdocs\almexterno\system\Database\BaseConnection.php(732): CodeIgniter\Database\MySQLi\Connection->execute('select * from u...')
#2 C:\xampp\htdocs\almexterno\system\Database\BaseConnection.php(647): CodeIgniter\Database\BaseConnection->simpleQuery('select * from u...')
#3 C:\xampp\htdocs\almexterno\app\Models\UsuarioModel.php(11): CodeIgniter\Database\BaseConnection->query('select * from u...')
#4 C:\xampp\htdocs\almexterno\app\Controllers\Inicio.php(36): App\Models\UsuarioModel->validaUsuario('JZELADA')
#5 C:\xampp\htdocs\almexterno\system\CodeIgniter.php(948): App\Controllers\Inicio->index()
#6 C:\xampp\htdocs\almexterno\system\CodeIgniter.php(444): CodeIgniter\CodeIgniter->runController(Object(App\Controllers\Inicio))
#7 C:\xampp\htdocs\almexterno\system\CodeIgniter.php(344): CodeIgniter\CodeIgniter->handleRequest(NULL, Object(Config\Cache), false)
#8 C:\xampp\htdocs\almexterno\index.php(36): CodeIgniter\CodeIgniter->run()
#9 {main}
ERROR - 2022-02-25 21:08:19 --> You have an error in your SQL syntax; check the manual that corresponds to your MariaDB server version for the right syntax to use near 'where status=1' at line 1
CRITICAL - 2022-02-25 21:08:19 --> You have an error in your SQL syntax; check the manual that corresponds to your MariaDB server version for the right syntax to use near 'where status=1' at line 1
#0 C:\xampp\htdocs\almexterno\system\Database\MySQLi\Connection.php(329): mysqli->query('select * from u...')
#1 C:\xampp\htdocs\almexterno\system\Database\BaseConnection.php(732): CodeIgniter\Database\MySQLi\Connection->execute('select * from u...')
#2 C:\xampp\htdocs\almexterno\system\Database\BaseConnection.php(647): CodeIgniter\Database\BaseConnection->simpleQuery('select * from u...')
#3 C:\xampp\htdocs\almexterno\app\Models\UsuarioModel.php(11): CodeIgniter\Database\BaseConnection->query('select * from u...')
#4 C:\xampp\htdocs\almexterno\app\Controllers\Inicio.php(36): App\Models\UsuarioModel->validaUsuario('JZELADA')
#5 C:\xampp\htdocs\almexterno\system\CodeIgniter.php(948): App\Controllers\Inicio->index()
#6 C:\xampp\htdocs\almexterno\system\CodeIgniter.php(444): CodeIgniter\CodeIgniter->runController(Object(App\Controllers\Inicio))
#7 C:\xampp\htdocs\almexterno\system\CodeIgniter.php(344): CodeIgniter\CodeIgniter->handleRequest(NULL, Object(Config\Cache), false)
#8 C:\xampp\htdocs\almexterno\index.php(36): CodeIgniter\CodeIgniter->run()
#9 {main}
CRITICAL - 2022-02-25 21:31:06 --> Call to undefined function get_instance()
#0 C:\xampp\htdocs\almexterno\system\View\View.php(220): include()
#1 C:\xampp\htdocs\almexterno\system\View\View.php(222): CodeIgniter\View\View->CodeIgniter\View\{closure}()
#2 C:\xampp\htdocs\almexterno\system\Common.php(1250): CodeIgniter\View\View->render('template/layout', Array, true)
#3 C:\xampp\htdocs\almexterno\app\Controllers\Inicio.php(71): view('template/layout', Array)
#4 C:\xampp\htdocs\almexterno\system\CodeIgniter.php(948): App\Controllers\Inicio->dashboard()
#5 C:\xampp\htdocs\almexterno\system\CodeIgniter.php(444): CodeIgniter\CodeIgniter->runController(Object(App\Controllers\Inicio))
#6 C:\xampp\htdocs\almexterno\system\CodeIgniter.php(344): CodeIgniter\CodeIgniter->handleRequest(NULL, Object(Config\Cache), false)
#7 C:\xampp\htdocs\almexterno\index.php(36): CodeIgniter\CodeIgniter->run()
#8 {main}
