CRITICAL - 2022-10-18 11:48:07 --> Undefined property: App\Controllers\Usuario::$modeloUsuaurio
#0 C:\xampp\htdocs\almexterno\app\Controllers\Usuario.php(184): CodeIgniter\Debug\Exceptions->errorHandler(8, 'Undefined prope...', 'C:\\xampp\\htdocs...', 184, Array)
#1 C:\xampp\htdocs\almexterno\system\CodeIgniter.php(948): App\Controllers\Usuario->eliminarUsuario()
#2 C:\xampp\htdocs\almexterno\system\CodeIgniter.php(444): CodeIgniter\CodeIgniter->runController(Object(App\Controllers\Usuario))
#3 C:\xampp\htdocs\almexterno\system\CodeIgniter.php(344): CodeIgniter\CodeIgniter->handleRequest(NULL, Object(Config\Cache), false)
#4 C:\xampp\htdocs\almexterno\index.php(36): CodeIgniter\CodeIgniter->run()
#5 {main}
CRITICAL - 2022-10-18 11:54:07 --> syntax error, unexpected 'return' (T_RETURN), expecting ';'
#0 C:\xampp\htdocs\almexterno\system\Autoloader\Autoloader.php(265): CodeIgniter\Autoloader\Autoloader->includeFile('C:\\xampp\\htdocs...')
#1 C:\xampp\htdocs\almexterno\system\Autoloader\Autoloader.php(228): CodeIgniter\Autoloader\Autoloader->loadInNamespace('App\\Models\\Usua...')
#2 [internal function]: CodeIgniter\Autoloader\Autoloader->loadClass('App\\Models\\Usua...')
#3 [internal function]: spl_autoload_call('App\\Models\\Usua...')
#4 C:\xampp\htdocs\almexterno\system\Config\Factories.php(149): class_exists('App\\Models\\Usua...')
#5 C:\xampp\htdocs\almexterno\system\Config\Factories.php(115): CodeIgniter\Config\Factories::locateClass(Array, 'UsuarioModel')
#6 C:\xampp\htdocs\almexterno\system\Common.php(883): CodeIgniter\Config\Factories::__callStatic('models', Array)
#7 C:\xampp\htdocs\almexterno\app\Controllers\Requerimiento.php(15): model('UsuarioModel')
#8 C:\xampp\htdocs\almexterno\system\CodeIgniter.php(920): App\Controllers\Requerimiento->__construct()
#9 C:\xampp\htdocs\almexterno\system\CodeIgniter.php(434): CodeIgniter\CodeIgniter->createController()
#10 C:\xampp\htdocs\almexterno\system\CodeIgniter.php(344): CodeIgniter\CodeIgniter->handleRequest(NULL, Object(Config\Cache), false)
#11 C:\xampp\htdocs\almexterno\index.php(36): CodeIgniter\CodeIgniter->run()
#12 {main}
CRITICAL - 2022-10-18 11:54:09 --> syntax error, unexpected 'return' (T_RETURN), expecting ';'
#0 C:\xampp\htdocs\almexterno\system\Autoloader\Autoloader.php(265): CodeIgniter\Autoloader\Autoloader->includeFile('C:\\xampp\\htdocs...')
#1 C:\xampp\htdocs\almexterno\system\Autoloader\Autoloader.php(228): CodeIgniter\Autoloader\Autoloader->loadInNamespace('App\\Models\\Usua...')
#2 [internal function]: CodeIgniter\Autoloader\Autoloader->loadClass('App\\Models\\Usua...')
#3 [internal function]: spl_autoload_call('App\\Models\\Usua...')
#4 C:\xampp\htdocs\almexterno\system\Config\Factories.php(149): class_exists('App\\Models\\Usua...')
#5 C:\xampp\htdocs\almexterno\system\Config\Factories.php(115): CodeIgniter\Config\Factories::locateClass(Array, 'UsuarioModel')
#6 C:\xampp\htdocs\almexterno\system\Common.php(883): CodeIgniter\Config\Factories::__callStatic('models', Array)
#7 C:\xampp\htdocs\almexterno\app\Controllers\Usuario.php(12): model('UsuarioModel')
#8 C:\xampp\htdocs\almexterno\system\CodeIgniter.php(920): App\Controllers\Usuario->__construct()
#9 C:\xampp\htdocs\almexterno\system\CodeIgniter.php(434): CodeIgniter\CodeIgniter->createController()
#10 C:\xampp\htdocs\almexterno\system\CodeIgniter.php(344): CodeIgniter\CodeIgniter->handleRequest(NULL, Object(Config\Cache), false)
#11 C:\xampp\htdocs\almexterno\index.php(36): CodeIgniter\CodeIgniter->run()
#12 {main}
CRITICAL - 2022-10-18 11:54:12 --> syntax error, unexpected 'return' (T_RETURN), expecting ';'
#0 C:\xampp\htdocs\almexterno\system\Autoloader\Autoloader.php(265): CodeIgniter\Autoloader\Autoloader->includeFile('C:\\xampp\\htdocs...')
#1 C:\xampp\htdocs\almexterno\system\Autoloader\Autoloader.php(228): CodeIgniter\Autoloader\Autoloader->loadInNamespace('App\\Models\\Usua...')
#2 [internal function]: CodeIgniter\Autoloader\Autoloader->loadClass('App\\Models\\Usua...')
#3 [internal function]: spl_autoload_call('App\\Models\\Usua...')
#4 C:\xampp\htdocs\almexterno\system\Config\Factories.php(149): class_exists('App\\Models\\Usua...')
#5 C:\xampp\htdocs\almexterno\system\Config\Factories.php(115): CodeIgniter\Config\Factories::locateClass(Array, 'UsuarioModel')
#6 C:\xampp\htdocs\almexterno\system\Common.php(883): CodeIgniter\Config\Factories::__callStatic('models', Array)
#7 C:\xampp\htdocs\almexterno\app\Controllers\Requerimiento.php(15): model('UsuarioModel')
#8 C:\xampp\htdocs\almexterno\system\CodeIgniter.php(920): App\Controllers\Requerimiento->__construct()
#9 C:\xampp\htdocs\almexterno\system\CodeIgniter.php(434): CodeIgniter\CodeIgniter->createController()
#10 C:\xampp\htdocs\almexterno\system\CodeIgniter.php(344): CodeIgniter\CodeIgniter->handleRequest(NULL, Object(Config\Cache), false)
#11 C:\xampp\htdocs\almexterno\index.php(36): CodeIgniter\CodeIgniter->run()
#12 {main}
CRITICAL - 2022-10-18 11:54:22 --> syntax error, unexpected 'return' (T_RETURN), expecting ';'
#0 C:\xampp\htdocs\almexterno\system\Autoloader\Autoloader.php(265): CodeIgniter\Autoloader\Autoloader->includeFile('C:\\xampp\\htdocs...')
#1 C:\xampp\htdocs\almexterno\system\Autoloader\Autoloader.php(228): CodeIgniter\Autoloader\Autoloader->loadInNamespace('App\\Models\\Usua...')
#2 [internal function]: CodeIgniter\Autoloader\Autoloader->loadClass('App\\Models\\Usua...')
#3 [internal function]: spl_autoload_call('App\\Models\\Usua...')
#4 C:\xampp\htdocs\almexterno\system\Config\Factories.php(149): class_exists('App\\Models\\Usua...')
#5 C:\xampp\htdocs\almexterno\system\Config\Factories.php(115): CodeIgniter\Config\Factories::locateClass(Array, 'UsuarioModel')
#6 C:\xampp\htdocs\almexterno\system\Common.php(883): CodeIgniter\Config\Factories::__callStatic('models', Array)
#7 C:\xampp\htdocs\almexterno\app\Controllers\Requerimiento.php(15): model('UsuarioModel')
#8 C:\xampp\htdocs\almexterno\system\CodeIgniter.php(920): App\Controllers\Requerimiento->__construct()
#9 C:\xampp\htdocs\almexterno\system\CodeIgniter.php(434): CodeIgniter\CodeIgniter->createController()
#10 C:\xampp\htdocs\almexterno\system\CodeIgniter.php(344): CodeIgniter\CodeIgniter->handleRequest(NULL, Object(Config\Cache), false)
#11 C:\xampp\htdocs\almexterno\index.php(36): CodeIgniter\CodeIgniter->run()
#12 {main}
CRITICAL - 2022-10-18 11:54:27 --> Call to undefined method CodeIgniter\Database\MySQLi\Result::num_rows()
#0 C:\xampp\htdocs\almexterno\app\Controllers\Usuario.php(184): App\Models\UsuarioModel->vericaUsuEnProducto('2')
#1 C:\xampp\htdocs\almexterno\system\CodeIgniter.php(948): App\Controllers\Usuario->eliminarUsuario()
#2 C:\xampp\htdocs\almexterno\system\CodeIgniter.php(444): CodeIgniter\CodeIgniter->runController(Object(App\Controllers\Usuario))
#3 C:\xampp\htdocs\almexterno\system\CodeIgniter.php(344): CodeIgniter\CodeIgniter->handleRequest(NULL, Object(Config\Cache), false)
#4 C:\xampp\htdocs\almexterno\index.php(36): CodeIgniter\CodeIgniter->run()
#5 {main}
CRITICAL - 2022-10-18 12:00:07 --> Call to undefined method CodeIgniter\Database\MySQLi\Result::CountAll()
#0 C:\xampp\htdocs\almexterno\app\Controllers\Usuario.php(184): App\Models\UsuarioModel->vericaUsuEnProducto('2')
#1 C:\xampp\htdocs\almexterno\system\CodeIgniter.php(948): App\Controllers\Usuario->eliminarUsuario()
#2 C:\xampp\htdocs\almexterno\system\CodeIgniter.php(444): CodeIgniter\CodeIgniter->runController(Object(App\Controllers\Usuario))
#3 C:\xampp\htdocs\almexterno\system\CodeIgniter.php(344): CodeIgniter\CodeIgniter->handleRequest(NULL, Object(Config\Cache), false)
#4 C:\xampp\htdocs\almexterno\index.php(36): CodeIgniter\CodeIgniter->run()
#5 {main}
CRITICAL - 2022-10-18 12:00:24 --> Call to undefined method CodeIgniter\Database\MySQLi\Result::countAllResult()
#0 C:\xampp\htdocs\almexterno\app\Controllers\Usuario.php(184): App\Models\UsuarioModel->vericaUsuEnProducto('2')
#1 C:\xampp\htdocs\almexterno\system\CodeIgniter.php(948): App\Controllers\Usuario->eliminarUsuario()
#2 C:\xampp\htdocs\almexterno\system\CodeIgniter.php(444): CodeIgniter\CodeIgniter->runController(Object(App\Controllers\Usuario))
#3 C:\xampp\htdocs\almexterno\system\CodeIgniter.php(344): CodeIgniter\CodeIgniter->handleRequest(NULL, Object(Config\Cache), false)
#4 C:\xampp\htdocs\almexterno\index.php(36): CodeIgniter\CodeIgniter->run()
#5 {main}
CRITICAL - 2022-10-18 12:04:23 --> json_decode() expects parameter 1 to be string, array given
#0 [internal function]: CodeIgniter\Debug\Exceptions->errorHandler(2, 'json_decode() e...', 'C:\\xampp\\htdocs...', 199, Array)
#1 C:\xampp\htdocs\almexterno\app\Controllers\Usuario.php(199): json_decode(Array)
#2 C:\xampp\htdocs\almexterno\system\CodeIgniter.php(948): App\Controllers\Usuario->eliminarUsuario()
#3 C:\xampp\htdocs\almexterno\system\CodeIgniter.php(444): CodeIgniter\CodeIgniter->runController(Object(App\Controllers\Usuario))
#4 C:\xampp\htdocs\almexterno\system\CodeIgniter.php(344): CodeIgniter\CodeIgniter->handleRequest(NULL, Object(Config\Cache), false)
#5 C:\xampp\htdocs\almexterno\index.php(36): CodeIgniter\CodeIgniter->run()
#6 {main}
CRITICAL - 2022-10-18 12:05:45 --> A non-numeric value encountered
#0 C:\xampp\htdocs\almexterno\app\Controllers\Usuario.php(200): CodeIgniter\Debug\Exceptions->errorHandler(2, 'A non-numeric v...', 'C:\\xampp\\htdocs...', 200, Array)
#1 C:\xampp\htdocs\almexterno\system\CodeIgniter.php(948): App\Controllers\Usuario->eliminarUsuario()
#2 C:\xampp\htdocs\almexterno\system\CodeIgniter.php(444): CodeIgniter\CodeIgniter->runController(Object(App\Controllers\Usuario))
#3 C:\xampp\htdocs\almexterno\system\CodeIgniter.php(344): CodeIgniter\CodeIgniter->handleRequest(NULL, Object(Config\Cache), false)
#4 C:\xampp\htdocs\almexterno\index.php(36): CodeIgniter\CodeIgniter->run()
#5 {main}
CRITICAL - 2022-10-18 12:07:15 --> syntax error, unexpected '"', 'warning', 'Aceptar')</scr' (T_CONSTANT_ENCAPSED_STRING), expecting ',' or ';'
#0 C:\xampp\htdocs\almexterno\system\Autoloader\Autoloader.php(265): CodeIgniter\Autoloader\Autoloader->includeFile('C:\\xampp\\htdocs...')
#1 C:\xampp\htdocs\almexterno\system\Autoloader\Autoloader.php(228): CodeIgniter\Autoloader\Autoloader->loadInNamespace('App\\Controllers...')
#2 [internal function]: CodeIgniter\Autoloader\Autoloader->loadClass('App\\Controllers...')
#3 [internal function]: spl_autoload_call('App\\Controllers...')
#4 C:\xampp\htdocs\almexterno\system\CodeIgniter.php(905): class_exists('\\App\\Controller...', true)
#5 C:\xampp\htdocs\almexterno\system\CodeIgniter.php(429): CodeIgniter\CodeIgniter->startController()
#6 C:\xampp\htdocs\almexterno\system\CodeIgniter.php(344): CodeIgniter\CodeIgniter->handleRequest(NULL, Object(Config\Cache), false)
#7 C:\xampp\htdocs\almexterno\index.php(36): CodeIgniter\CodeIgniter->run()
#8 {main}
