ERROR - 2022-02-09 09:23:45 --> You have an error in your SQL syntax; check the manual that corresponds to your MariaDB server version for the right syntax to use near ''' at line 5
CRITICAL - 2022-02-09 09:23:45 --> You have an error in your SQL syntax; check the manual that corresponds to your MariaDB server version for the right syntax to use near ''' at line 5
#0 C:\xampp\htdocs\almexterno\system\Database\MySQLi\Connection.php(329): mysqli->query('select p.idprod...')
#1 C:\xampp\htdocs\almexterno\system\Database\BaseConnection.php(732): CodeIgniter\Database\MySQLi\Connection->execute('select p.idprod...')
#2 C:\xampp\htdocs\almexterno\system\Database\BaseConnection.php(647): CodeIgniter\Database\BaseConnection->simpleQuery('select p.idprod...')
#3 C:\xampp\htdocs\almexterno\app\Models\ProductoModel.php(93): CodeIgniter\Database\BaseConnection->query('select p.idprod...')
#4 C:\xampp\htdocs\almexterno\app\Controllers\Producto.php(149): App\Models\ProductoModel->getProductos('bond'')
#5 C:\xampp\htdocs\almexterno\system\CodeIgniter.php(948): App\Controllers\Producto->listProductosDT()
#6 C:\xampp\htdocs\almexterno\system\CodeIgniter.php(444): CodeIgniter\CodeIgniter->runController(Object(App\Controllers\Producto))
#7 C:\xampp\htdocs\almexterno\system\CodeIgniter.php(344): CodeIgniter\CodeIgniter->handleRequest(NULL, Object(Config\Cache), false)
#8 C:\xampp\htdocs\almexterno\index.php(36): CodeIgniter\CodeIgniter->run()
#9 {main}
ERROR - 2022-02-09 09:23:49 --> You have an error in your SQL syntax; check the manual that corresponds to your MariaDB server version for the right syntax to use near ''' at line 5
CRITICAL - 2022-02-09 09:23:49 --> You have an error in your SQL syntax; check the manual that corresponds to your MariaDB server version for the right syntax to use near ''' at line 5
#0 C:\xampp\htdocs\almexterno\system\Database\MySQLi\Connection.php(329): mysqli->query('select p.idprod...')
#1 C:\xampp\htdocs\almexterno\system\Database\BaseConnection.php(732): CodeIgniter\Database\MySQLi\Connection->execute('select p.idprod...')
#2 C:\xampp\htdocs\almexterno\system\Database\BaseConnection.php(647): CodeIgniter\Database\BaseConnection->simpleQuery('select p.idprod...')
#3 C:\xampp\htdocs\almexterno\app\Models\ProductoModel.php(93): CodeIgniter\Database\BaseConnection->query('select p.idprod...')
#4 C:\xampp\htdocs\almexterno\app\Controllers\Producto.php(149): App\Models\ProductoModel->getProductos('bond'')
#5 C:\xampp\htdocs\almexterno\system\CodeIgniter.php(948): App\Controllers\Producto->listProductosDT()
#6 C:\xampp\htdocs\almexterno\system\CodeIgniter.php(444): CodeIgniter\CodeIgniter->runController(Object(App\Controllers\Producto))
#7 C:\xampp\htdocs\almexterno\system\CodeIgniter.php(344): CodeIgniter\CodeIgniter->handleRequest(NULL, Object(Config\Cache), false)
#8 C:\xampp\htdocs\almexterno\index.php(36): CodeIgniter\CodeIgniter->run()
#9 {main}
