CRITICAL - 2023-08-18 13:29:04 --> Undefined variable: celular
#0 C:\xampp\htdocs\almsis\app\Views\usuarios\nuevousuario.php(107): CodeIgniter\Debug\Exceptions->errorHandler(8, 'Undefined varia...', 'C:\\xampp\\htdocs...', 107, Array)
#1 C:\xampp\htdocs\almsis\system\View\View.php(220): include('C:\\xampp\\htdocs...')
#2 C:\xampp\htdocs\almsis\system\View\View.php(222): CodeIgniter\View\View->CodeIgniter\View\{closure}()
#3 C:\xampp\htdocs\almsis\system\Common.php(1250): CodeIgniter\View\View->render('usuarios/nuevou...', Array, true)
#4 C:\xampp\htdocs\almsis\app\Views\template\layout.php(24): view('usuarios/nuevou...')
#5 C:\xampp\htdocs\almsis\system\View\View.php(220): include('C:\\xampp\\htdocs...')
#6 C:\xampp\htdocs\almsis\system\View\View.php(222): CodeIgniter\View\View->CodeIgniter\View\{closure}()
#7 C:\xampp\htdocs\almsis\system\Common.php(1250): CodeIgniter\View\View->render('template/layout', Array, true)
#8 C:\xampp\htdocs\almsis\app\Controllers\Usuario.php(68): view('template/layout', Array)
#9 C:\xampp\htdocs\almsis\system\CodeIgniter.php(948): App\Controllers\Usuario->nuevoUsuario()
#10 C:\xampp\htdocs\almsis\system\CodeIgniter.php(444): CodeIgniter\CodeIgniter->runController(Object(App\Controllers\Usuario))
#11 C:\xampp\htdocs\almsis\system\CodeIgniter.php(344): CodeIgniter\CodeIgniter->handleRequest(NULL, Object(Config\Cache), false)
#12 C:\xampp\htdocs\almsis\index.php(36): CodeIgniter\CodeIgniter->run()
#13 {main}
CRITICAL - 2023-08-18 13:37:48 --> Undefined index: celular
#0 C:\xampp\htdocs\almsis\app\Views\usuarios\nuevousuario.php(13): CodeIgniter\Debug\Exceptions->errorHandler(8, 'Undefined index...', 'C:\\xampp\\htdocs...', 13, Array)
#1 C:\xampp\htdocs\almsis\system\View\View.php(220): include('C:\\xampp\\htdocs...')
#2 C:\xampp\htdocs\almsis\system\View\View.php(222): CodeIgniter\View\View->CodeIgniter\View\{closure}()
#3 C:\xampp\htdocs\almsis\system\Common.php(1250): CodeIgniter\View\View->render('usuarios/nuevou...', Array, true)
#4 C:\xampp\htdocs\almsis\app\Views\template\layout.php(24): view('usuarios/nuevou...')
#5 C:\xampp\htdocs\almsis\system\View\View.php(220): include('C:\\xampp\\htdocs...')
#6 C:\xampp\htdocs\almsis\system\View\View.php(222): CodeIgniter\View\View->CodeIgniter\View\{closure}()
#7 C:\xampp\htdocs\almsis\system\Common.php(1250): CodeIgniter\View\View->render('template/layout', Array, true)
#8 C:\xampp\htdocs\almsis\app\Controllers\Usuario.php(68): view('template/layout', Array)
#9 C:\xampp\htdocs\almsis\system\CodeIgniter.php(948): App\Controllers\Usuario->nuevoUsuario('3')
#10 C:\xampp\htdocs\almsis\system\CodeIgniter.php(444): CodeIgniter\CodeIgniter->runController(Object(App\Controllers\Usuario))
#11 C:\xampp\htdocs\almsis\system\CodeIgniter.php(344): CodeIgniter\CodeIgniter->handleRequest(NULL, Object(Config\Cache), false)
#12 C:\xampp\htdocs\almsis\index.php(36): CodeIgniter\CodeIgniter->run()
#13 {main}
