CRITICAL - 2024-08-01 13:33:08 --> Undefined array key "idproductos"
#0 C:\xampp\htdocs\almsis\app\Controllers\Entrada.php(310): CodeIgniter\Debug\Exceptions->errorHandler(2, 'Undefined array...', 'C:\\xampp\\htdocs...', 310)
#1 C:\xampp\htdocs\almsis\system\CodeIgniter.php(948): App\Controllers\Entrada->subiendoImg()
#2 C:\xampp\htdocs\almsis\system\CodeIgniter.php(444): CodeIgniter\CodeIgniter->runController(Object(App\Controllers\Entrada))
#3 C:\xampp\htdocs\almsis\system\CodeIgniter.php(344): CodeIgniter\CodeIgniter->handleRequest(NULL, Object(Config\Cache), false)
#4 C:\xampp\htdocs\almsis\index.php(36): CodeIgniter\CodeIgniter->run()
#5 {main}
CRITICAL - 2024-08-01 13:48:46 --> Undefined variable $nombre
#0 C:\xampp\htdocs\almsis\app\Controllers\Entrada.php(331): CodeIgniter\Debug\Exceptions->errorHandler(2, 'Undefined varia...', 'C:\\xampp\\htdocs...', 331)
#1 C:\xampp\htdocs\almsis\system\CodeIgniter.php(948): App\Controllers\Entrada->subiendoImg()
#2 C:\xampp\htdocs\almsis\system\CodeIgniter.php(444): CodeIgniter\CodeIgniter->runController(Object(App\Controllers\Entrada))
#3 C:\xampp\htdocs\almsis\system\CodeIgniter.php(344): CodeIgniter\CodeIgniter->handleRequest(NULL, Object(Config\Cache), false)
#4 C:\xampp\htdocs\almsis\index.php(36): CodeIgniter\CodeIgniter->run()
#5 {main}
CRITICAL - 2024-08-01 13:49:48 --> Undefined variable $tipo
#0 C:\xampp\htdocs\almsis\app\Controllers\Entrada.php(337): CodeIgniter\Debug\Exceptions->errorHandler(2, 'Undefined varia...', 'C:\\xampp\\htdocs...', 337)
#1 C:\xampp\htdocs\almsis\system\CodeIgniter.php(948): App\Controllers\Entrada->subiendoImg()
#2 C:\xampp\htdocs\almsis\system\CodeIgniter.php(444): CodeIgniter\CodeIgniter->runController(Object(App\Controllers\Entrada))
#3 C:\xampp\htdocs\almsis\system\CodeIgniter.php(344): CodeIgniter\CodeIgniter->handleRequest(NULL, Object(Config\Cache), false)
#4 C:\xampp\htdocs\almsis\index.php(36): CodeIgniter\CodeIgniter->run()
#5 {main}
CRITICAL - 2024-08-01 13:55:31 --> {"error":"invalid_grant","error_description":"Invalid JWT Signature."}
#0 C:\xampp\htdocs\almsis\vendor\google\apiclient\src\Http\REST.php(107): Google\Http\REST::decodeHttpResponse(Object(GuzzleHttp\Psr7\Response), Object(GuzzleHttp\Psr7\Request), 'Google\\Service\\...')
#1 [internal function]: Google\Http\REST::doExecute(Object(GuzzleHttp\Client), Object(GuzzleHttp\Psr7\Request), 'Google\\Service\\...')
#2 C:\xampp\htdocs\almsis\vendor\google\apiclient\src\Task\Runner.php(187): call_user_func_array(Array, Array)
#3 C:\xampp\htdocs\almsis\vendor\google\apiclient\src\Http\REST.php(66): Google\Task\Runner->run()
#4 C:\xampp\htdocs\almsis\vendor\google\apiclient\src\Client.php(926): Google\Http\REST::execute(Object(GuzzleHttp\Client), Object(GuzzleHttp\Psr7\Request), 'Google\\Service\\...', Array, NULL)
#5 C:\xampp\htdocs\almsis\vendor\google\apiclient\src\Service\Resource.php(238): Google\Client->execute(Object(GuzzleHttp\Psr7\Request), 'Google\\Service\\...')
#6 C:\xampp\htdocs\almsis\vendor\google\apiclient-services\src\Drive\Resource\Files.php(128): Google\Service\Resource->call('create', Array, 'Google\\Service\\...')
#7 C:\xampp\htdocs\almsis\app\Controllers\Entrada.php(342): Google\Service\Drive\Resource\Files->create(Object(Google\Service\Drive\DriveFile), Array)
#8 C:\xampp\htdocs\almsis\system\CodeIgniter.php(948): App\Controllers\Entrada->subiendoImg()
#9 C:\xampp\htdocs\almsis\system\CodeIgniter.php(444): CodeIgniter\CodeIgniter->runController(Object(App\Controllers\Entrada))
#10 C:\xampp\htdocs\almsis\system\CodeIgniter.php(344): CodeIgniter\CodeIgniter->handleRequest(NULL, Object(Config\Cache), false)
#11 C:\xampp\htdocs\almsis\index.php(36): CodeIgniter\CodeIgniter->run()
#12 {main}
CRITICAL - 2024-08-01 13:57:15 --> {"error":"invalid_grant","error_description":"Invalid JWT Signature."}
#0 C:\xampp\htdocs\almsis\vendor\google\apiclient\src\Http\REST.php(107): Google\Http\REST::decodeHttpResponse(Object(GuzzleHttp\Psr7\Response), Object(GuzzleHttp\Psr7\Request), 'Google\\Service\\...')
#1 [internal function]: Google\Http\REST::doExecute(Object(GuzzleHttp\Client), Object(GuzzleHttp\Psr7\Request), 'Google\\Service\\...')
#2 C:\xampp\htdocs\almsis\vendor\google\apiclient\src\Task\Runner.php(187): call_user_func_array(Array, Array)
#3 C:\xampp\htdocs\almsis\vendor\google\apiclient\src\Http\REST.php(66): Google\Task\Runner->run()
#4 C:\xampp\htdocs\almsis\vendor\google\apiclient\src\Client.php(926): Google\Http\REST::execute(Object(GuzzleHttp\Client), Object(GuzzleHttp\Psr7\Request), 'Google\\Service\\...', Array, NULL)
#5 C:\xampp\htdocs\almsis\vendor\google\apiclient\src\Service\Resource.php(238): Google\Client->execute(Object(GuzzleHttp\Psr7\Request), 'Google\\Service\\...')
#6 C:\xampp\htdocs\almsis\vendor\google\apiclient-services\src\Drive\Resource\Files.php(128): Google\Service\Resource->call('create', Array, 'Google\\Service\\...')
#7 C:\xampp\htdocs\almsis\app\Controllers\Entrada.php(338): Google\Service\Drive\Resource\Files->create(Object(Google\Service\Drive\DriveFile), Array)
#8 C:\xampp\htdocs\almsis\system\CodeIgniter.php(948): App\Controllers\Entrada->subiendoImg()
#9 C:\xampp\htdocs\almsis\system\CodeIgniter.php(444): CodeIgniter\CodeIgniter->runController(Object(App\Controllers\Entrada))
#10 C:\xampp\htdocs\almsis\system\CodeIgniter.php(344): CodeIgniter\CodeIgniter->handleRequest(NULL, Object(Config\Cache), false)
#11 C:\xampp\htdocs\almsis\index.php(36): CodeIgniter\CodeIgniter->run()
#12 {main}
CRITICAL - 2024-08-01 13:59:20 --> {"error":"invalid_grant","error_description":"Invalid JWT Signature."}
#0 C:\xampp\htdocs\almsis\vendor\google\apiclient\src\Http\REST.php(107): Google\Http\REST::decodeHttpResponse(Object(GuzzleHttp\Psr7\Response), Object(GuzzleHttp\Psr7\Request), 'Google\\Service\\...')
#1 [internal function]: Google\Http\REST::doExecute(Object(GuzzleHttp\Client), Object(GuzzleHttp\Psr7\Request), 'Google\\Service\\...')
#2 C:\xampp\htdocs\almsis\vendor\google\apiclient\src\Task\Runner.php(187): call_user_func_array(Array, Array)
#3 C:\xampp\htdocs\almsis\vendor\google\apiclient\src\Http\REST.php(66): Google\Task\Runner->run()
#4 C:\xampp\htdocs\almsis\vendor\google\apiclient\src\Client.php(926): Google\Http\REST::execute(Object(GuzzleHttp\Client), Object(GuzzleHttp\Psr7\Request), 'Google\\Service\\...', Array, NULL)
#5 C:\xampp\htdocs\almsis\vendor\google\apiclient\src\Service\Resource.php(238): Google\Client->execute(Object(GuzzleHttp\Psr7\Request), 'Google\\Service\\...')
#6 C:\xampp\htdocs\almsis\vendor\google\apiclient-services\src\Drive\Resource\Files.php(128): Google\Service\Resource->call('create', Array, 'Google\\Service\\...')
#7 C:\xampp\htdocs\almsis\app\Controllers\Entrada.php(338): Google\Service\Drive\Resource\Files->create(Object(Google\Service\Drive\DriveFile), Array)
#8 C:\xampp\htdocs\almsis\system\CodeIgniter.php(948): App\Controllers\Entrada->subiendoImg()
#9 C:\xampp\htdocs\almsis\system\CodeIgniter.php(444): CodeIgniter\CodeIgniter->runController(Object(App\Controllers\Entrada))
#10 C:\xampp\htdocs\almsis\system\CodeIgniter.php(344): CodeIgniter\CodeIgniter->handleRequest(NULL, Object(Config\Cache), false)
#11 C:\xampp\htdocs\almsis\index.php(36): CodeIgniter\CodeIgniter->run()
#12 {main}
CRITICAL - 2024-08-01 13:59:26 --> {"error":"invalid_grant","error_description":"Invalid JWT Signature."}
#0 C:\xampp\htdocs\almsis\vendor\google\apiclient\src\Http\REST.php(107): Google\Http\REST::decodeHttpResponse(Object(GuzzleHttp\Psr7\Response), Object(GuzzleHttp\Psr7\Request), 'Google\\Service\\...')
#1 [internal function]: Google\Http\REST::doExecute(Object(GuzzleHttp\Client), Object(GuzzleHttp\Psr7\Request), 'Google\\Service\\...')
#2 C:\xampp\htdocs\almsis\vendor\google\apiclient\src\Task\Runner.php(187): call_user_func_array(Array, Array)
#3 C:\xampp\htdocs\almsis\vendor\google\apiclient\src\Http\REST.php(66): Google\Task\Runner->run()
#4 C:\xampp\htdocs\almsis\vendor\google\apiclient\src\Client.php(926): Google\Http\REST::execute(Object(GuzzleHttp\Client), Object(GuzzleHttp\Psr7\Request), 'Google\\Service\\...', Array, NULL)
#5 C:\xampp\htdocs\almsis\vendor\google\apiclient\src\Service\Resource.php(238): Google\Client->execute(Object(GuzzleHttp\Psr7\Request), 'Google\\Service\\...')
#6 C:\xampp\htdocs\almsis\vendor\google\apiclient-services\src\Drive\Resource\Files.php(128): Google\Service\Resource->call('create', Array, 'Google\\Service\\...')
#7 C:\xampp\htdocs\almsis\app\Controllers\Entrada.php(338): Google\Service\Drive\Resource\Files->create(Object(Google\Service\Drive\DriveFile), Array)
#8 C:\xampp\htdocs\almsis\system\CodeIgniter.php(948): App\Controllers\Entrada->subiendoImg()
#9 C:\xampp\htdocs\almsis\system\CodeIgniter.php(444): CodeIgniter\CodeIgniter->runController(Object(App\Controllers\Entrada))
#10 C:\xampp\htdocs\almsis\system\CodeIgniter.php(344): CodeIgniter\CodeIgniter->handleRequest(NULL, Object(Config\Cache), false)
#11 C:\xampp\htdocs\almsis\index.php(36): CodeIgniter\CodeIgniter->run()
#12 {main}
CRITICAL - 2024-08-01 13:59:35 --> {"error":"invalid_grant","error_description":"Invalid JWT Signature."}
#0 C:\xampp\htdocs\almsis\vendor\google\apiclient\src\Http\REST.php(107): Google\Http\REST::decodeHttpResponse(Object(GuzzleHttp\Psr7\Response), Object(GuzzleHttp\Psr7\Request), 'Google\\Service\\...')
#1 [internal function]: Google\Http\REST::doExecute(Object(GuzzleHttp\Client), Object(GuzzleHttp\Psr7\Request), 'Google\\Service\\...')
#2 C:\xampp\htdocs\almsis\vendor\google\apiclient\src\Task\Runner.php(187): call_user_func_array(Array, Array)
#3 C:\xampp\htdocs\almsis\vendor\google\apiclient\src\Http\REST.php(66): Google\Task\Runner->run()
#4 C:\xampp\htdocs\almsis\vendor\google\apiclient\src\Client.php(926): Google\Http\REST::execute(Object(GuzzleHttp\Client), Object(GuzzleHttp\Psr7\Request), 'Google\\Service\\...', Array, NULL)
#5 C:\xampp\htdocs\almsis\vendor\google\apiclient\src\Service\Resource.php(238): Google\Client->execute(Object(GuzzleHttp\Psr7\Request), 'Google\\Service\\...')
#6 C:\xampp\htdocs\almsis\vendor\google\apiclient-services\src\Drive\Resource\Files.php(128): Google\Service\Resource->call('create', Array, 'Google\\Service\\...')
#7 C:\xampp\htdocs\almsis\app\Controllers\Entrada.php(338): Google\Service\Drive\Resource\Files->create(Object(Google\Service\Drive\DriveFile), Array)
#8 C:\xampp\htdocs\almsis\system\CodeIgniter.php(948): App\Controllers\Entrada->subiendoImg()
#9 C:\xampp\htdocs\almsis\system\CodeIgniter.php(444): CodeIgniter\CodeIgniter->runController(Object(App\Controllers\Entrada))
#10 C:\xampp\htdocs\almsis\system\CodeIgniter.php(344): CodeIgniter\CodeIgniter->handleRequest(NULL, Object(Config\Cache), false)
#11 C:\xampp\htdocs\almsis\index.php(36): CodeIgniter\CodeIgniter->run()
#12 {main}
CRITICAL - 2024-08-01 14:00:20 --> {"error":"invalid_grant","error_description":"Invalid JWT Signature."}
#0 C:\xampp\htdocs\almsis\vendor\google\apiclient\src\Http\REST.php(107): Google\Http\REST::decodeHttpResponse(Object(GuzzleHttp\Psr7\Response), Object(GuzzleHttp\Psr7\Request), 'Google\\Service\\...')
#1 [internal function]: Google\Http\REST::doExecute(Object(GuzzleHttp\Client), Object(GuzzleHttp\Psr7\Request), 'Google\\Service\\...')
#2 C:\xampp\htdocs\almsis\vendor\google\apiclient\src\Task\Runner.php(187): call_user_func_array(Array, Array)
#3 C:\xampp\htdocs\almsis\vendor\google\apiclient\src\Http\REST.php(66): Google\Task\Runner->run()
#4 C:\xampp\htdocs\almsis\vendor\google\apiclient\src\Client.php(926): Google\Http\REST::execute(Object(GuzzleHttp\Client), Object(GuzzleHttp\Psr7\Request), 'Google\\Service\\...', Array, NULL)
#5 C:\xampp\htdocs\almsis\vendor\google\apiclient\src\Service\Resource.php(238): Google\Client->execute(Object(GuzzleHttp\Psr7\Request), 'Google\\Service\\...')
#6 C:\xampp\htdocs\almsis\vendor\google\apiclient-services\src\Drive\Resource\Files.php(128): Google\Service\Resource->call('create', Array, 'Google\\Service\\...')
#7 C:\xampp\htdocs\almsis\app\Controllers\Entrada.php(338): Google\Service\Drive\Resource\Files->create(Object(Google\Service\Drive\DriveFile), Array)
#8 C:\xampp\htdocs\almsis\system\CodeIgniter.php(948): App\Controllers\Entrada->subiendoImg()
#9 C:\xampp\htdocs\almsis\system\CodeIgniter.php(444): CodeIgniter\CodeIgniter->runController(Object(App\Controllers\Entrada))
#10 C:\xampp\htdocs\almsis\system\CodeIgniter.php(344): CodeIgniter\CodeIgniter->handleRequest(NULL, Object(Config\Cache), false)
#11 C:\xampp\htdocs\almsis\index.php(36): CodeIgniter\CodeIgniter->run()
#12 {main}
CRITICAL - 2024-08-01 14:01:06 --> {"error":"invalid_grant","error_description":"Invalid JWT Signature."}
#0 C:\xampp\htdocs\almsis\vendor\google\apiclient\src\Http\REST.php(107): Google\Http\REST::decodeHttpResponse(Object(GuzzleHttp\Psr7\Response), Object(GuzzleHttp\Psr7\Request), 'Google\\Service\\...')
#1 [internal function]: Google\Http\REST::doExecute(Object(GuzzleHttp\Client), Object(GuzzleHttp\Psr7\Request), 'Google\\Service\\...')
#2 C:\xampp\htdocs\almsis\vendor\google\apiclient\src\Task\Runner.php(187): call_user_func_array(Array, Array)
#3 C:\xampp\htdocs\almsis\vendor\google\apiclient\src\Http\REST.php(66): Google\Task\Runner->run()
#4 C:\xampp\htdocs\almsis\vendor\google\apiclient\src\Client.php(926): Google\Http\REST::execute(Object(GuzzleHttp\Client), Object(GuzzleHttp\Psr7\Request), 'Google\\Service\\...', Array, NULL)
#5 C:\xampp\htdocs\almsis\vendor\google\apiclient\src\Service\Resource.php(238): Google\Client->execute(Object(GuzzleHttp\Psr7\Request), 'Google\\Service\\...')
#6 C:\xampp\htdocs\almsis\vendor\google\apiclient-services\src\Drive\Resource\Files.php(128): Google\Service\Resource->call('create', Array, 'Google\\Service\\...')
#7 C:\xampp\htdocs\almsis\app\Controllers\Entrada.php(338): Google\Service\Drive\Resource\Files->create(Object(Google\Service\Drive\DriveFile), Array)
#8 C:\xampp\htdocs\almsis\system\CodeIgniter.php(948): App\Controllers\Entrada->subiendoImg()
#9 C:\xampp\htdocs\almsis\system\CodeIgniter.php(444): CodeIgniter\CodeIgniter->runController(Object(App\Controllers\Entrada))
#10 C:\xampp\htdocs\almsis\system\CodeIgniter.php(344): CodeIgniter\CodeIgniter->handleRequest(NULL, Object(Config\Cache), false)
#11 C:\xampp\htdocs\almsis\index.php(36): CodeIgniter\CodeIgniter->run()
#12 {main}
CRITICAL - 2024-08-01 14:02:04 --> {"error":"invalid_grant","error_description":"Invalid JWT Signature."}
#0 C:\xampp\htdocs\almsis\vendor\google\apiclient\src\Http\REST.php(107): Google\Http\REST::decodeHttpResponse(Object(GuzzleHttp\Psr7\Response), Object(GuzzleHttp\Psr7\Request), 'Google\\Service\\...')
#1 [internal function]: Google\Http\REST::doExecute(Object(GuzzleHttp\Client), Object(GuzzleHttp\Psr7\Request), 'Google\\Service\\...')
#2 C:\xampp\htdocs\almsis\vendor\google\apiclient\src\Task\Runner.php(187): call_user_func_array(Array, Array)
#3 C:\xampp\htdocs\almsis\vendor\google\apiclient\src\Http\REST.php(66): Google\Task\Runner->run()
#4 C:\xampp\htdocs\almsis\vendor\google\apiclient\src\Client.php(926): Google\Http\REST::execute(Object(GuzzleHttp\Client), Object(GuzzleHttp\Psr7\Request), 'Google\\Service\\...', Array, NULL)
#5 C:\xampp\htdocs\almsis\vendor\google\apiclient\src\Service\Resource.php(238): Google\Client->execute(Object(GuzzleHttp\Psr7\Request), 'Google\\Service\\...')
#6 C:\xampp\htdocs\almsis\vendor\google\apiclient-services\src\Drive\Resource\Files.php(128): Google\Service\Resource->call('create', Array, 'Google\\Service\\...')
#7 C:\xampp\htdocs\almsis\app\Controllers\Entrada.php(238): Google\Service\Drive\Resource\Files->create(Object(Google\Service\Drive\DriveFile), Array)
#8 C:\xampp\htdocs\almsis\system\CodeIgniter.php(948): App\Controllers\Entrada->procesaPdf()
#9 C:\xampp\htdocs\almsis\system\CodeIgniter.php(444): CodeIgniter\CodeIgniter->runController(Object(App\Controllers\Entrada))
#10 C:\xampp\htdocs\almsis\system\CodeIgniter.php(344): CodeIgniter\CodeIgniter->handleRequest(NULL, Object(Config\Cache), false)
#11 C:\xampp\htdocs\almsis\index.php(36): CodeIgniter\CodeIgniter->run()
#12 {main}
CRITICAL - 2024-08-01 14:02:41 --> {"error":"invalid_grant","error_description":"Invalid JWT Signature."}
#0 C:\xampp\htdocs\almsis\vendor\google\apiclient\src\Http\REST.php(107): Google\Http\REST::decodeHttpResponse(Object(GuzzleHttp\Psr7\Response), Object(GuzzleHttp\Psr7\Request), 'Google\\Service\\...')
#1 [internal function]: Google\Http\REST::doExecute(Object(GuzzleHttp\Client), Object(GuzzleHttp\Psr7\Request), 'Google\\Service\\...')
#2 C:\xampp\htdocs\almsis\vendor\google\apiclient\src\Task\Runner.php(187): call_user_func_array(Array, Array)
#3 C:\xampp\htdocs\almsis\vendor\google\apiclient\src\Http\REST.php(66): Google\Task\Runner->run()
#4 C:\xampp\htdocs\almsis\vendor\google\apiclient\src\Client.php(926): Google\Http\REST::execute(Object(GuzzleHttp\Client), Object(GuzzleHttp\Psr7\Request), 'Google\\Service\\...', Array, NULL)
#5 C:\xampp\htdocs\almsis\vendor\google\apiclient\src\Service\Resource.php(238): Google\Client->execute(Object(GuzzleHttp\Psr7\Request), 'Google\\Service\\...')
#6 C:\xampp\htdocs\almsis\vendor\google\apiclient-services\src\Drive\Resource\Files.php(128): Google\Service\Resource->call('create', Array, 'Google\\Service\\...')
#7 C:\xampp\htdocs\almsis\app\Controllers\Entrada.php(238): Google\Service\Drive\Resource\Files->create(Object(Google\Service\Drive\DriveFile), Array)
#8 C:\xampp\htdocs\almsis\system\CodeIgniter.php(948): App\Controllers\Entrada->procesaPdf()
#9 C:\xampp\htdocs\almsis\system\CodeIgniter.php(444): CodeIgniter\CodeIgniter->runController(Object(App\Controllers\Entrada))
#10 C:\xampp\htdocs\almsis\system\CodeIgniter.php(344): CodeIgniter\CodeIgniter->handleRequest(NULL, Object(Config\Cache), false)
#11 C:\xampp\htdocs\almsis\index.php(36): CodeIgniter\CodeIgniter->run()
#12 {main}
CRITICAL - 2024-08-01 14:03:28 --> {"error":"invalid_grant","error_description":"Invalid JWT Signature."}
#0 C:\xampp\htdocs\almsis\vendor\google\apiclient\src\Http\REST.php(107): Google\Http\REST::decodeHttpResponse(Object(GuzzleHttp\Psr7\Response), Object(GuzzleHttp\Psr7\Request), 'Google\\Service\\...')
#1 [internal function]: Google\Http\REST::doExecute(Object(GuzzleHttp\Client), Object(GuzzleHttp\Psr7\Request), 'Google\\Service\\...')
#2 C:\xampp\htdocs\almsis\vendor\google\apiclient\src\Task\Runner.php(187): call_user_func_array(Array, Array)
#3 C:\xampp\htdocs\almsis\vendor\google\apiclient\src\Http\REST.php(66): Google\Task\Runner->run()
#4 C:\xampp\htdocs\almsis\vendor\google\apiclient\src\Client.php(926): Google\Http\REST::execute(Object(GuzzleHttp\Client), Object(GuzzleHttp\Psr7\Request), 'Google\\Service\\...', Array, NULL)
#5 C:\xampp\htdocs\almsis\vendor\google\apiclient\src\Service\Resource.php(238): Google\Client->execute(Object(GuzzleHttp\Psr7\Request), 'Google\\Service\\...')
#6 C:\xampp\htdocs\almsis\vendor\google\apiclient-services\src\Drive\Resource\Files.php(128): Google\Service\Resource->call('create', Array, 'Google\\Service\\...')
#7 C:\xampp\htdocs\almsis\app\Controllers\Entrada.php(338): Google\Service\Drive\Resource\Files->create(Object(Google\Service\Drive\DriveFile), Array)
#8 C:\xampp\htdocs\almsis\system\CodeIgniter.php(948): App\Controllers\Entrada->subiendoImg()
#9 C:\xampp\htdocs\almsis\system\CodeIgniter.php(444): CodeIgniter\CodeIgniter->runController(Object(App\Controllers\Entrada))
#10 C:\xampp\htdocs\almsis\system\CodeIgniter.php(344): CodeIgniter\CodeIgniter->handleRequest(NULL, Object(Config\Cache), false)
#11 C:\xampp\htdocs\almsis\index.php(36): CodeIgniter\CodeIgniter->run()
#12 {main}
CRITICAL - 2024-08-01 14:03:38 --> {"error":"invalid_grant","error_description":"Invalid JWT Signature."}
#0 C:\xampp\htdocs\almsis\vendor\google\apiclient\src\Http\REST.php(107): Google\Http\REST::decodeHttpResponse(Object(GuzzleHttp\Psr7\Response), Object(GuzzleHttp\Psr7\Request), 'Google\\Service\\...')
#1 [internal function]: Google\Http\REST::doExecute(Object(GuzzleHttp\Client), Object(GuzzleHttp\Psr7\Request), 'Google\\Service\\...')
#2 C:\xampp\htdocs\almsis\vendor\google\apiclient\src\Task\Runner.php(187): call_user_func_array(Array, Array)
#3 C:\xampp\htdocs\almsis\vendor\google\apiclient\src\Http\REST.php(66): Google\Task\Runner->run()
#4 C:\xampp\htdocs\almsis\vendor\google\apiclient\src\Client.php(926): Google\Http\REST::execute(Object(GuzzleHttp\Client), Object(GuzzleHttp\Psr7\Request), 'Google\\Service\\...', Array, NULL)
#5 C:\xampp\htdocs\almsis\vendor\google\apiclient\src\Service\Resource.php(238): Google\Client->execute(Object(GuzzleHttp\Psr7\Request), 'Google\\Service\\...')
#6 C:\xampp\htdocs\almsis\vendor\google\apiclient-services\src\Drive\Resource\Files.php(128): Google\Service\Resource->call('create', Array, 'Google\\Service\\...')
#7 C:\xampp\htdocs\almsis\app\Controllers\Entrada.php(338): Google\Service\Drive\Resource\Files->create(Object(Google\Service\Drive\DriveFile), Array)
#8 C:\xampp\htdocs\almsis\system\CodeIgniter.php(948): App\Controllers\Entrada->subiendoImg()
#9 C:\xampp\htdocs\almsis\system\CodeIgniter.php(444): CodeIgniter\CodeIgniter->runController(Object(App\Controllers\Entrada))
#10 C:\xampp\htdocs\almsis\system\CodeIgniter.php(344): CodeIgniter\CodeIgniter->handleRequest(NULL, Object(Config\Cache), false)
#11 C:\xampp\htdocs\almsis\index.php(36): CodeIgniter\CodeIgniter->run()
#12 {main}
CRITICAL - 2024-08-01 14:03:53 --> {"error":"invalid_grant","error_description":"Invalid JWT Signature."}
#0 C:\xampp\htdocs\almsis\vendor\google\apiclient\src\Http\REST.php(107): Google\Http\REST::decodeHttpResponse(Object(GuzzleHttp\Psr7\Response), Object(GuzzleHttp\Psr7\Request), 'Google\\Service\\...')
#1 [internal function]: Google\Http\REST::doExecute(Object(GuzzleHttp\Client), Object(GuzzleHttp\Psr7\Request), 'Google\\Service\\...')
#2 C:\xampp\htdocs\almsis\vendor\google\apiclient\src\Task\Runner.php(187): call_user_func_array(Array, Array)
#3 C:\xampp\htdocs\almsis\vendor\google\apiclient\src\Http\REST.php(66): Google\Task\Runner->run()
#4 C:\xampp\htdocs\almsis\vendor\google\apiclient\src\Client.php(926): Google\Http\REST::execute(Object(GuzzleHttp\Client), Object(GuzzleHttp\Psr7\Request), 'Google\\Service\\...', Array, NULL)
#5 C:\xampp\htdocs\almsis\vendor\google\apiclient\src\Service\Resource.php(238): Google\Client->execute(Object(GuzzleHttp\Psr7\Request), 'Google\\Service\\...')
#6 C:\xampp\htdocs\almsis\vendor\google\apiclient-services\src\Drive\Resource\Files.php(128): Google\Service\Resource->call('create', Array, 'Google\\Service\\...')
#7 C:\xampp\htdocs\almsis\app\Controllers\Entrada.php(338): Google\Service\Drive\Resource\Files->create(Object(Google\Service\Drive\DriveFile), Array)
#8 C:\xampp\htdocs\almsis\system\CodeIgniter.php(948): App\Controllers\Entrada->subiendoImg()
#9 C:\xampp\htdocs\almsis\system\CodeIgniter.php(444): CodeIgniter\CodeIgniter->runController(Object(App\Controllers\Entrada))
#10 C:\xampp\htdocs\almsis\system\CodeIgniter.php(344): CodeIgniter\CodeIgniter->handleRequest(NULL, Object(Config\Cache), false)
#11 C:\xampp\htdocs\almsis\index.php(36): CodeIgniter\CodeIgniter->run()
#12 {main}
CRITICAL - 2024-08-01 14:04:32 --> {"error":"invalid_grant","error_description":"Invalid JWT Signature."}
#0 C:\xampp\htdocs\almsis\vendor\google\apiclient\src\Http\REST.php(107): Google\Http\REST::decodeHttpResponse(Object(GuzzleHttp\Psr7\Response), Object(GuzzleHttp\Psr7\Request), 'Google\\Service\\...')
#1 [internal function]: Google\Http\REST::doExecute(Object(GuzzleHttp\Client), Object(GuzzleHttp\Psr7\Request), 'Google\\Service\\...')
#2 C:\xampp\htdocs\almsis\vendor\google\apiclient\src\Task\Runner.php(187): call_user_func_array(Array, Array)
#3 C:\xampp\htdocs\almsis\vendor\google\apiclient\src\Http\REST.php(66): Google\Task\Runner->run()
#4 C:\xampp\htdocs\almsis\vendor\google\apiclient\src\Client.php(926): Google\Http\REST::execute(Object(GuzzleHttp\Client), Object(GuzzleHttp\Psr7\Request), 'Google\\Service\\...', Array, NULL)
#5 C:\xampp\htdocs\almsis\vendor\google\apiclient\src\Service\Resource.php(238): Google\Client->execute(Object(GuzzleHttp\Psr7\Request), 'Google\\Service\\...')
#6 C:\xampp\htdocs\almsis\vendor\google\apiclient-services\src\Drive\Resource\Files.php(128): Google\Service\Resource->call('create', Array, 'Google\\Service\\...')
#7 C:\xampp\htdocs\almsis\app\Controllers\Entrada.php(238): Google\Service\Drive\Resource\Files->create(Object(Google\Service\Drive\DriveFile), Array)
#8 C:\xampp\htdocs\almsis\system\CodeIgniter.php(948): App\Controllers\Entrada->procesaPdf()
#9 C:\xampp\htdocs\almsis\system\CodeIgniter.php(444): CodeIgniter\CodeIgniter->runController(Object(App\Controllers\Entrada))
#10 C:\xampp\htdocs\almsis\system\CodeIgniter.php(344): CodeIgniter\CodeIgniter->handleRequest(NULL, Object(Config\Cache), false)
#11 C:\xampp\htdocs\almsis\index.php(36): CodeIgniter\CodeIgniter->run()
#12 {main}
CRITICAL - 2024-08-01 14:05:03 --> {"error":"invalid_grant","error_description":"Invalid JWT Signature."}
#0 C:\xampp\htdocs\almsis\vendor\google\apiclient\src\Http\REST.php(107): Google\Http\REST::decodeHttpResponse(Object(GuzzleHttp\Psr7\Response), Object(GuzzleHttp\Psr7\Request), 'Google\\Service\\...')
#1 [internal function]: Google\Http\REST::doExecute(Object(GuzzleHttp\Client), Object(GuzzleHttp\Psr7\Request), 'Google\\Service\\...')
#2 C:\xampp\htdocs\almsis\vendor\google\apiclient\src\Task\Runner.php(187): call_user_func_array(Array, Array)
#3 C:\xampp\htdocs\almsis\vendor\google\apiclient\src\Http\REST.php(66): Google\Task\Runner->run()
#4 C:\xampp\htdocs\almsis\vendor\google\apiclient\src\Client.php(926): Google\Http\REST::execute(Object(GuzzleHttp\Client), Object(GuzzleHttp\Psr7\Request), 'Google\\Service\\...', Array, NULL)
#5 C:\xampp\htdocs\almsis\vendor\google\apiclient\src\Service\Resource.php(238): Google\Client->execute(Object(GuzzleHttp\Psr7\Request), 'Google\\Service\\...')
#6 C:\xampp\htdocs\almsis\vendor\google\apiclient-services\src\Drive\Resource\Files.php(128): Google\Service\Resource->call('create', Array, 'Google\\Service\\...')
#7 C:\xampp\htdocs\almsis\app\Controllers\Entrada.php(238): Google\Service\Drive\Resource\Files->create(Object(Google\Service\Drive\DriveFile), Array)
#8 C:\xampp\htdocs\almsis\system\CodeIgniter.php(948): App\Controllers\Entrada->procesaPdf()
#9 C:\xampp\htdocs\almsis\system\CodeIgniter.php(444): CodeIgniter\CodeIgniter->runController(Object(App\Controllers\Entrada))
#10 C:\xampp\htdocs\almsis\system\CodeIgniter.php(344): CodeIgniter\CodeIgniter->handleRequest(NULL, Object(Config\Cache), false)
#11 C:\xampp\htdocs\almsis\index.php(36): CodeIgniter\CodeIgniter->run()
#12 {main}
CRITICAL - 2024-08-01 14:09:44 --> {"error":"invalid_grant","error_description":"Invalid JWT Signature."}
#0 C:\xampp\htdocs\almsis\vendor\google\apiclient\src\Http\REST.php(107): Google\Http\REST::decodeHttpResponse(Object(GuzzleHttp\Psr7\Response), Object(GuzzleHttp\Psr7\Request), 'Google\\Service\\...')
#1 [internal function]: Google\Http\REST::doExecute(Object(GuzzleHttp\Client), Object(GuzzleHttp\Psr7\Request), 'Google\\Service\\...')
#2 C:\xampp\htdocs\almsis\vendor\google\apiclient\src\Task\Runner.php(187): call_user_func_array(Array, Array)
#3 C:\xampp\htdocs\almsis\vendor\google\apiclient\src\Http\REST.php(66): Google\Task\Runner->run()
#4 C:\xampp\htdocs\almsis\vendor\google\apiclient\src\Client.php(926): Google\Http\REST::execute(Object(GuzzleHttp\Client), Object(GuzzleHttp\Psr7\Request), 'Google\\Service\\...', Array, NULL)
#5 C:\xampp\htdocs\almsis\vendor\google\apiclient\src\Service\Resource.php(238): Google\Client->execute(Object(GuzzleHttp\Psr7\Request), 'Google\\Service\\...')
#6 C:\xampp\htdocs\almsis\vendor\google\apiclient-services\src\Drive\Resource\Files.php(128): Google\Service\Resource->call('create', Array, 'Google\\Service\\...')
#7 C:\xampp\htdocs\almsis\app\Controllers\Entrada.php(238): Google\Service\Drive\Resource\Files->create(Object(Google\Service\Drive\DriveFile), Array)
#8 C:\xampp\htdocs\almsis\system\CodeIgniter.php(948): App\Controllers\Entrada->procesaPdf()
#9 C:\xampp\htdocs\almsis\system\CodeIgniter.php(444): CodeIgniter\CodeIgniter->runController(Object(App\Controllers\Entrada))
#10 C:\xampp\htdocs\almsis\system\CodeIgniter.php(344): CodeIgniter\CodeIgniter->handleRequest(NULL, Object(Config\Cache), false)
#11 C:\xampp\htdocs\almsis\index.php(36): CodeIgniter\CodeIgniter->run()
#12 {main}
CRITICAL - 2024-08-01 14:11:09 --> {"error":"invalid_grant","error_description":"Invalid JWT Signature."}
#0 C:\xampp\htdocs\almsis\vendor\google\apiclient\src\Http\REST.php(107): Google\Http\REST::decodeHttpResponse(Object(GuzzleHttp\Psr7\Response), Object(GuzzleHttp\Psr7\Request), 'Google\\Service\\...')
#1 [internal function]: Google\Http\REST::doExecute(Object(GuzzleHttp\Client), Object(GuzzleHttp\Psr7\Request), 'Google\\Service\\...')
#2 C:\xampp\htdocs\almsis\vendor\google\apiclient\src\Task\Runner.php(187): call_user_func_array(Array, Array)
#3 C:\xampp\htdocs\almsis\vendor\google\apiclient\src\Http\REST.php(66): Google\Task\Runner->run()
#4 C:\xampp\htdocs\almsis\vendor\google\apiclient\src\Client.php(926): Google\Http\REST::execute(Object(GuzzleHttp\Client), Object(GuzzleHttp\Psr7\Request), 'Google\\Service\\...', Array, NULL)
#5 C:\xampp\htdocs\almsis\vendor\google\apiclient\src\Service\Resource.php(238): Google\Client->execute(Object(GuzzleHttp\Psr7\Request), 'Google\\Service\\...')
#6 C:\xampp\htdocs\almsis\vendor\google\apiclient-services\src\Drive\Resource\Files.php(128): Google\Service\Resource->call('create', Array, 'Google\\Service\\...')
#7 C:\xampp\htdocs\almsis\app\Controllers\Entrada.php(238): Google\Service\Drive\Resource\Files->create(Object(Google\Service\Drive\DriveFile), Array)
#8 C:\xampp\htdocs\almsis\system\CodeIgniter.php(948): App\Controllers\Entrada->procesaPdf()
#9 C:\xampp\htdocs\almsis\system\CodeIgniter.php(444): CodeIgniter\CodeIgniter->runController(Object(App\Controllers\Entrada))
#10 C:\xampp\htdocs\almsis\system\CodeIgniter.php(344): CodeIgniter\CodeIgniter->handleRequest(NULL, Object(Config\Cache), false)
#11 C:\xampp\htdocs\almsis\index.php(36): CodeIgniter\CodeIgniter->run()
#12 {main}
CRITICAL - 2024-08-01 14:26:31 --> Maximum execution time of 120 seconds exceeded
#0 [internal function]: CodeIgniter\Debug\Exceptions->shutdownHandler()
#1 {main}
