CRITICAL - 2022-03-14 09:45:19 --> syntax error, unexpected '<<' (T_SL), expecting end of file
#0 C:\xampp\htdocs\almexterno\system\CodeIgniter.php(397): CodeIgniter\CodeIgniter->tryToRouteIt(NULL)
#1 C:\xampp\htdocs\almexterno\system\CodeIgniter.php(344): CodeIgniter\CodeIgniter->handleRequest(NULL, Object(Config\Cache), false)
#2 C:\xampp\htdocs\almexterno\index.php(36): CodeIgniter\CodeIgniter->run()
#3 {main}
CRITICAL - 2022-03-14 09:45:34 --> syntax error, unexpected '<<' (T_SL), expecting end of file
#0 C:\xampp\htdocs\almexterno\system\CodeIgniter.php(397): CodeIgniter\CodeIgniter->tryToRouteIt(NULL)
#1 C:\xampp\htdocs\almexterno\system\CodeIgniter.php(344): CodeIgniter\CodeIgniter->handleRequest(NULL, Object(Config\Cache), false)
#2 C:\xampp\htdocs\almexterno\index.php(36): CodeIgniter\CodeIgniter->run()
#3 {main}
CRITICAL - 2022-03-14 09:50:26 --> syntax error, unexpected '<<' (T_SL), expecting end of file
#0 C:\xampp\htdocs\almexterno\system\Autoloader\Autoloader.php(265): CodeIgniter\Autoloader\Autoloader->includeFile('C:\\xampp\\htdocs...')
#1 C:\xampp\htdocs\almexterno\system\Autoloader\Autoloader.php(228): CodeIgniter\Autoloader\Autoloader->loadInNamespace('App\\Controllers...')
#2 [internal function]: CodeIgniter\Autoloader\Autoloader->loadClass('App\\Controllers...')
#3 [internal function]: spl_autoload_call('App\\Controllers...')
#4 C:\xampp\htdocs\almexterno\system\CodeIgniter.php(905): class_exists('\\App\\Controller...', true)
#5 C:\xampp\htdocs\almexterno\system\CodeIgniter.php(429): CodeIgniter\CodeIgniter->startController()
#6 C:\xampp\htdocs\almexterno\system\CodeIgniter.php(344): CodeIgniter\CodeIgniter->handleRequest(NULL, Object(Config\Cache), false)
#7 C:\xampp\htdocs\almexterno\index.php(36): CodeIgniter\CodeIgniter->run()
#8 {main}
CRITICAL - 2022-03-14 09:52:19 --> syntax error, unexpected '===' (T_IS_IDENTICAL)
#0 C:\xampp\htdocs\almexterno\system\Autoloader\Autoloader.php(265): CodeIgniter\Autoloader\Autoloader->includeFile('C:\\xampp\\htdocs...')
#1 C:\xampp\htdocs\almexterno\system\Autoloader\Autoloader.php(228): CodeIgniter\Autoloader\Autoloader->loadInNamespace('App\\Controllers...')
#2 [internal function]: CodeIgniter\Autoloader\Autoloader->loadClass('App\\Controllers...')
#3 [internal function]: spl_autoload_call('App\\Controllers...')
#4 C:\xampp\htdocs\almexterno\system\CodeIgniter.php(905): class_exists('\\App\\Controller...', true)
#5 C:\xampp\htdocs\almexterno\system\CodeIgniter.php(429): CodeIgniter\CodeIgniter->startController()
#6 C:\xampp\htdocs\almexterno\system\CodeIgniter.php(344): CodeIgniter\CodeIgniter->handleRequest(NULL, Object(Config\Cache), false)
#7 C:\xampp\htdocs\almexterno\index.php(36): CodeIgniter\CodeIgniter->run()
#8 {main}
CRITICAL - 2022-03-14 09:52:21 --> syntax error, unexpected '===' (T_IS_IDENTICAL)
#0 C:\xampp\htdocs\almexterno\system\Autoloader\Autoloader.php(265): CodeIgniter\Autoloader\Autoloader->includeFile('C:\\xampp\\htdocs...')
#1 C:\xampp\htdocs\almexterno\system\Autoloader\Autoloader.php(228): CodeIgniter\Autoloader\Autoloader->loadInNamespace('App\\Controllers...')
#2 [internal function]: CodeIgniter\Autoloader\Autoloader->loadClass('App\\Controllers...')
#3 [internal function]: spl_autoload_call('App\\Controllers...')
#4 C:\xampp\htdocs\almexterno\system\CodeIgniter.php(905): class_exists('\\App\\Controller...', true)
#5 C:\xampp\htdocs\almexterno\system\CodeIgniter.php(429): CodeIgniter\CodeIgniter->startController()
#6 C:\xampp\htdocs\almexterno\system\CodeIgniter.php(344): CodeIgniter\CodeIgniter->handleRequest(NULL, Object(Config\Cache), false)
#7 C:\xampp\htdocs\almexterno\index.php(36): CodeIgniter\CodeIgniter->run()
#8 {main}
CRITICAL - 2022-03-14 09:52:50 --> syntax error, unexpected 'use' (T_USE)
#0 C:\xampp\htdocs\almexterno\system\Autoloader\Autoloader.php(265): CodeIgniter\Autoloader\Autoloader->includeFile('C:\\xampp\\htdocs...')
#1 C:\xampp\htdocs\almexterno\system\Autoloader\Autoloader.php(228): CodeIgniter\Autoloader\Autoloader->loadInNamespace('App\\Controllers...')
#2 [internal function]: CodeIgniter\Autoloader\Autoloader->loadClass('App\\Controllers...')
#3 [internal function]: spl_autoload_call('App\\Controllers...')
#4 C:\xampp\htdocs\almexterno\system\CodeIgniter.php(905): class_exists('\\App\\Controller...', true)
#5 C:\xampp\htdocs\almexterno\system\CodeIgniter.php(429): CodeIgniter\CodeIgniter->startController()
#6 C:\xampp\htdocs\almexterno\system\CodeIgniter.php(344): CodeIgniter\CodeIgniter->handleRequest(NULL, Object(Config\Cache), false)
#7 C:\xampp\htdocs\almexterno\index.php(36): CodeIgniter\CodeIgniter->run()
#8 {main}
CRITICAL - 2022-03-14 09:53:25 --> syntax error, unexpected '<<' (T_SL)
#0 C:\xampp\htdocs\almexterno\system\Autoloader\Autoloader.php(265): CodeIgniter\Autoloader\Autoloader->includeFile('C:\\xampp\\htdocs...')
#1 C:\xampp\htdocs\almexterno\system\Autoloader\Autoloader.php(228): CodeIgniter\Autoloader\Autoloader->loadInNamespace('App\\Models\\Usua...')
#2 [internal function]: CodeIgniter\Autoloader\Autoloader->loadClass('App\\Models\\Usua...')
#3 [internal function]: spl_autoload_call('App\\Models\\Usua...')
#4 C:\xampp\htdocs\almexterno\system\Config\Factories.php(149): class_exists('App\\Models\\Usua...')
#5 C:\xampp\htdocs\almexterno\system\Config\Factories.php(115): CodeIgniter\Config\Factories::locateClass(Array, 'UsuarioModel')
#6 C:\xampp\htdocs\almexterno\system\Common.php(883): CodeIgniter\Config\Factories::__callStatic('models', Array)
#7 C:\xampp\htdocs\almexterno\app\Controllers\Inicio.php(15): model('UsuarioModel')
#8 C:\xampp\htdocs\almexterno\system\CodeIgniter.php(920): App\Controllers\Inicio->__construct()
#9 C:\xampp\htdocs\almexterno\system\CodeIgniter.php(434): CodeIgniter\CodeIgniter->createController()
#10 C:\xampp\htdocs\almexterno\system\CodeIgniter.php(344): CodeIgniter\CodeIgniter->handleRequest(NULL, Object(Config\Cache), false)
#11 C:\xampp\htdocs\almexterno\index.php(36): CodeIgniter\CodeIgniter->run()
#12 {main}
CRITICAL - 2022-03-14 09:56:46 --> syntax error, unexpected '<<' (T_SL), expecting function (T_FUNCTION) or const (T_CONST)
#0 C:\xampp\htdocs\almexterno\system\Autoloader\Autoloader.php(265): CodeIgniter\Autoloader\Autoloader->includeFile('C:\\xampp\\htdocs...')
#1 C:\xampp\htdocs\almexterno\system\Autoloader\Autoloader.php(228): CodeIgniter\Autoloader\Autoloader->loadInNamespace('App\\Models\\Prod...')
#2 [internal function]: CodeIgniter\Autoloader\Autoloader->loadClass('App\\Models\\Prod...')
#3 [internal function]: spl_autoload_call('App\\Models\\Prod...')
#4 C:\xampp\htdocs\almexterno\system\Config\Factories.php(149): class_exists('App\\Models\\Prod...')
#5 C:\xampp\htdocs\almexterno\system\Config\Factories.php(115): CodeIgniter\Config\Factories::locateClass(Array, 'ProductoModel')
#6 C:\xampp\htdocs\almexterno\system\Common.php(883): CodeIgniter\Config\Factories::__callStatic('models', Array)
#7 C:\xampp\htdocs\almexterno\app\Controllers\Inicio.php(16): model('ProductoModel')
#8 C:\xampp\htdocs\almexterno\system\CodeIgniter.php(920): App\Controllers\Inicio->__construct()
#9 C:\xampp\htdocs\almexterno\system\CodeIgniter.php(434): CodeIgniter\CodeIgniter->createController()
#10 C:\xampp\htdocs\almexterno\system\CodeIgniter.php(344): CodeIgniter\CodeIgniter->handleRequest(NULL, Object(Config\Cache), false)
#11 C:\xampp\htdocs\almexterno\index.php(36): CodeIgniter\CodeIgniter->run()
#12 {main}
CRITICAL - 2022-03-14 09:58:35 --> syntax error, unexpected '<<' (T_SL), expecting function (T_FUNCTION) or const (T_CONST)
#0 C:\xampp\htdocs\almexterno\system\Autoloader\Autoloader.php(265): CodeIgniter\Autoloader\Autoloader->includeFile('C:\\xampp\\htdocs...')
#1 C:\xampp\htdocs\almexterno\system\Autoloader\Autoloader.php(228): CodeIgniter\Autoloader\Autoloader->loadInNamespace('App\\Models\\Entr...')
#2 [internal function]: CodeIgniter\Autoloader\Autoloader->loadClass('App\\Models\\Entr...')
#3 [internal function]: spl_autoload_call('App\\Models\\Entr...')
#4 C:\xampp\htdocs\almexterno\system\Config\Factories.php(149): class_exists('App\\Models\\Entr...')
#5 C:\xampp\htdocs\almexterno\system\Config\Factories.php(115): CodeIgniter\Config\Factories::locateClass(Array, 'EntradaModel')
#6 C:\xampp\htdocs\almexterno\system\Common.php(883): CodeIgniter\Config\Factories::__callStatic('models', Array)
#7 C:\xampp\htdocs\almexterno\app\Controllers\Inicio.php(17): model('EntradaModel')
#8 C:\xampp\htdocs\almexterno\system\CodeIgniter.php(920): App\Controllers\Inicio->__construct()
#9 C:\xampp\htdocs\almexterno\system\CodeIgniter.php(434): CodeIgniter\CodeIgniter->createController()
#10 C:\xampp\htdocs\almexterno\system\CodeIgniter.php(344): CodeIgniter\CodeIgniter->handleRequest(NULL, Object(Config\Cache), false)
#11 C:\xampp\htdocs\almexterno\index.php(36): CodeIgniter\CodeIgniter->run()
#12 {main}
CRITICAL - 2022-03-14 09:59:02 --> syntax error, unexpected '<<' (T_SL), expecting function (T_FUNCTION) or const (T_CONST)
#0 C:\xampp\htdocs\almexterno\system\Autoloader\Autoloader.php(265): CodeIgniter\Autoloader\Autoloader->includeFile('C:\\xampp\\htdocs...')
#1 C:\xampp\htdocs\almexterno\system\Autoloader\Autoloader.php(228): CodeIgniter\Autoloader\Autoloader->loadInNamespace('App\\Models\\Sali...')
#2 [internal function]: CodeIgniter\Autoloader\Autoloader->loadClass('App\\Models\\Sali...')
#3 [internal function]: spl_autoload_call('App\\Models\\Sali...')
#4 C:\xampp\htdocs\almexterno\system\Config\Factories.php(149): class_exists('App\\Models\\Sali...')
#5 C:\xampp\htdocs\almexterno\system\Config\Factories.php(115): CodeIgniter\Config\Factories::locateClass(Array, 'SalidaModel')
#6 C:\xampp\htdocs\almexterno\system\Common.php(883): CodeIgniter\Config\Factories::__callStatic('models', Array)
#7 C:\xampp\htdocs\almexterno\app\Controllers\Inicio.php(18): model('SalidaModel')
#8 C:\xampp\htdocs\almexterno\system\CodeIgniter.php(920): App\Controllers\Inicio->__construct()
#9 C:\xampp\htdocs\almexterno\system\CodeIgniter.php(434): CodeIgniter\CodeIgniter->createController()
#10 C:\xampp\htdocs\almexterno\system\CodeIgniter.php(344): CodeIgniter\CodeIgniter->handleRequest(NULL, Object(Config\Cache), false)
#11 C:\xampp\htdocs\almexterno\index.php(36): CodeIgniter\CodeIgniter->run()
#12 {main}
CRITICAL - 2022-03-14 10:00:18 --> syntax error, unexpected '<<' (T_SL), expecting end of file
#0 C:\xampp\htdocs\almexterno\system\View\View.php(222): CodeIgniter\View\View->CodeIgniter\View\{closure}()
#1 C:\xampp\htdocs\almexterno\system\Common.php(1250): CodeIgniter\View\View->render('template/layout', Array, true)
#2 C:\xampp\htdocs\almexterno\app\Controllers\Inicio.php(73): view('template/layout', Array)
#3 C:\xampp\htdocs\almexterno\system\CodeIgniter.php(948): App\Controllers\Inicio->dashboard()
#4 C:\xampp\htdocs\almexterno\system\CodeIgniter.php(444): CodeIgniter\CodeIgniter->runController(Object(App\Controllers\Inicio))
#5 C:\xampp\htdocs\almexterno\system\CodeIgniter.php(344): CodeIgniter\CodeIgniter->handleRequest(NULL, Object(Config\Cache), false)
#6 C:\xampp\htdocs\almexterno\index.php(36): CodeIgniter\CodeIgniter->run()
#7 {main}
CRITICAL - 2022-03-14 10:15:09 --> syntax error, unexpected '<<' (T_SL), expecting end of file
#0 C:\xampp\htdocs\almexterno\system\Autoloader\Autoloader.php(265): CodeIgniter\Autoloader\Autoloader->includeFile('C:\\xampp\\htdocs...')
#1 C:\xampp\htdocs\almexterno\system\Autoloader\Autoloader.php(228): CodeIgniter\Autoloader\Autoloader->loadInNamespace('App\\Controllers...')
#2 [internal function]: CodeIgniter\Autoloader\Autoloader->loadClass('App\\Controllers...')
#3 [internal function]: spl_autoload_call('App\\Controllers...')
#4 C:\xampp\htdocs\almexterno\system\CodeIgniter.php(905): class_exists('\\App\\Controller...', true)
#5 C:\xampp\htdocs\almexterno\system\CodeIgniter.php(429): CodeIgniter\CodeIgniter->startController()
#6 C:\xampp\htdocs\almexterno\system\CodeIgniter.php(344): CodeIgniter\CodeIgniter->handleRequest(NULL, Object(Config\Cache), false)
#7 C:\xampp\htdocs\almexterno\index.php(36): CodeIgniter\CodeIgniter->run()
#8 {main}
CRITICAL - 2022-03-14 14:06:42 --> Undefined variable: idusuario
#0 C:\xampp\htdocs\almexterno\app\Controllers\Usuario.php(143): CodeIgniter\Debug\Exceptions->errorHandler(8, 'Undefined varia...', 'C:\\xampp\\htdocs...', 143, Array)
#1 C:\xampp\htdocs\almexterno\system\CodeIgniter.php(948): App\Controllers\Usuario->backup()
#2 C:\xampp\htdocs\almexterno\system\CodeIgniter.php(444): CodeIgniter\CodeIgniter->runController(Object(App\Controllers\Usuario))
#3 C:\xampp\htdocs\almexterno\system\CodeIgniter.php(344): CodeIgniter\CodeIgniter->handleRequest(NULL, Object(Config\Cache), false)
#4 C:\xampp\htdocs\almexterno\index.php(36): CodeIgniter\CodeIgniter->run()
#5 {main}
