CRITICAL - 2021-12-15 07:40:35 --> Use of undefined constant NOMBRE_SITIO - assumed 'NOMBRE_SITIO' (this will throw an Error in a future version of PHP)
#0 C:\xampp\htdocs\almexterno\app\Views\inicio.php(6): CodeIgniter\Debug\Exceptions->errorHandler(2, 'Use of undefine...', 'C:\\xampp\\htdocs...', 6, Array)
#1 C:\xampp\htdocs\almexterno\system\View\View.php(220): include('C:\\xampp\\htdocs...')
#2 C:\xampp\htdocs\almexterno\system\View\View.php(222): CodeIgniter\View\View->CodeIgniter\View\{closure}()
#3 C:\xampp\htdocs\almexterno\system\Common.php(1250): CodeIgniter\View\View->render('inicio', Array, true)
#4 C:\xampp\htdocs\almexterno\app\Views\template\layout.php(14): view('inicio')
#5 C:\xampp\htdocs\almexterno\system\View\View.php(220): include('C:\\xampp\\htdocs...')
#6 C:\xampp\htdocs\almexterno\system\View\View.php(222): CodeIgniter\View\View->CodeIgniter\View\{closure}()
#7 C:\xampp\htdocs\almexterno\system\Common.php(1250): CodeIgniter\View\View->render('template/layout', Array, true)
#8 C:\xampp\htdocs\almexterno\app\Controllers\Inicio.php(57): view('template/layout', Array)
#9 C:\xampp\htdocs\almexterno\system\CodeIgniter.php(948): App\Controllers\Inicio->dashboard()
#10 C:\xampp\htdocs\almexterno\system\CodeIgniter.php(444): CodeIgniter\CodeIgniter->runController(Object(App\Controllers\Inicio))
#11 C:\xampp\htdocs\almexterno\system\CodeIgniter.php(344): CodeIgniter\CodeIgniter->handleRequest(NULL, Object(Config\Cache), false)
#12 C:\xampp\htdocs\almexterno\index.php(36): CodeIgniter\CodeIgniter->run()
#13 {main}
CRITICAL - 2021-12-15 07:40:51 --> Undefined variable: datos
#0 C:\xampp\htdocs\almexterno\app\Views\inicio.php(22): CodeIgniter\Debug\Exceptions->errorHandler(8, 'Undefined varia...', 'C:\\xampp\\htdocs...', 22, Array)
#1 C:\xampp\htdocs\almexterno\system\View\View.php(220): include('C:\\xampp\\htdocs...')
#2 C:\xampp\htdocs\almexterno\system\View\View.php(222): CodeIgniter\View\View->CodeIgniter\View\{closure}()
#3 C:\xampp\htdocs\almexterno\system\Common.php(1250): CodeIgniter\View\View->render('inicio', Array, true)
#4 C:\xampp\htdocs\almexterno\app\Views\template\layout.php(14): view('inicio')
#5 C:\xampp\htdocs\almexterno\system\View\View.php(220): include('C:\\xampp\\htdocs...')
#6 C:\xampp\htdocs\almexterno\system\View\View.php(222): CodeIgniter\View\View->CodeIgniter\View\{closure}()
#7 C:\xampp\htdocs\almexterno\system\Common.php(1250): CodeIgniter\View\View->render('template/layout', Array, true)
#8 C:\xampp\htdocs\almexterno\app\Controllers\Inicio.php(57): view('template/layout', Array)
#9 C:\xampp\htdocs\almexterno\system\CodeIgniter.php(948): App\Controllers\Inicio->dashboard()
#10 C:\xampp\htdocs\almexterno\system\CodeIgniter.php(444): CodeIgniter\CodeIgniter->runController(Object(App\Controllers\Inicio))
#11 C:\xampp\htdocs\almexterno\system\CodeIgniter.php(344): CodeIgniter\CodeIgniter->handleRequest(NULL, Object(Config\Cache), false)
#12 C:\xampp\htdocs\almexterno\index.php(36): CodeIgniter\CodeIgniter->run()
#13 {main}
CRITICAL - 2021-12-15 07:59:01 --> Undefined property: App\Controllers\Inicio::$modeloProducto
#0 C:\xampp\htdocs\almexterno\app\Controllers\Inicio.php(72): CodeIgniter\Debug\Exceptions->errorHandler(8, 'Undefined prope...', 'C:\\xampp\\htdocs...', 72, Array)
#1 C:\xampp\htdocs\almexterno\system\CodeIgniter.php(948): App\Controllers\Inicio->counters_dashboard()
#2 C:\xampp\htdocs\almexterno\system\CodeIgniter.php(444): CodeIgniter\CodeIgniter->runController(Object(App\Controllers\Inicio))
#3 C:\xampp\htdocs\almexterno\system\CodeIgniter.php(344): CodeIgniter\CodeIgniter->handleRequest(NULL, Object(Config\Cache), false)
#4 C:\xampp\htdocs\almexterno\index.php(36): CodeIgniter\CodeIgniter->run()
#5 {main}
CRITICAL - 2021-12-15 08:03:12 --> Too few arguments to function App\Models\EntradaModel::getEntradas(), 0 passed in C:\xampp\htdocs\almexterno\app\Controllers\Inicio.php on line 75 and exactly 1 expected
#0 C:\xampp\htdocs\almexterno\app\Controllers\Inicio.php(75): App\Models\EntradaModel->getEntradas()
#1 C:\xampp\htdocs\almexterno\system\CodeIgniter.php(948): App\Controllers\Inicio->counters_dashboard()
#2 C:\xampp\htdocs\almexterno\system\CodeIgniter.php(444): CodeIgniter\CodeIgniter->runController(Object(App\Controllers\Inicio))
#3 C:\xampp\htdocs\almexterno\system\CodeIgniter.php(344): CodeIgniter\CodeIgniter->handleRequest(NULL, Object(Config\Cache), false)
#4 C:\xampp\htdocs\almexterno\index.php(36): CodeIgniter\CodeIgniter->run()
#5 {main}
CRITICAL - 2021-12-15 08:03:58 --> json_decode() expects parameter 1 to be string, array given
#0 [internal function]: CodeIgniter\Debug\Exceptions->errorHandler(2, 'json_decode() e...', 'C:\\xampp\\htdocs...', 82, Array)
#1 C:\xampp\htdocs\almexterno\app\Controllers\Inicio.php(82): json_decode(Array)
#2 C:\xampp\htdocs\almexterno\system\CodeIgniter.php(948): App\Controllers\Inicio->counters_dashboard()
#3 C:\xampp\htdocs\almexterno\system\CodeIgniter.php(444): CodeIgniter\CodeIgniter->runController(Object(App\Controllers\Inicio))
#4 C:\xampp\htdocs\almexterno\system\CodeIgniter.php(344): CodeIgniter\CodeIgniter->handleRequest(NULL, Object(Config\Cache), false)
#5 C:\xampp\htdocs\almexterno\index.php(36): CodeIgniter\CodeIgniter->run()
#6 {main}
CRITICAL - 2021-12-15 11:18:58 --> Call to undefined function mifuncion()
#0 C:\xampp\htdocs\almexterno\system\View\View.php(220): include()
#1 C:\xampp\htdocs\almexterno\system\View\View.php(222): CodeIgniter\View\View->CodeIgniter\View\{closure}()
#2 C:\xampp\htdocs\almexterno\system\Common.php(1250): CodeIgniter\View\View->render('inicio', Array, true)
#3 C:\xampp\htdocs\almexterno\app\Views\template\layout.php(14): view('inicio')
#4 C:\xampp\htdocs\almexterno\system\View\View.php(220): include('C:\\xampp\\htdocs...')
#5 C:\xampp\htdocs\almexterno\system\View\View.php(222): CodeIgniter\View\View->CodeIgniter\View\{closure}()
#6 C:\xampp\htdocs\almexterno\system\Common.php(1250): CodeIgniter\View\View->render('template/layout', Array, true)
#7 C:\xampp\htdocs\almexterno\app\Controllers\Inicio.php(63): view('template/layout', Array)
#8 C:\xampp\htdocs\almexterno\system\CodeIgniter.php(948): App\Controllers\Inicio->dashboard()
#9 C:\xampp\htdocs\almexterno\system\CodeIgniter.php(444): CodeIgniter\CodeIgniter->runController(Object(App\Controllers\Inicio))
#10 C:\xampp\htdocs\almexterno\system\CodeIgniter.php(344): CodeIgniter\CodeIgniter->handleRequest(NULL, Object(Config\Cache), false)
#11 C:\xampp\htdocs\almexterno\index.php(36): CodeIgniter\CodeIgniter->run()
#12 {main}
CRITICAL - 2021-12-15 11:26:15 --> syntax error, unexpected '>'
#0 C:\xampp\htdocs\almexterno\system\View\View.php(222): CodeIgniter\View\View->CodeIgniter\View\{closure}()
#1 C:\xampp\htdocs\almexterno\system\Common.php(1250): CodeIgniter\View\View->render('inicio', Array, true)
#2 C:\xampp\htdocs\almexterno\app\Views\template\layout.php(14): view('inicio')
#3 C:\xampp\htdocs\almexterno\system\View\View.php(220): include('C:\\xampp\\htdocs...')
#4 C:\xampp\htdocs\almexterno\system\View\View.php(222): CodeIgniter\View\View->CodeIgniter\View\{closure}()
#5 C:\xampp\htdocs\almexterno\system\Common.php(1250): CodeIgniter\View\View->render('template/layout', Array, true)
#6 C:\xampp\htdocs\almexterno\app\Controllers\Inicio.php(65): view('template/layout', Array)
#7 C:\xampp\htdocs\almexterno\system\CodeIgniter.php(948): App\Controllers\Inicio->dashboard()
#8 C:\xampp\htdocs\almexterno\system\CodeIgniter.php(444): CodeIgniter\CodeIgniter->runController(Object(App\Controllers\Inicio))
#9 C:\xampp\htdocs\almexterno\system\CodeIgniter.php(344): CodeIgniter\CodeIgniter->handleRequest(NULL, Object(Config\Cache), false)
#10 C:\xampp\htdocs\almexterno\index.php(36): CodeIgniter\CodeIgniter->run()
#11 {main}
