CRITICAL - 2022-01-11 09:36:09 --> The supplied file is not a supported image type.
#0 C:\xampp\htdocs\almexterno\system\Images\Image.php(113): CodeIgniter\Images\Exceptions\ImageException::forFileNotSupported()
#1 C:\xampp\htdocs\almexterno\system\Images\Handlers\BaseHandler.php(156): CodeIgniter\Images\Image->getProperties(false)
#2 C:\xampp\htdocs\almexterno\app\Controllers\Producto.php(288): CodeIgniter\Images\Handlers\BaseHandler->withFile('C:\\xampp\\tmp\\ph...')
#3 C:\xampp\htdocs\almexterno\system\CodeIgniter.php(948): App\Controllers\Producto->processImage()
#4 C:\xampp\htdocs\almexterno\system\CodeIgniter.php(444): CodeIgniter\CodeIgniter->runController(Object(App\Controllers\Producto))
#5 C:\xampp\htdocs\almexterno\system\CodeIgniter.php(344): CodeIgniter\CodeIgniter->handleRequest(NULL, Object(Config\Cache), false)
#6 C:\xampp\htdocs\almexterno\index.php(36): CodeIgniter\CodeIgniter->run()
#7 {main}
CRITICAL - 2022-01-11 09:37:28 --> The supplied file is not a supported image type.
#0 C:\xampp\htdocs\almexterno\system\Images\Image.php(113): CodeIgniter\Images\Exceptions\ImageException::forFileNotSupported()
#1 C:\xampp\htdocs\almexterno\system\Images\Handlers\BaseHandler.php(156): CodeIgniter\Images\Image->getProperties(false)
#2 C:\xampp\htdocs\almexterno\app\Controllers\Producto.php(288): CodeIgniter\Images\Handlers\BaseHandler->withFile('C:\\xampp\\tmp\\ph...')
#3 C:\xampp\htdocs\almexterno\system\CodeIgniter.php(948): App\Controllers\Producto->processImage()
#4 C:\xampp\htdocs\almexterno\system\CodeIgniter.php(444): CodeIgniter\CodeIgniter->runController(Object(App\Controllers\Producto))
#5 C:\xampp\htdocs\almexterno\system\CodeIgniter.php(344): CodeIgniter\CodeIgniter->handleRequest(NULL, Object(Config\Cache), false)
#6 C:\xampp\htdocs\almexterno\index.php(36): CodeIgniter\CodeIgniter->run()
#7 {main}
CRITICAL - 2022-01-11 09:41:48 --> Call to undefined method CodeIgniter\HTTP\Files\UploadedFile::getTypeMime()
#0 C:\xampp\htdocs\almexterno\system\CodeIgniter.php(948): App\Controllers\Producto->processImage()
#1 C:\xampp\htdocs\almexterno\system\CodeIgniter.php(444): CodeIgniter\CodeIgniter->runController(Object(App\Controllers\Producto))
#2 C:\xampp\htdocs\almexterno\system\CodeIgniter.php(344): CodeIgniter\CodeIgniter->handleRequest(NULL, Object(Config\Cache), false)
#3 C:\xampp\htdocs\almexterno\index.php(36): CodeIgniter\CodeIgniter->run()
#4 {main}
CRITICAL - 2022-01-11 09:42:43 --> Call to undefined method CodeIgniter\HTTP\Files\UploadedFile::getMime()
#0 C:\xampp\htdocs\almexterno\system\CodeIgniter.php(948): App\Controllers\Producto->processImage()
#1 C:\xampp\htdocs\almexterno\system\CodeIgniter.php(444): CodeIgniter\CodeIgniter->runController(Object(App\Controllers\Producto))
#2 C:\xampp\htdocs\almexterno\system\CodeIgniter.php(344): CodeIgniter\CodeIgniter->handleRequest(NULL, Object(Config\Cache), false)
#3 C:\xampp\htdocs\almexterno\index.php(36): CodeIgniter\CodeIgniter->run()
#4 {main}
CRITICAL - 2022-01-11 09:51:50 --> Call to undefined method CodeIgniter\HTTP\Files\UploadedFile::save()
#0 C:\xampp\htdocs\almexterno\system\CodeIgniter.php(948): App\Controllers\Producto->processImage()
#1 C:\xampp\htdocs\almexterno\system\CodeIgniter.php(444): CodeIgniter\CodeIgniter->runController(Object(App\Controllers\Producto))
#2 C:\xampp\htdocs\almexterno\system\CodeIgniter.php(344): CodeIgniter\CodeIgniter->handleRequest(NULL, Object(Config\Cache), false)
#3 C:\xampp\htdocs\almexterno\index.php(36): CodeIgniter\CodeIgniter->run()
#4 {main}
CRITICAL - 2022-01-11 09:54:07 --> Call to undefined method CodeIgniter\HTTP\Files\UploadedFile::save()
#0 C:\xampp\htdocs\almexterno\system\CodeIgniter.php(948): App\Controllers\Producto->processImage()
#1 C:\xampp\htdocs\almexterno\system\CodeIgniter.php(444): CodeIgniter\CodeIgniter->runController(Object(App\Controllers\Producto))
#2 C:\xampp\htdocs\almexterno\system\CodeIgniter.php(344): CodeIgniter\CodeIgniter->handleRequest(NULL, Object(Config\Cache), false)
#3 C:\xampp\htdocs\almexterno\index.php(36): CodeIgniter\CodeIgniter->run()
#4 {main}
CRITICAL - 2022-01-11 10:05:30 --> unlink(public/images/products/73/tarjeta.pdf): No such file or directory
#0 [internal function]: CodeIgniter\Debug\Exceptions->errorHandler(2, 'unlink(public/i...', 'C:\\xampp\\htdocs...', 319, Array)
#1 C:\xampp\htdocs\almexterno\app\Controllers\Producto.php(319): unlink('public/images/p...')
#2 C:\xampp\htdocs\almexterno\system\CodeIgniter.php(948): App\Controllers\Producto->deleteImagen('73')
#3 C:\xampp\htdocs\almexterno\system\CodeIgniter.php(444): CodeIgniter\CodeIgniter->runController(Object(App\Controllers\Producto))
#4 C:\xampp\htdocs\almexterno\system\CodeIgniter.php(344): CodeIgniter\CodeIgniter->handleRequest(NULL, Object(Config\Cache), false)
#5 C:\xampp\htdocs\almexterno\index.php(36): CodeIgniter\CodeIgniter->run()
#6 {main}
CRITICAL - 2022-01-11 10:05:35 --> unlink(public/images/products/73/tarjeta.pdf): No such file or directory
#0 [internal function]: CodeIgniter\Debug\Exceptions->errorHandler(2, 'unlink(public/i...', 'C:\\xampp\\htdocs...', 319, Array)
#1 C:\xampp\htdocs\almexterno\app\Controllers\Producto.php(319): unlink('public/images/p...')
#2 C:\xampp\htdocs\almexterno\system\CodeIgniter.php(948): App\Controllers\Producto->deleteImagen('73')
#3 C:\xampp\htdocs\almexterno\system\CodeIgniter.php(444): CodeIgniter\CodeIgniter->runController(Object(App\Controllers\Producto))
#4 C:\xampp\htdocs\almexterno\system\CodeIgniter.php(344): CodeIgniter\CodeIgniter->handleRequest(NULL, Object(Config\Cache), false)
#5 C:\xampp\htdocs\almexterno\index.php(36): CodeIgniter\CodeIgniter->run()
#6 {main}
CRITICAL - 2022-01-11 10:21:11 --> explode() expects at least 2 parameters, 1 given
#0 [internal function]: CodeIgniter\Debug\Exceptions->errorHandler(2, 'explode() expec...', 'C:\\xampp\\htdocs...', 63, Array)
#1 C:\xampp\htdocs\almexterno\app\Views\producto\imagenproducto.php(63): explode('public/images/p...')
#2 C:\xampp\htdocs\almexterno\system\View\View.php(220): include('C:\\xampp\\htdocs...')
#3 C:\xampp\htdocs\almexterno\system\View\View.php(222): CodeIgniter\View\View->CodeIgniter\View\{closure}()
#4 C:\xampp\htdocs\almexterno\system\Common.php(1250): CodeIgniter\View\View->render('producto/imagen...', Array, true)
#5 C:\xampp\htdocs\almexterno\app\Views\template\layout.php(14): view('producto/imagen...')
#6 C:\xampp\htdocs\almexterno\system\View\View.php(220): include('C:\\xampp\\htdocs...')
#7 C:\xampp\htdocs\almexterno\system\View\View.php(222): CodeIgniter\View\View->CodeIgniter\View\{closure}()
#8 C:\xampp\htdocs\almexterno\system\Common.php(1250): CodeIgniter\View\View->render('template/layout', Array, true)
#9 C:\xampp\htdocs\almexterno\app\Controllers\Producto.php(251): view('template/layout', Array)
#10 C:\xampp\htdocs\almexterno\system\CodeIgniter.php(948): App\Controllers\Producto->uploadImagen('73')
#11 C:\xampp\htdocs\almexterno\system\CodeIgniter.php(444): CodeIgniter\CodeIgniter->runController(Object(App\Controllers\Producto))
#12 C:\xampp\htdocs\almexterno\system\CodeIgniter.php(344): CodeIgniter\CodeIgniter->handleRequest(NULL, Object(Config\Cache), false)
#13 C:\xampp\htdocs\almexterno\index.php(36): CodeIgniter\CodeIgniter->run()
#14 {main}
CRITICAL - 2022-01-11 10:22:54 --> Unsupported operand types
#0 C:\xampp\htdocs\almexterno\system\View\View.php(220): include()
#1 C:\xampp\htdocs\almexterno\system\View\View.php(222): CodeIgniter\View\View->CodeIgniter\View\{closure}()
#2 C:\xampp\htdocs\almexterno\system\Common.php(1250): CodeIgniter\View\View->render('producto/imagen...', Array, true)
#3 C:\xampp\htdocs\almexterno\app\Views\template\layout.php(14): view('producto/imagen...')
#4 C:\xampp\htdocs\almexterno\system\View\View.php(220): include('C:\\xampp\\htdocs...')
#5 C:\xampp\htdocs\almexterno\system\View\View.php(222): CodeIgniter\View\View->CodeIgniter\View\{closure}()
#6 C:\xampp\htdocs\almexterno\system\Common.php(1250): CodeIgniter\View\View->render('template/layout', Array, true)
#7 C:\xampp\htdocs\almexterno\app\Controllers\Producto.php(251): view('template/layout', Array)
#8 C:\xampp\htdocs\almexterno\system\CodeIgniter.php(948): App\Controllers\Producto->uploadImagen('73')
#9 C:\xampp\htdocs\almexterno\system\CodeIgniter.php(444): CodeIgniter\CodeIgniter->runController(Object(App\Controllers\Producto))
#10 C:\xampp\htdocs\almexterno\system\CodeIgniter.php(344): CodeIgniter\CodeIgniter->handleRequest(NULL, Object(Config\Cache), false)
#11 C:\xampp\htdocs\almexterno\index.php(36): CodeIgniter\CodeIgniter->run()
#12 {main}
CRITICAL - 2022-01-11 10:23:45 --> strlen() expects parameter 1 to be string, array given
#0 C:\xampp\htdocs\almexterno\app\Views\producto\imagenproducto.php(64): CodeIgniter\Debug\Exceptions->errorHandler(2, 'strlen() expect...', 'C:\\xampp\\htdocs...', 64, Array)
#1 C:\xampp\htdocs\almexterno\system\View\View.php(220): include('C:\\xampp\\htdocs...')
#2 C:\xampp\htdocs\almexterno\system\View\View.php(222): CodeIgniter\View\View->CodeIgniter\View\{closure}()
#3 C:\xampp\htdocs\almexterno\system\Common.php(1250): CodeIgniter\View\View->render('producto/imagen...', Array, true)
#4 C:\xampp\htdocs\almexterno\app\Views\template\layout.php(14): view('producto/imagen...')
#5 C:\xampp\htdocs\almexterno\system\View\View.php(220): include('C:\\xampp\\htdocs...')
#6 C:\xampp\htdocs\almexterno\system\View\View.php(222): CodeIgniter\View\View->CodeIgniter\View\{closure}()
#7 C:\xampp\htdocs\almexterno\system\Common.php(1250): CodeIgniter\View\View->render('template/layout', Array, true)
#8 C:\xampp\htdocs\almexterno\app\Controllers\Producto.php(251): view('template/layout', Array)
#9 C:\xampp\htdocs\almexterno\system\CodeIgniter.php(948): App\Controllers\Producto->uploadImagen('73')
#10 C:\xampp\htdocs\almexterno\system\CodeIgniter.php(444): CodeIgniter\CodeIgniter->runController(Object(App\Controllers\Producto))
#11 C:\xampp\htdocs\almexterno\system\CodeIgniter.php(344): CodeIgniter\CodeIgniter->handleRequest(NULL, Object(Config\Cache), false)
#12 C:\xampp\htdocs\almexterno\index.php(36): CodeIgniter\CodeIgniter->run()
#13 {main}
CRITICAL - 2022-01-11 10:24:15 --> strlen() expects parameter 1 to be string, array given
#0 C:\xampp\htdocs\almexterno\app\Views\producto\imagenproducto.php(65): CodeIgniter\Debug\Exceptions->errorHandler(2, 'strlen() expect...', 'C:\\xampp\\htdocs...', 65, Array)
#1 C:\xampp\htdocs\almexterno\system\View\View.php(220): include('C:\\xampp\\htdocs...')
#2 C:\xampp\htdocs\almexterno\system\View\View.php(222): CodeIgniter\View\View->CodeIgniter\View\{closure}()
#3 C:\xampp\htdocs\almexterno\system\Common.php(1250): CodeIgniter\View\View->render('producto/imagen...', Array, true)
#4 C:\xampp\htdocs\almexterno\app\Views\template\layout.php(14): view('producto/imagen...')
#5 C:\xampp\htdocs\almexterno\system\View\View.php(220): include('C:\\xampp\\htdocs...')
#6 C:\xampp\htdocs\almexterno\system\View\View.php(222): CodeIgniter\View\View->CodeIgniter\View\{closure}()
#7 C:\xampp\htdocs\almexterno\system\Common.php(1250): CodeIgniter\View\View->render('template/layout', Array, true)
#8 C:\xampp\htdocs\almexterno\app\Controllers\Producto.php(251): view('template/layout', Array)
#9 C:\xampp\htdocs\almexterno\system\CodeIgniter.php(948): App\Controllers\Producto->uploadImagen('73')
#10 C:\xampp\htdocs\almexterno\system\CodeIgniter.php(444): CodeIgniter\CodeIgniter->runController(Object(App\Controllers\Producto))
#11 C:\xampp\htdocs\almexterno\system\CodeIgniter.php(344): CodeIgniter\CodeIgniter->handleRequest(NULL, Object(Config\Cache), false)
#12 C:\xampp\htdocs\almexterno\index.php(36): CodeIgniter\CodeIgniter->run()
#13 {main}
CRITICAL - 2022-01-11 10:29:30 --> Undefined variable: ruta
#0 C:\xampp\htdocs\almexterno\app\Views\producto\imagenproducto.php(52): CodeIgniter\Debug\Exceptions->errorHandler(8, 'Undefined varia...', 'C:\\xampp\\htdocs...', 52, Array)
#1 C:\xampp\htdocs\almexterno\system\View\View.php(220): include('C:\\xampp\\htdocs...')
#2 C:\xampp\htdocs\almexterno\system\View\View.php(222): CodeIgniter\View\View->CodeIgniter\View\{closure}()
#3 C:\xampp\htdocs\almexterno\system\Common.php(1250): CodeIgniter\View\View->render('producto/imagen...', Array, true)
#4 C:\xampp\htdocs\almexterno\app\Views\template\layout.php(14): view('producto/imagen...')
#5 C:\xampp\htdocs\almexterno\system\View\View.php(220): include('C:\\xampp\\htdocs...')
#6 C:\xampp\htdocs\almexterno\system\View\View.php(222): CodeIgniter\View\View->CodeIgniter\View\{closure}()
#7 C:\xampp\htdocs\almexterno\system\Common.php(1250): CodeIgniter\View\View->render('template/layout', Array, true)
#8 C:\xampp\htdocs\almexterno\app\Controllers\Producto.php(251): view('template/layout', Array)
#9 C:\xampp\htdocs\almexterno\system\CodeIgniter.php(948): App\Controllers\Producto->uploadImagen('73')
#10 C:\xampp\htdocs\almexterno\system\CodeIgniter.php(444): CodeIgniter\CodeIgniter->runController(Object(App\Controllers\Producto))
#11 C:\xampp\htdocs\almexterno\system\CodeIgniter.php(344): CodeIgniter\CodeIgniter->handleRequest(NULL, Object(Config\Cache), false)
#12 C:\xampp\htdocs\almexterno\index.php(36): CodeIgniter\CodeIgniter->run()
#13 {main}
