CRITICAL - 2023-12-18 06:43:43 --> Undefined array key "nota"
#0 C:\xampp\htdocs\almsis\app\Views\producto\modalDetalle.php(86): CodeIgniter\Debug\Exceptions->errorHandler(2, 'Undefined array...', 'C:\\xampp\\htdocs...', 86)
#1 C:\xampp\htdocs\almsis\system\View\View.php(220): include('C:\\xampp\\htdocs...')
#2 C:\xampp\htdocs\almsis\system\View\View.php(222): CodeIgniter\View\View->CodeIgniter\View\{closure}()
#3 C:\xampp\htdocs\almsis\system\Common.php(1250): CodeIgniter\View\View->render('producto/modalD...', Array, true)
#4 C:\xampp\htdocs\almsis\app\Controllers\Producto.php(513): view('producto/modalD...', Array)
#5 C:\xampp\htdocs\almsis\system\CodeIgniter.php(948): App\Controllers\Producto->detalleMov()
#6 C:\xampp\htdocs\almsis\system\CodeIgniter.php(444): CodeIgniter\CodeIgniter->runController(Object(App\Controllers\Producto))
#7 C:\xampp\htdocs\almsis\system\CodeIgniter.php(344): CodeIgniter\CodeIgniter->handleRequest(NULL, Object(Config\Cache), false)
#8 C:\xampp\htdocs\almsis\index.php(36): CodeIgniter\CodeIgniter->run()
#9 {main}
CRITICAL - 2023-12-18 06:44:08 --> Undefined array key "nota"
#0 C:\xampp\htdocs\almsis\app\Views\producto\modalDetalle.php(86): CodeIgniter\Debug\Exceptions->errorHandler(2, 'Undefined array...', 'C:\\xampp\\htdocs...', 86)
#1 C:\xampp\htdocs\almsis\system\View\View.php(220): include('C:\\xampp\\htdocs...')
#2 C:\xampp\htdocs\almsis\system\View\View.php(222): CodeIgniter\View\View->CodeIgniter\View\{closure}()
#3 C:\xampp\htdocs\almsis\system\Common.php(1250): CodeIgniter\View\View->render('producto/modalD...', Array, true)
#4 C:\xampp\htdocs\almsis\app\Controllers\Producto.php(513): view('producto/modalD...', Array)
#5 C:\xampp\htdocs\almsis\system\CodeIgniter.php(948): App\Controllers\Producto->detalleMov()
#6 C:\xampp\htdocs\almsis\system\CodeIgniter.php(444): CodeIgniter\CodeIgniter->runController(Object(App\Controllers\Producto))
#7 C:\xampp\htdocs\almsis\system\CodeIgniter.php(344): CodeIgniter\CodeIgniter->handleRequest(NULL, Object(Config\Cache), false)
#8 C:\xampp\htdocs\almsis\index.php(36): CodeIgniter\CodeIgniter->run()
#9 {main}
CRITICAL - 2023-12-18 06:44:41 --> Undefined array key "nota"
#0 C:\xampp\htdocs\almsis\app\Views\producto\modalDetalle.php(86): CodeIgniter\Debug\Exceptions->errorHandler(2, 'Undefined array...', 'C:\\xampp\\htdocs...', 86)
#1 C:\xampp\htdocs\almsis\system\View\View.php(220): include('C:\\xampp\\htdocs...')
#2 C:\xampp\htdocs\almsis\system\View\View.php(222): CodeIgniter\View\View->CodeIgniter\View\{closure}()
#3 C:\xampp\htdocs\almsis\system\Common.php(1250): CodeIgniter\View\View->render('producto/modalD...', Array, true)
#4 C:\xampp\htdocs\almsis\app\Controllers\Producto.php(513): view('producto/modalD...', Array)
#5 C:\xampp\htdocs\almsis\system\CodeIgniter.php(948): App\Controllers\Producto->detalleMov()
#6 C:\xampp\htdocs\almsis\system\CodeIgniter.php(444): CodeIgniter\CodeIgniter->runController(Object(App\Controllers\Producto))
#7 C:\xampp\htdocs\almsis\system\CodeIgniter.php(344): CodeIgniter\CodeIgniter->handleRequest(NULL, Object(Config\Cache), false)
#8 C:\xampp\htdocs\almsis\index.php(36): CodeIgniter\CodeIgniter->run()
#9 {main}
CRITICAL - 2023-12-18 09:14:30 --> Undefined array key "nota"
#0 C:\xampp\htdocs\almsis\app\Views\producto\modalDetalle.php(86): CodeIgniter\Debug\Exceptions->errorHandler(2, 'Undefined array...', 'C:\\xampp\\htdocs...', 86)
#1 C:\xampp\htdocs\almsis\system\View\View.php(220): include('C:\\xampp\\htdocs...')
#2 C:\xampp\htdocs\almsis\system\View\View.php(222): CodeIgniter\View\View->CodeIgniter\View\{closure}()
#3 C:\xampp\htdocs\almsis\system\Common.php(1250): CodeIgniter\View\View->render('producto/modalD...', Array, true)
#4 C:\xampp\htdocs\almsis\app\Controllers\Producto.php(513): view('producto/modalD...', Array)
#5 C:\xampp\htdocs\almsis\system\CodeIgniter.php(948): App\Controllers\Producto->detalleMov()
#6 C:\xampp\htdocs\almsis\system\CodeIgniter.php(444): CodeIgniter\CodeIgniter->runController(Object(App\Controllers\Producto))
#7 C:\xampp\htdocs\almsis\system\CodeIgniter.php(344): CodeIgniter\CodeIgniter->handleRequest(NULL, Object(Config\Cache), false)
#8 C:\xampp\htdocs\almsis\index.php(36): CodeIgniter\CodeIgniter->run()
#9 {main}
CRITICAL - 2023-12-18 09:16:26 --> Undefined array key "nota"
#0 C:\xampp\htdocs\almsis\app\Views\producto\modalDetalle.php(86): CodeIgniter\Debug\Exceptions->errorHandler(2, 'Undefined array...', 'C:\\xampp\\htdocs...', 86)
#1 C:\xampp\htdocs\almsis\system\View\View.php(220): include('C:\\xampp\\htdocs...')
#2 C:\xampp\htdocs\almsis\system\View\View.php(222): CodeIgniter\View\View->CodeIgniter\View\{closure}()
#3 C:\xampp\htdocs\almsis\system\Common.php(1250): CodeIgniter\View\View->render('producto/modalD...', Array, true)
#4 C:\xampp\htdocs\almsis\app\Controllers\Producto.php(513): view('producto/modalD...', Array)
#5 C:\xampp\htdocs\almsis\system\CodeIgniter.php(948): App\Controllers\Producto->detalleMov()
#6 C:\xampp\htdocs\almsis\system\CodeIgniter.php(444): CodeIgniter\CodeIgniter->runController(Object(App\Controllers\Producto))
#7 C:\xampp\htdocs\almsis\system\CodeIgniter.php(344): CodeIgniter\CodeIgniter->handleRequest(NULL, Object(Config\Cache), false)
#8 C:\xampp\htdocs\almsis\index.php(36): CodeIgniter\CodeIgniter->run()
#9 {main}
CRITICAL - 2023-12-18 09:16:52 --> Undefined array key "nota"
#0 C:\xampp\htdocs\almsis\app\Views\producto\modalDetalle.php(86): CodeIgniter\Debug\Exceptions->errorHandler(2, 'Undefined array...', 'C:\\xampp\\htdocs...', 86)
#1 C:\xampp\htdocs\almsis\system\View\View.php(220): include('C:\\xampp\\htdocs...')
#2 C:\xampp\htdocs\almsis\system\View\View.php(222): CodeIgniter\View\View->CodeIgniter\View\{closure}()
#3 C:\xampp\htdocs\almsis\system\Common.php(1250): CodeIgniter\View\View->render('producto/modalD...', Array, true)
#4 C:\xampp\htdocs\almsis\app\Controllers\Producto.php(513): view('producto/modalD...', Array)
#5 C:\xampp\htdocs\almsis\system\CodeIgniter.php(948): App\Controllers\Producto->detalleMov()
#6 C:\xampp\htdocs\almsis\system\CodeIgniter.php(444): CodeIgniter\CodeIgniter->runController(Object(App\Controllers\Producto))
#7 C:\xampp\htdocs\almsis\system\CodeIgniter.php(344): CodeIgniter\CodeIgniter->handleRequest(NULL, Object(Config\Cache), false)
#8 C:\xampp\htdocs\almsis\index.php(36): CodeIgniter\CodeIgniter->run()
#9 {main}
CRITICAL - 2023-12-18 09:17:53 --> Undefined array key "nota"
#0 C:\xampp\htdocs\almsis\app\Views\producto\modalDetalle.php(86): CodeIgniter\Debug\Exceptions->errorHandler(2, 'Undefined array...', 'C:\\xampp\\htdocs...', 86)
#1 C:\xampp\htdocs\almsis\system\View\View.php(220): include('C:\\xampp\\htdocs...')
#2 C:\xampp\htdocs\almsis\system\View\View.php(222): CodeIgniter\View\View->CodeIgniter\View\{closure}()
#3 C:\xampp\htdocs\almsis\system\Common.php(1250): CodeIgniter\View\View->render('producto/modalD...', Array, true)
#4 C:\xampp\htdocs\almsis\app\Controllers\Producto.php(513): view('producto/modalD...', Array)
#5 C:\xampp\htdocs\almsis\system\CodeIgniter.php(948): App\Controllers\Producto->detalleMov()
#6 C:\xampp\htdocs\almsis\system\CodeIgniter.php(444): CodeIgniter\CodeIgniter->runController(Object(App\Controllers\Producto))
#7 C:\xampp\htdocs\almsis\system\CodeIgniter.php(344): CodeIgniter\CodeIgniter->handleRequest(NULL, Object(Config\Cache), false)
#8 C:\xampp\htdocs\almsis\index.php(36): CodeIgniter\CodeIgniter->run()
#9 {main}
CRITICAL - 2023-12-18 09:21:20 --> Undefined array key "nota"
#0 C:\xampp\htdocs\almsis\app\Views\producto\modalDetalle.php(86): CodeIgniter\Debug\Exceptions->errorHandler(2, 'Undefined array...', 'C:\\xampp\\htdocs...', 86)
#1 C:\xampp\htdocs\almsis\system\View\View.php(220): include('C:\\xampp\\htdocs...')
#2 C:\xampp\htdocs\almsis\system\View\View.php(222): CodeIgniter\View\View->CodeIgniter\View\{closure}()
#3 C:\xampp\htdocs\almsis\system\Common.php(1250): CodeIgniter\View\View->render('producto/modalD...', Array, true)
#4 C:\xampp\htdocs\almsis\app\Controllers\Producto.php(513): view('producto/modalD...', Array)
#5 C:\xampp\htdocs\almsis\system\CodeIgniter.php(948): App\Controllers\Producto->detalleMov()
#6 C:\xampp\htdocs\almsis\system\CodeIgniter.php(444): CodeIgniter\CodeIgniter->runController(Object(App\Controllers\Producto))
#7 C:\xampp\htdocs\almsis\system\CodeIgniter.php(344): CodeIgniter\CodeIgniter->handleRequest(NULL, Object(Config\Cache), false)
#8 C:\xampp\htdocs\almsis\index.php(36): CodeIgniter\CodeIgniter->run()
#9 {main}
CRITICAL - 2023-12-18 09:45:30 --> Undefined array key "nota"
#0 C:\xampp\htdocs\almsis\app\Controllers\Salida.php(85): CodeIgniter\Debug\Exceptions->errorHandler(2, 'Undefined array...', 'C:\\xampp\\htdocs...', 85)
#1 C:\xampp\htdocs\almsis\system\CodeIgniter.php(948): App\Controllers\Salida->saveSalida()
#2 C:\xampp\htdocs\almsis\system\CodeIgniter.php(444): CodeIgniter\CodeIgniter->runController(Object(App\Controllers\Salida))
#3 C:\xampp\htdocs\almsis\system\CodeIgniter.php(344): CodeIgniter\CodeIgniter->handleRequest(NULL, Object(Config\Cache), false)
#4 C:\xampp\htdocs\almsis\index.php(36): CodeIgniter\CodeIgniter->run()
#5 {main}
CRITICAL - 2023-12-18 09:46:03 --> Undefined array key "nota"
#0 C:\xampp\htdocs\almsis\app\Controllers\Salida.php(85): CodeIgniter\Debug\Exceptions->errorHandler(2, 'Undefined array...', 'C:\\xampp\\htdocs...', 85)
#1 C:\xampp\htdocs\almsis\system\CodeIgniter.php(948): App\Controllers\Salida->saveSalida()
#2 C:\xampp\htdocs\almsis\system\CodeIgniter.php(444): CodeIgniter\CodeIgniter->runController(Object(App\Controllers\Salida))
#3 C:\xampp\htdocs\almsis\system\CodeIgniter.php(344): CodeIgniter\CodeIgniter->handleRequest(NULL, Object(Config\Cache), false)
#4 C:\xampp\htdocs\almsis\index.php(36): CodeIgniter\CodeIgniter->run()
#5 {main}
CRITICAL - 2023-12-18 09:50:07 --> Undefined array key "nota"
#0 C:\xampp\htdocs\almsis\app\Controllers\Salida.php(85): CodeIgniter\Debug\Exceptions->errorHandler(2, 'Undefined array...', 'C:\\xampp\\htdocs...', 85)
#1 C:\xampp\htdocs\almsis\system\CodeIgniter.php(948): App\Controllers\Salida->saveSalida()
#2 C:\xampp\htdocs\almsis\system\CodeIgniter.php(444): CodeIgniter\CodeIgniter->runController(Object(App\Controllers\Salida))
#3 C:\xampp\htdocs\almsis\system\CodeIgniter.php(344): CodeIgniter\CodeIgniter->handleRequest(NULL, Object(Config\Cache), false)
#4 C:\xampp\htdocs\almsis\index.php(36): CodeIgniter\CodeIgniter->run()
#5 {main}
