CRITICAL - 2024-09-23 14:14:31 --> Undefined variable $identrada
#0 C:\xampp\htdocs\almsis\app\Views\salidas\edit.php(48): CodeIgniter\Debug\Exceptions->errorHandler(2, 'Undefined varia...', 'C:\\xampp\\htdocs...', 48)
#1 C:\xampp\htdocs\almsis\system\View\View.php(220): include('C:\\xampp\\htdocs...')
#2 C:\xampp\htdocs\almsis\system\View\View.php(222): CodeIgniter\View\View->CodeIgniter\View\{closure}()
#3 C:\xampp\htdocs\almsis\system\Common.php(1250): CodeIgniter\View\View->render('salidas/edit', Array, true)
#4 C:\xampp\htdocs\almsis\app\Views\template\layout.php(24): view('salidas/edit')
#5 C:\xampp\htdocs\almsis\system\View\View.php(220): include('C:\\xampp\\htdocs...')
#6 C:\xampp\htdocs\almsis\system\View\View.php(222): CodeIgniter\View\View->CodeIgniter\View\{closure}()
#7 C:\xampp\htdocs\almsis\system\Common.php(1250): CodeIgniter\View\View->render('template/layout', Array, true)
#8 C:\xampp\htdocs\almsis\app\Controllers\Salida.php(138): view('template/layout', Array)
#9 C:\xampp\htdocs\almsis\system\CodeIgniter.php(948): App\Controllers\Salida->editSalida('899')
#10 C:\xampp\htdocs\almsis\system\CodeIgniter.php(444): CodeIgniter\CodeIgniter->runController(Object(App\Controllers\Salida))
#11 C:\xampp\htdocs\almsis\system\CodeIgniter.php(344): CodeIgniter\CodeIgniter->handleRequest(NULL, Object(Config\Cache), false)
#12 C:\xampp\htdocs\almsis\index.php(36): CodeIgniter\CodeIgniter->run()
#13 {main}
CRITICAL - 2024-09-23 14:23:19 --> Undefined array key "pdf"
#0 C:\xampp\htdocs\almsis\app\Controllers\Salida.php(356): CodeIgniter\Debug\Exceptions->errorHandler(2, 'Undefined array...', 'C:\\xampp\\htdocs...', 356)
#1 C:\xampp\htdocs\almsis\system\CodeIgniter.php(948): App\Controllers\Salida->cargarPdf()
#2 C:\xampp\htdocs\almsis\system\CodeIgniter.php(444): CodeIgniter\CodeIgniter->runController(Object(App\Controllers\Salida))
#3 C:\xampp\htdocs\almsis\system\CodeIgniter.php(344): CodeIgniter\CodeIgniter->handleRequest(NULL, Object(Config\Cache), false)
#4 C:\xampp\htdocs\almsis\index.php(36): CodeIgniter\CodeIgniter->run()
#5 {main}
CRITICAL - 2024-09-23 14:23:45 --> Undefined array key "pdf"
#0 C:\xampp\htdocs\almsis\app\Controllers\Salida.php(356): CodeIgniter\Debug\Exceptions->errorHandler(2, 'Undefined array...', 'C:\\xampp\\htdocs...', 356)
#1 C:\xampp\htdocs\almsis\system\CodeIgniter.php(948): App\Controllers\Salida->cargarPdf()
#2 C:\xampp\htdocs\almsis\system\CodeIgniter.php(444): CodeIgniter\CodeIgniter->runController(Object(App\Controllers\Salida))
#3 C:\xampp\htdocs\almsis\system\CodeIgniter.php(344): CodeIgniter\CodeIgniter->handleRequest(NULL, Object(Config\Cache), false)
#4 C:\xampp\htdocs\almsis\index.php(36): CodeIgniter\CodeIgniter->run()
#5 {main}
CRITICAL - 2024-09-23 14:25:18 --> Undefined array key "pdf"
#0 C:\xampp\htdocs\almsis\app\Controllers\Salida.php(356): CodeIgniter\Debug\Exceptions->errorHandler(2, 'Undefined array...', 'C:\\xampp\\htdocs...', 356)
#1 C:\xampp\htdocs\almsis\system\CodeIgniter.php(948): App\Controllers\Salida->cargarPdf()
#2 C:\xampp\htdocs\almsis\system\CodeIgniter.php(444): CodeIgniter\CodeIgniter->runController(Object(App\Controllers\Salida))
#3 C:\xampp\htdocs\almsis\system\CodeIgniter.php(344): CodeIgniter\CodeIgniter->handleRequest(NULL, Object(Config\Cache), false)
#4 C:\xampp\htdocs\almsis\index.php(36): CodeIgniter\CodeIgniter->run()
#5 {main}
CRITICAL - 2024-09-23 14:25:34 --> Undefined array key "pdf"
#0 C:\xampp\htdocs\almsis\app\Controllers\Salida.php(356): CodeIgniter\Debug\Exceptions->errorHandler(2, 'Undefined array...', 'C:\\xampp\\htdocs...', 356)
#1 C:\xampp\htdocs\almsis\system\CodeIgniter.php(948): App\Controllers\Salida->cargarPdf()
#2 C:\xampp\htdocs\almsis\system\CodeIgniter.php(444): CodeIgniter\CodeIgniter->runController(Object(App\Controllers\Salida))
#3 C:\xampp\htdocs\almsis\system\CodeIgniter.php(344): CodeIgniter\CodeIgniter->handleRequest(NULL, Object(Config\Cache), false)
#4 C:\xampp\htdocs\almsis\index.php(36): CodeIgniter\CodeIgniter->run()
#5 {main}
CRITICAL - 2024-09-23 14:29:54 --> Undefined array key "pdf"
#0 C:\xampp\htdocs\almsis\app\Controllers\Salida.php(356): CodeIgniter\Debug\Exceptions->errorHandler(2, 'Undefined array...', 'C:\\xampp\\htdocs...', 356)
#1 C:\xampp\htdocs\almsis\system\CodeIgniter.php(948): App\Controllers\Salida->cargarPdf()
#2 C:\xampp\htdocs\almsis\system\CodeIgniter.php(444): CodeIgniter\CodeIgniter->runController(Object(App\Controllers\Salida))
#3 C:\xampp\htdocs\almsis\system\CodeIgniter.php(344): CodeIgniter\CodeIgniter->handleRequest(NULL, Object(Config\Cache), false)
#4 C:\xampp\htdocs\almsis\index.php(36): CodeIgniter\CodeIgniter->run()
#5 {main}
CRITICAL - 2024-09-23 14:30:04 --> Undefined array key "pdf"
#0 C:\xampp\htdocs\almsis\app\Controllers\Salida.php(356): CodeIgniter\Debug\Exceptions->errorHandler(2, 'Undefined array...', 'C:\\xampp\\htdocs...', 356)
#1 C:\xampp\htdocs\almsis\system\CodeIgniter.php(948): App\Controllers\Salida->cargarPdf()
#2 C:\xampp\htdocs\almsis\system\CodeIgniter.php(444): CodeIgniter\CodeIgniter->runController(Object(App\Controllers\Salida))
#3 C:\xampp\htdocs\almsis\system\CodeIgniter.php(344): CodeIgniter\CodeIgniter->handleRequest(NULL, Object(Config\Cache), false)
#4 C:\xampp\htdocs\almsis\index.php(36): CodeIgniter\CodeIgniter->run()
#5 {main}
CRITICAL - 2024-09-23 14:33:04 --> Undefined array key "pdf"
#0 C:\xampp\htdocs\almsis\app\Controllers\Salida.php(356): CodeIgniter\Debug\Exceptions->errorHandler(2, 'Undefined array...', 'C:\\xampp\\htdocs...', 356)
#1 C:\xampp\htdocs\almsis\system\CodeIgniter.php(948): App\Controllers\Salida->cargarPdf()
#2 C:\xampp\htdocs\almsis\system\CodeIgniter.php(444): CodeIgniter\CodeIgniter->runController(Object(App\Controllers\Salida))
#3 C:\xampp\htdocs\almsis\system\CodeIgniter.php(344): CodeIgniter\CodeIgniter->handleRequest(NULL, Object(Config\Cache), false)
#4 C:\xampp\htdocs\almsis\index.php(36): CodeIgniter\CodeIgniter->run()
#5 {main}
CRITICAL - 2024-09-23 14:33:25 --> Undefined array key "pdf"
#0 C:\xampp\htdocs\almsis\app\Controllers\Salida.php(356): CodeIgniter\Debug\Exceptions->errorHandler(2, 'Undefined array...', 'C:\\xampp\\htdocs...', 356)
#1 C:\xampp\htdocs\almsis\system\CodeIgniter.php(948): App\Controllers\Salida->cargarPdf()
#2 C:\xampp\htdocs\almsis\system\CodeIgniter.php(444): CodeIgniter\CodeIgniter->runController(Object(App\Controllers\Salida))
#3 C:\xampp\htdocs\almsis\system\CodeIgniter.php(344): CodeIgniter\CodeIgniter->handleRequest(NULL, Object(Config\Cache), false)
#4 C:\xampp\htdocs\almsis\index.php(36): CodeIgniter\CodeIgniter->run()
#5 {main}
CRITICAL - 2024-09-23 14:34:51 --> Undefined array key "pdf"
#0 C:\xampp\htdocs\almsis\app\Controllers\Salida.php(356): CodeIgniter\Debug\Exceptions->errorHandler(2, 'Undefined array...', 'C:\\xampp\\htdocs...', 356)
#1 C:\xampp\htdocs\almsis\system\CodeIgniter.php(948): App\Controllers\Salida->cargarPdf()
#2 C:\xampp\htdocs\almsis\system\CodeIgniter.php(444): CodeIgniter\CodeIgniter->runController(Object(App\Controllers\Salida))
#3 C:\xampp\htdocs\almsis\system\CodeIgniter.php(344): CodeIgniter\CodeIgniter->handleRequest(NULL, Object(Config\Cache), false)
#4 C:\xampp\htdocs\almsis\index.php(36): CodeIgniter\CodeIgniter->run()
#5 {main}
CRITICAL - 2024-09-23 14:35:32 --> Undefined array key "pdf"
#0 C:\xampp\htdocs\almsis\app\Controllers\Salida.php(356): CodeIgniter\Debug\Exceptions->errorHandler(2, 'Undefined array...', 'C:\\xampp\\htdocs...', 356)
#1 C:\xampp\htdocs\almsis\system\CodeIgniter.php(948): App\Controllers\Salida->cargarPdf()
#2 C:\xampp\htdocs\almsis\system\CodeIgniter.php(444): CodeIgniter\CodeIgniter->runController(Object(App\Controllers\Salida))
#3 C:\xampp\htdocs\almsis\system\CodeIgniter.php(344): CodeIgniter\CodeIgniter->handleRequest(NULL, Object(Config\Cache), false)
#4 C:\xampp\htdocs\almsis\index.php(36): CodeIgniter\CodeIgniter->run()
#5 {main}
CRITICAL - 2024-09-23 14:38:34 --> Undefined array key "pdf"
#0 C:\xampp\htdocs\almsis\app\Controllers\Salida.php(356): CodeIgniter\Debug\Exceptions->errorHandler(2, 'Undefined array...', 'C:\\xampp\\htdocs...', 356)
#1 C:\xampp\htdocs\almsis\system\CodeIgniter.php(948): App\Controllers\Salida->cargarPdf()
#2 C:\xampp\htdocs\almsis\system\CodeIgniter.php(444): CodeIgniter\CodeIgniter->runController(Object(App\Controllers\Salida))
#3 C:\xampp\htdocs\almsis\system\CodeIgniter.php(344): CodeIgniter\CodeIgniter->handleRequest(NULL, Object(Config\Cache), false)
#4 C:\xampp\htdocs\almsis\index.php(36): CodeIgniter\CodeIgniter->run()
#5 {main}
CRITICAL - 2024-09-23 14:39:04 --> Undefined array key "pdf"
#0 C:\xampp\htdocs\almsis\app\Controllers\Salida.php(356): CodeIgniter\Debug\Exceptions->errorHandler(2, 'Undefined array...', 'C:\\xampp\\htdocs...', 356)
#1 C:\xampp\htdocs\almsis\system\CodeIgniter.php(948): App\Controllers\Salida->cargarPdf()
#2 C:\xampp\htdocs\almsis\system\CodeIgniter.php(444): CodeIgniter\CodeIgniter->runController(Object(App\Controllers\Salida))
#3 C:\xampp\htdocs\almsis\system\CodeIgniter.php(344): CodeIgniter\CodeIgniter->handleRequest(NULL, Object(Config\Cache), false)
#4 C:\xampp\htdocs\almsis\index.php(36): CodeIgniter\CodeIgniter->run()
#5 {main}
CRITICAL - 2024-09-23 14:40:51 --> You must set the database table to be used with your query.
#0 C:\xampp\htdocs\almsis\system\Model.php(587): CodeIgniter\Database\BaseConnection->table(NULL)
#1 C:\xampp\htdocs\almsis\system\Model.php(783): CodeIgniter\Model->builder()
#2 C:\xampp\htdocs\almsis\app\Controllers\Salida.php(294): CodeIgniter\Model->__call('getEntrada', Array)
#3 C:\xampp\htdocs\almsis\system\CodeIgniter.php(948): App\Controllers\Salida->procesaPdf()
#4 C:\xampp\htdocs\almsis\system\CodeIgniter.php(444): CodeIgniter\CodeIgniter->runController(Object(App\Controllers\Salida))
#5 C:\xampp\htdocs\almsis\system\CodeIgniter.php(344): CodeIgniter\CodeIgniter->handleRequest(NULL, Object(Config\Cache), false)
#6 C:\xampp\htdocs\almsis\index.php(36): CodeIgniter\CodeIgniter->run()
#7 {main}
