CRITICAL - 2021-10-05 14:12:16 --> Invalid file: inicio.php
#0 C:\xampp\htdocs\almexterno\system\View\View.php(203): CodeIgniter\Exceptions\FrameworkException::forInvalidFile('inicio.php')
#1 C:\xampp\htdocs\almexterno\system\Common.php(1250): CodeIgniter\View\View->render('inicio', Array, true)
#2 C:\xampp\htdocs\almexterno\app\Views\template\layout.php(7): view('inicio')
#3 C:\xampp\htdocs\almexterno\system\View\View.php(220): include('C:\\xampp\\htdocs...')
#4 C:\xampp\htdocs\almexterno\system\View\View.php(222): CodeIgniter\View\View->CodeIgniter\View\{closure}()
#5 C:\xampp\htdocs\almexterno\system\Common.php(1250): CodeIgniter\View\View->render('template/layout', Array, true)
#6 C:\xampp\htdocs\almexterno\app\Controllers\Inicio.php(15): view('template/layout', Array)
#7 C:\xampp\htdocs\almexterno\system\CodeIgniter.php(948): App\Controllers\Inicio->index()
#8 C:\xampp\htdocs\almexterno\system\CodeIgniter.php(444): CodeIgniter\CodeIgniter->runController(Object(App\Controllers\Inicio))
#9 C:\xampp\htdocs\almexterno\system\CodeIgniter.php(344): CodeIgniter\CodeIgniter->handleRequest(NULL, Object(Config\Cache), false)
#10 C:\xampp\htdocs\almexterno\index.php(36): CodeIgniter\CodeIgniter->run()
#11 {main}
CRITICAL - 2021-10-05 14:21:38 --> Use of undefined constant NOMBRE_SITIO - assumed 'NOMBRE_SITIO' (this will throw an Error in a future version of PHP)
#0 C:\xampp\htdocs\almexterno\app\Views\index.php(13): CodeIgniter\Debug\Exceptions->errorHandler(2, 'Use of undefine...', 'C:\\xampp\\htdocs...', 13, Array)
#1 C:\xampp\htdocs\almexterno\system\View\View.php(220): include('C:\\xampp\\htdocs...')
#2 C:\xampp\htdocs\almexterno\system\View\View.php(222): CodeIgniter\View\View->CodeIgniter\View\{closure}()
#3 C:\xampp\htdocs\almexterno\system\Common.php(1250): CodeIgniter\View\View->render('index', Array, true)
#4 C:\xampp\htdocs\almexterno\app\Controllers\Inicio.php(17): view('index')
#5 C:\xampp\htdocs\almexterno\system\CodeIgniter.php(948): App\Controllers\Inicio->index()
#6 C:\xampp\htdocs\almexterno\system\CodeIgniter.php(444): CodeIgniter\CodeIgniter->runController(Object(App\Controllers\Inicio))
#7 C:\xampp\htdocs\almexterno\system\CodeIgniter.php(344): CodeIgniter\CodeIgniter->handleRequest(NULL, Object(Config\Cache), false)
#8 C:\xampp\htdocs\almexterno\index.php(36): CodeIgniter\CodeIgniter->run()
#9 {main}
CRITICAL - 2021-10-05 14:23:51 --> Use of undefined constant BASE_URL - assumed 'BASE_URL' (this will throw an Error in a future version of PHP)
#0 C:\xampp\htdocs\almexterno\app\Views\index.php(15): CodeIgniter\Debug\Exceptions->errorHandler(2, 'Use of undefine...', 'C:\\xampp\\htdocs...', 15, Array)
#1 C:\xampp\htdocs\almexterno\system\View\View.php(220): include('C:\\xampp\\htdocs...')
#2 C:\xampp\htdocs\almexterno\system\View\View.php(222): CodeIgniter\View\View->CodeIgniter\View\{closure}()
#3 C:\xampp\htdocs\almexterno\system\Common.php(1250): CodeIgniter\View\View->render('index', Array, true)
#4 C:\xampp\htdocs\almexterno\app\Controllers\Inicio.php(17): view('index')
#5 C:\xampp\htdocs\almexterno\system\CodeIgniter.php(948): App\Controllers\Inicio->index()
#6 C:\xampp\htdocs\almexterno\system\CodeIgniter.php(444): CodeIgniter\CodeIgniter->runController(Object(App\Controllers\Inicio))
#7 C:\xampp\htdocs\almexterno\system\CodeIgniter.php(344): CodeIgniter\CodeIgniter->handleRequest(NULL, Object(Config\Cache), false)
#8 C:\xampp\htdocs\almexterno\index.php(36): CodeIgniter\CodeIgniter->run()
#9 {main}
